nohup: 忽略输入
/data1/anaconda3/lib/python3.6/site-packages/tensorflow/python/framework/dtypes.py:516: FutureWarning: Passing (type, 1) or '1type' as a synonym of type is deprecated; in a future version of numpy, it will be understood as (type, (1,)) / '(1,)type'.
  _np_qint8 = np.dtype([("qint8", np.int8, 1)])
/data1/anaconda3/lib/python3.6/site-packages/tensorflow/python/framework/dtypes.py:517: FutureWarning: Passing (type, 1) or '1type' as a synonym of type is deprecated; in a future version of numpy, it will be understood as (type, (1,)) / '(1,)type'.
  _np_quint8 = np.dtype([("quint8", np.uint8, 1)])
/data1/anaconda3/lib/python3.6/site-packages/tensorflow/python/framework/dtypes.py:518: FutureWarning: Passing (type, 1) or '1type' as a synonym of type is deprecated; in a future version of numpy, it will be understood as (type, (1,)) / '(1,)type'.
  _np_qint16 = np.dtype([("qint16", np.int16, 1)])
/data1/anaconda3/lib/python3.6/site-packages/tensorflow/python/framework/dtypes.py:519: FutureWarning: Passing (type, 1) or '1type' as a synonym of type is deprecated; in a future version of numpy, it will be understood as (type, (1,)) / '(1,)type'.
  _np_quint16 = np.dtype([("quint16", np.uint16, 1)])
/data1/anaconda3/lib/python3.6/site-packages/tensorflow/python/framework/dtypes.py:520: FutureWarning: Passing (type, 1) or '1type' as a synonym of type is deprecated; in a future version of numpy, it will be understood as (type, (1,)) / '(1,)type'.
  _np_qint32 = np.dtype([("qint32", np.int32, 1)])
/data1/anaconda3/lib/python3.6/site-packages/tensorflow/python/framework/dtypes.py:525: FutureWarning: Passing (type, 1) or '1type' as a synonym of type is deprecated; in a future version of numpy, it will be understood as (type, (1,)) / '(1,)type'.
  np_resource = np.dtype([("resource", np.ubyte, 1)])
/data1/anaconda3/lib/python3.6/site-packages/tensorboard/compat/tensorflow_stub/dtypes.py:541: FutureWarning: Passing (type, 1) or '1type' as a synonym of type is deprecated; in a future version of numpy, it will be understood as (type, (1,)) / '(1,)type'.
  _np_qint8 = np.dtype([("qint8", np.int8, 1)])
/data1/anaconda3/lib/python3.6/site-packages/tensorboard/compat/tensorflow_stub/dtypes.py:542: FutureWarning: Passing (type, 1) or '1type' as a synonym of type is deprecated; in a future version of numpy, it will be understood as (type, (1,)) / '(1,)type'.
  _np_quint8 = np.dtype([("quint8", np.uint8, 1)])
/data1/anaconda3/lib/python3.6/site-packages/tensorboard/compat/tensorflow_stub/dtypes.py:543: FutureWarning: Passing (type, 1) or '1type' as a synonym of type is deprecated; in a future version of numpy, it will be understood as (type, (1,)) / '(1,)type'.
  _np_qint16 = np.dtype([("qint16", np.int16, 1)])
/data1/anaconda3/lib/python3.6/site-packages/tensorboard/compat/tensorflow_stub/dtypes.py:544: FutureWarning: Passing (type, 1) or '1type' as a synonym of type is deprecated; in a future version of numpy, it will be understood as (type, (1,)) / '(1,)type'.
  _np_quint16 = np.dtype([("quint16", np.uint16, 1)])
/data1/anaconda3/lib/python3.6/site-packages/tensorboard/compat/tensorflow_stub/dtypes.py:545: FutureWarning: Passing (type, 1) or '1type' as a synonym of type is deprecated; in a future version of numpy, it will be understood as (type, (1,)) / '(1,)type'.
  _np_qint32 = np.dtype([("qint32", np.int32, 1)])
/data1/anaconda3/lib/python3.6/site-packages/tensorboard/compat/tensorflow_stub/dtypes.py:550: FutureWarning: Passing (type, 1) or '1type' as a synonym of type is deprecated; in a future version of numpy, it will be understood as (type, (1,)) / '(1,)type'.
  np_resource = np.dtype([("resource", np.ubyte, 1)])
>>>>>>>>>>> Namespace(batch_size=1024, click_path='../data/raw/click.csv', clip_max_value=40.0, clip_min_value=-40.0, compu_type='thread', data_folder='../data/handled/', dims='256-32', dqn_dims='256-32', dqn_lr=0.001, dqn_type='offline', embedding_path='/data1/ai-recall/bpr/model/', env_std=0.001, epoch=10, exposure_path='../data/raw/exposure.csv', gamma=0.98, init_learning_rate=0.01, k=10, learning_rate=0.001, min_value=-1000000000.0, model_path='../model/dqn/', noclick_weight=0.3, num_iters=50, num_thread=1, pw_band_size=20, pw_dim=4, q_std=0.01, random_seed=1126, resplit=False, rnn_hidden_dim=20, sample_batch_size=1024, save_dir='../model/save_dir/', threshold=0.97, train_time_horizon=15, training_batch_size=1024, user_model='PW', vali_batch_size=2000, vali_time_horizon=15) <<<<<<<<<<<<<<<<<<<<<<
WARNING:tensorflow:From /data2/project/RL/GAN_RL/yjp/code/env.py:47: The name tf.GPUOptions is deprecated. Please use tf.compat.v1.GPUOptions instead.

WARNING:tensorflow:From /data2/project/RL/GAN_RL/yjp/code/env.py:48: The name tf.ConfigProto is deprecated. Please use tf.compat.v1.ConfigProto instead.

WARNING:tensorflow:From /data2/project/RL/GAN_RL/yjp/code/env.py:49: The name tf.Session is deprecated. Please use tf.compat.v1.Session instead.

2021-06-29 09:53:42.045342: I tensorflow/core/platform/cpu_feature_guard.cc:142] Your CPU supports instructions that this TensorFlow binary was not compiled to use: SSE4.1 SSE4.2 AVX AVX2 AVX512F FMA
2021-06-29 09:53:42.056910: I tensorflow/core/platform/profile_utils/cpu_utils.cc:94] CPU Frequency: 2100000000 Hz
2021-06-29 09:53:42.061054: I tensorflow/compiler/xla/service/service.cc:168] XLA service 0x55e72024b7a0 executing computations on platform Host. Devices:
2021-06-29 09:53:42.061117: I tensorflow/compiler/xla/service/service.cc:175]   StreamExecutor device (0): <undefined>, <undefined>
2021-06-29 09:53:42.062550: I tensorflow/stream_executor/platform/default/dso_loader.cc:42] Successfully opened dynamic library libcuda.so.1
2021-06-29 09:53:42.067182: I tensorflow/core/common_runtime/gpu/gpu_device.cc:1640] Found device 0 with properties: 
name: Tesla P40 major: 6 minor: 1 memoryClockRate(GHz): 1.531
pciBusID: 0000:37:00.0
2021-06-29 09:53:42.067438: I tensorflow/stream_executor/platform/default/dso_loader.cc:42] Successfully opened dynamic library libcudart.so.10.1
2021-06-29 09:53:42.069888: I tensorflow/stream_executor/platform/default/dso_loader.cc:42] Successfully opened dynamic library libcublas.so.10
2021-06-29 09:53:42.072485: I tensorflow/stream_executor/platform/default/dso_loader.cc:42] Successfully opened dynamic library libcufft.so.10
2021-06-29 09:53:42.072807: I tensorflow/stream_executor/platform/default/dso_loader.cc:42] Successfully opened dynamic library libcurand.so.10
2021-06-29 09:53:42.075597: I tensorflow/stream_executor/platform/default/dso_loader.cc:42] Successfully opened dynamic library libcusolver.so.10
2021-06-29 09:53:42.076890: I tensorflow/stream_executor/platform/default/dso_loader.cc:42] Successfully opened dynamic library libcusparse.so.10
2021-06-29 09:53:42.082673: I tensorflow/stream_executor/platform/default/dso_loader.cc:42] Successfully opened dynamic library libcudnn.so.7
2021-06-29 09:53:42.083939: I tensorflow/core/common_runtime/gpu/gpu_device.cc:1763] Adding visible gpu devices: 0
2021-06-29 09:53:42.083980: I tensorflow/stream_executor/platform/default/dso_loader.cc:42] Successfully opened dynamic library libcudart.so.10.1
2021-06-29 09:53:42.177979: I tensorflow/core/common_runtime/gpu/gpu_device.cc:1181] Device interconnect StreamExecutor with strength 1 edge matrix:
2021-06-29 09:53:42.178029: I tensorflow/core/common_runtime/gpu/gpu_device.cc:1187]      0 
2021-06-29 09:53:42.178045: I tensorflow/core/common_runtime/gpu/gpu_device.cc:1200] 0:   N 
2021-06-29 09:53:42.179961: I tensorflow/core/common_runtime/gpu/gpu_device.cc:1326] Created TensorFlow device (/job:localhost/replica:0/task:0/device:GPU:0 with 11459 MB memory) -> physical GPU (device: 0, name: Tesla P40, pci bus id: 0000:37:00.0, compute capability: 6.1)
2021-06-29 09:53:42.183485: I tensorflow/compiler/xla/service/service.cc:168] XLA service 0x55e720d80250 executing computations on platform CUDA. Devices:
2021-06-29 09:53:42.183515: I tensorflow/compiler/xla/service/service.cc:175]   StreamExecutor device (0): Tesla P40, Compute Capability 6.1
['_k', 10, '_noclick_weight', 0.3]
WARNING:tensorflow:From /data2/project/RL/GAN_RL/yjp/code/env.py:106: dense (from tensorflow.python.layers.core) is deprecated and will be removed in a future version.
Instructions for updating:
Use keras.layers.dense instead.
WARNING:tensorflow:Entity <bound method Dense.call of <tensorflow.python.layers.core.Dense object at 0x7fd76a62dac8>> could not be transformed and will be executed as-is. Please report this to the AutgoGraph team. When filing the bug, set the verbosity to 10 (on Linux, `export AUTOGRAPH_VERBOSITY=10`) and attach the full output. Cause: converting <bound method Dense.call of <tensorflow.python.layers.core.Dense object at 0x7fd76a62dac8>>: AttributeError: module 'gast' has no attribute 'Index'
WARNING:tensorflow:Entity <bound method Dense.call of <tensorflow.python.layers.core.Dense object at 0x7fd76a62dac8>> could not be transformed and will be executed as-is. Please report this to the AutgoGraph team. When filing the bug, set the verbosity to 10 (on Linux, `export AUTOGRAPH_VERBOSITY=10`) and attach the full output. Cause: converting <bound method Dense.call of <tensorflow.python.layers.core.Dense object at 0x7fd76a62dac8>>: AttributeError: module 'gast' has no attribute 'Index'
WARNING:tensorflow:Entity <bound method Dense.call of <tensorflow.python.layers.core.Dense object at 0x7fd76a6101d0>> could not be transformed and will be executed as-is. Please report this to the AutgoGraph team. When filing the bug, set the verbosity to 10 (on Linux, `export AUTOGRAPH_VERBOSITY=10`) and attach the full output. Cause: converting <bound method Dense.call of <tensorflow.python.layers.core.Dense object at 0x7fd76a6101d0>>: AttributeError: module 'gast' has no attribute 'Index'
WARNING:tensorflow:From /data2/project/RL/GAN_RL/yjp/code/env.py:148: div (from tensorflow.python.ops.math_ops) is deprecated and will be removed in a future version.
Instructions for updating:
Deprecated in favor of operator or tf.math.divide.
WARNING:tensorflow:From /data2/project/RL/GAN_RL/yjp/code/env.py:190: The name tf.variables_initializer is deprecated. Please use tf.compat.v1.variables_initializer instead.

2021-06-29 09:54:01.989913: E tensorflow/stream_executor/cuda/cuda_driver.cc:828] failed to allocate 11.19G (12016189440 bytes) from device: CUDA_ERROR_OUT_OF_MEMORY: out of memory
WARNING:tensorflow:From /data1/anaconda3/lib/python3.6/site-packages/tensorflow/python/training/saver.py:1276: checkpoint_exists (from tensorflow.python.training.checkpoint_management) is deprecated and will be removed in a future version.
Instructions for updating:
Use standard file APIs to check for files with this prefix.
model:../model/save_dir/PW/best-loss loaded success!!!!
2021-06-29 09:54:02.636046: I tensorflow/core/common_runtime/gpu/gpu_device.cc:1640] Found device 0 with properties: 
name: Tesla P40 major: 6 minor: 1 memoryClockRate(GHz): 1.531
pciBusID: 0000:37:00.0
2021-06-29 09:54:02.636119: I tensorflow/stream_executor/platform/default/dso_loader.cc:42] Successfully opened dynamic library libcudart.so.10.1
2021-06-29 09:54:02.636142: I tensorflow/stream_executor/platform/default/dso_loader.cc:42] Successfully opened dynamic library libcublas.so.10
2021-06-29 09:54:02.636168: I tensorflow/stream_executor/platform/default/dso_loader.cc:42] Successfully opened dynamic library libcufft.so.10
2021-06-29 09:54:02.636189: I tensorflow/stream_executor/platform/default/dso_loader.cc:42] Successfully opened dynamic library libcurand.so.10
2021-06-29 09:54:02.636207: I tensorflow/stream_executor/platform/default/dso_loader.cc:42] Successfully opened dynamic library libcusolver.so.10
2021-06-29 09:54:02.636225: I tensorflow/stream_executor/platform/default/dso_loader.cc:42] Successfully opened dynamic library libcusparse.so.10
2021-06-29 09:54:02.636246: I tensorflow/stream_executor/platform/default/dso_loader.cc:42] Successfully opened dynamic library libcudnn.so.7
2021-06-29 09:54:02.637156: I tensorflow/core/common_runtime/gpu/gpu_device.cc:1763] Adding visible gpu devices: 0
2021-06-29 09:54:02.637196: I tensorflow/core/common_runtime/gpu/gpu_device.cc:1181] Device interconnect StreamExecutor with strength 1 edge matrix:
2021-06-29 09:54:02.637208: I tensorflow/core/common_runtime/gpu/gpu_device.cc:1187]      0 
2021-06-29 09:54:02.637226: I tensorflow/core/common_runtime/gpu/gpu_device.cc:1200] 0:   N 
2021-06-29 09:54:02.638163: I tensorflow/core/common_runtime/gpu/gpu_device.cc:1326] Created TensorFlow device (/job:localhost/replica:0/task:0/device:GPU:0 with 11459 MB memory) -> physical GPU (device: 0, name: Tesla P40, pci bus id: 0000:37:00.0, compute capability: 6.1)
WARNING:tensorflow:From /data2/project/RL/GAN_RL/yjp/code/dqn.py:36: The name tf.train.get_or_create_global_step is deprecated. Please use tf.compat.v1.train.get_or_create_global_step instead.

WARNING:tensorflow:From /data2/project/RL/GAN_RL/yjp/code/dqn.py:132: The name tf.trainable_variables is deprecated. Please use tf.compat.v1.trainable_variables instead.

WARNING:tensorflow:Entity <bound method Dense.call of <tensorflow.python.layers.core.Dense object at 0x7fd479575f60>> could not be transformed and will be executed as-is. Please report this to the AutgoGraph team. When filing the bug, set the verbosity to 10 (on Linux, `export AUTOGRAPH_VERBOSITY=10`) and attach the full output. Cause: converting <bound method Dense.call of <tensorflow.python.layers.core.Dense object at 0x7fd479575f60>>: AttributeError: module 'gast' has no attribute 'Index'
WARNING:tensorflow:Entity <bound method Dense.call of <tensorflow.python.layers.core.Dense object at 0x7fd479575f60>> could not be transformed and will be executed as-is. Please report this to the AutgoGraph team. When filing the bug, set the verbosity to 10 (on Linux, `export AUTOGRAPH_VERBOSITY=10`) and attach the full output. Cause: converting <bound method Dense.call of <tensorflow.python.layers.core.Dense object at 0x7fd479575f60>>: AttributeError: module 'gast' has no attribute 'Index'
WARNING:tensorflow:Entity <bound method Dense.call of <tensorflow.python.layers.core.Dense object at 0x7fd479575f98>> could not be transformed and will be executed as-is. Please report this to the AutgoGraph team. When filing the bug, set the verbosity to 10 (on Linux, `export AUTOGRAPH_VERBOSITY=10`) and attach the full output. Cause: converting <bound method Dense.call of <tensorflow.python.layers.core.Dense object at 0x7fd479575f98>>: AttributeError: module 'gast' has no attribute 'Index'
WARNING:tensorflow:From /data2/project/RL/GAN_RL/yjp/code/dqn.py:143: The name tf.train.AdamOptimizer is deprecated. Please use tf.compat.v1.train.AdamOptimizer instead.

WARNING:tensorflow:Entity <bound method Dense.call of <tensorflow.python.layers.core.Dense object at 0x7fd4794a0550>> could not be transformed and will be executed as-is. Please report this to the AutgoGraph team. When filing the bug, set the verbosity to 10 (on Linux, `export AUTOGRAPH_VERBOSITY=10`) and attach the full output. Cause: converting <bound method Dense.call of <tensorflow.python.layers.core.Dense object at 0x7fd4794a0550>>: AttributeError: module 'gast' has no attribute 'Index'
WARNING:tensorflow:Entity <bound method Dense.call of <tensorflow.python.layers.core.Dense object at 0x7fd6d004ec50>> could not be transformed and will be executed as-is. Please report this to the AutgoGraph team. When filing the bug, set the verbosity to 10 (on Linux, `export AUTOGRAPH_VERBOSITY=10`) and attach the full output. Cause: converting <bound method Dense.call of <tensorflow.python.layers.core.Dense object at 0x7fd6d004ec50>>: AttributeError: module 'gast' has no attribute 'Index'
WARNING:tensorflow:Entity <bound method Dense.call of <tensorflow.python.layers.core.Dense object at 0x7fd6d00f4e48>> could not be transformed and will be executed as-is. Please report this to the AutgoGraph team. When filing the bug, set the verbosity to 10 (on Linux, `export AUTOGRAPH_VERBOSITY=10`) and attach the full output. Cause: converting <bound method Dense.call of <tensorflow.python.layers.core.Dense object at 0x7fd6d00f4e48>>: AttributeError: module 'gast' has no attribute 'Index'
WARNING:tensorflow:Entity <bound method Dense.call of <tensorflow.python.layers.core.Dense object at 0x7fd4794a0908>> could not be transformed and will be executed as-is. Please report this to the AutgoGraph team. When filing the bug, set the verbosity to 10 (on Linux, `export AUTOGRAPH_VERBOSITY=10`) and attach the full output. Cause: converting <bound method Dense.call of <tensorflow.python.layers.core.Dense object at 0x7fd4794a0908>>: AttributeError: module 'gast' has no attribute 'Index'
WARNING:tensorflow:Entity <bound method Dense.call of <tensorflow.python.layers.core.Dense object at 0x7fd47b3e4d30>> could not be transformed and will be executed as-is. Please report this to the AutgoGraph team. When filing the bug, set the verbosity to 10 (on Linux, `export AUTOGRAPH_VERBOSITY=10`) and attach the full output. Cause: converting <bound method Dense.call of <tensorflow.python.layers.core.Dense object at 0x7fd47b3e4d30>>: AttributeError: module 'gast' has no attribute 'Index'
WARNING:tensorflow:Entity <bound method Dense.call of <tensorflow.python.layers.core.Dense object at 0x7fd6d004ec50>> could not be transformed and will be executed as-is. Please report this to the AutgoGraph team. When filing the bug, set the verbosity to 10 (on Linux, `export AUTOGRAPH_VERBOSITY=10`) and attach the full output. Cause: converting <bound method Dense.call of <tensorflow.python.layers.core.Dense object at 0x7fd6d004ec50>>: AttributeError: module 'gast' has no attribute 'Index'
WARNING:tensorflow:Entity <bound method Dense.call of <tensorflow.python.layers.core.Dense object at 0x7fd479a966d8>> could not be transformed and will be executed as-is. Please report this to the AutgoGraph team. When filing the bug, set the verbosity to 10 (on Linux, `export AUTOGRAPH_VERBOSITY=10`) and attach the full output. Cause: converting <bound method Dense.call of <tensorflow.python.layers.core.Dense object at 0x7fd479a966d8>>: AttributeError: module 'gast' has no attribute 'Index'
WARNING:tensorflow:Entity <bound method Dense.call of <tensorflow.python.layers.core.Dense object at 0x7fd4796adb38>> could not be transformed and will be executed as-is. Please report this to the AutgoGraph team. When filing the bug, set the verbosity to 10 (on Linux, `export AUTOGRAPH_VERBOSITY=10`) and attach the full output. Cause: converting <bound method Dense.call of <tensorflow.python.layers.core.Dense object at 0x7fd4796adb38>>: AttributeError: module 'gast' has no attribute 'Index'
WARNING:tensorflow:Entity <bound method Dense.call of <tensorflow.python.layers.core.Dense object at 0x7fd4794ef9b0>> could not be transformed and will be executed as-is. Please report this to the AutgoGraph team. When filing the bug, set the verbosity to 10 (on Linux, `export AUTOGRAPH_VERBOSITY=10`) and attach the full output. Cause: converting <bound method Dense.call of <tensorflow.python.layers.core.Dense object at 0x7fd4794ef9b0>>: AttributeError: module 'gast' has no attribute 'Index'
WARNING:tensorflow:Entity <bound method Dense.call of <tensorflow.python.layers.core.Dense object at 0x7fd47967f160>> could not be transformed and will be executed as-is. Please report this to the AutgoGraph team. When filing the bug, set the verbosity to 10 (on Linux, `export AUTOGRAPH_VERBOSITY=10`) and attach the full output. Cause: converting <bound method Dense.call of <tensorflow.python.layers.core.Dense object at 0x7fd47967f160>>: AttributeError: module 'gast' has no attribute 'Index'
WARNING:tensorflow:Entity <bound method Dense.call of <tensorflow.python.layers.core.Dense object at 0x7fd47967f160>> could not be transformed and will be executed as-is. Please report this to the AutgoGraph team. When filing the bug, set the verbosity to 10 (on Linux, `export AUTOGRAPH_VERBOSITY=10`) and attach the full output. Cause: converting <bound method Dense.call of <tensorflow.python.layers.core.Dense object at 0x7fd47967f160>>: AttributeError: module 'gast' has no attribute 'Index'
WARNING:tensorflow:Entity <bound method Dense.call of <tensorflow.python.layers.core.Dense object at 0x7fd6bc65af98>> could not be transformed and will be executed as-is. Please report this to the AutgoGraph team. When filing the bug, set the verbosity to 10 (on Linux, `export AUTOGRAPH_VERBOSITY=10`) and attach the full output. Cause: converting <bound method Dense.call of <tensorflow.python.layers.core.Dense object at 0x7fd6bc65af98>>: AttributeError: module 'gast' has no attribute 'Index'
WARNING:tensorflow:Entity <bound method Dense.call of <tensorflow.python.layers.core.Dense object at 0x7fd6bc5f5eb8>> could not be transformed and will be executed as-is. Please report this to the AutgoGraph team. When filing the bug, set the verbosity to 10 (on Linux, `export AUTOGRAPH_VERBOSITY=10`) and attach the full output. Cause: converting <bound method Dense.call of <tensorflow.python.layers.core.Dense object at 0x7fd6bc5f5eb8>>: AttributeError: module 'gast' has no attribute 'Index'
WARNING:tensorflow:Entity <bound method Dense.call of <tensorflow.python.layers.core.Dense object at 0x7fd4803ad908>> could not be transformed and will be executed as-is. Please report this to the AutgoGraph team. When filing the bug, set the verbosity to 10 (on Linux, `export AUTOGRAPH_VERBOSITY=10`) and attach the full output. Cause: converting <bound method Dense.call of <tensorflow.python.layers.core.Dense object at 0x7fd4803ad908>>: AttributeError: module 'gast' has no attribute 'Index'
WARNING:tensorflow:Entity <bound method Dense.call of <tensorflow.python.layers.core.Dense object at 0x7fd482917f60>> could not be transformed and will be executed as-is. Please report this to the AutgoGraph team. When filing the bug, set the verbosity to 10 (on Linux, `export AUTOGRAPH_VERBOSITY=10`) and attach the full output. Cause: converting <bound method Dense.call of <tensorflow.python.layers.core.Dense object at 0x7fd482917f60>>: AttributeError: module 'gast' has no attribute 'Index'
WARNING:tensorflow:Entity <bound method Dense.call of <tensorflow.python.layers.core.Dense object at 0x7fd47f0bf278>> could not be transformed and will be executed as-is. Please report this to the AutgoGraph team. When filing the bug, set the verbosity to 10 (on Linux, `export AUTOGRAPH_VERBOSITY=10`) and attach the full output. Cause: converting <bound method Dense.call of <tensorflow.python.layers.core.Dense object at 0x7fd47f0bf278>>: AttributeError: module 'gast' has no attribute 'Index'
WARNING:tensorflow:Entity <bound method Dense.call of <tensorflow.python.layers.core.Dense object at 0x7fd47e3b5710>> could not be transformed and will be executed as-is. Please report this to the AutgoGraph team. When filing the bug, set the verbosity to 10 (on Linux, `export AUTOGRAPH_VERBOSITY=10`) and attach the full output. Cause: converting <bound method Dense.call of <tensorflow.python.layers.core.Dense object at 0x7fd47e3b5710>>: AttributeError: module 'gast' has no attribute 'Index'
WARNING:tensorflow:Entity <bound method Dense.call of <tensorflow.python.layers.core.Dense object at 0x7fd479670a20>> could not be transformed and will be executed as-is. Please report this to the AutgoGraph team. When filing the bug, set the verbosity to 10 (on Linux, `export AUTOGRAPH_VERBOSITY=10`) and attach the full output. Cause: converting <bound method Dense.call of <tensorflow.python.layers.core.Dense object at 0x7fd479670a20>>: AttributeError: module 'gast' has no attribute 'Index'
WARNING:tensorflow:Entity <bound method Dense.call of <tensorflow.python.layers.core.Dense object at 0x7fd47f0bf3c8>> could not be transformed and will be executed as-is. Please report this to the AutgoGraph team. When filing the bug, set the verbosity to 10 (on Linux, `export AUTOGRAPH_VERBOSITY=10`) and attach the full output. Cause: converting <bound method Dense.call of <tensorflow.python.layers.core.Dense object at 0x7fd47f0bf3c8>>: AttributeError: module 'gast' has no attribute 'Index'
WARNING:tensorflow:Entity <bound method Dense.call of <tensorflow.python.layers.core.Dense object at 0x7fd47f0bf3c8>> could not be transformed and will be executed as-is. Please report this to the AutgoGraph team. When filing the bug, set the verbosity to 10 (on Linux, `export AUTOGRAPH_VERBOSITY=10`) and attach the full output. Cause: converting <bound method Dense.call of <tensorflow.python.layers.core.Dense object at 0x7fd47f0bf3c8>>: AttributeError: module 'gast' has no attribute 'Index'
WARNING:tensorflow:Entity <bound method Dense.call of <tensorflow.python.layers.core.Dense object at 0x7fd6bc745390>> could not be transformed and will be executed as-is. Please report this to the AutgoGraph team. When filing the bug, set the verbosity to 10 (on Linux, `export AUTOGRAPH_VERBOSITY=10`) and attach the full output. Cause: converting <bound method Dense.call of <tensorflow.python.layers.core.Dense object at 0x7fd6bc745390>>: AttributeError: module 'gast' has no attribute 'Index'
WARNING:tensorflow:Entity <bound method Dense.call of <tensorflow.python.layers.core.Dense object at 0x7fd47ce4eba8>> could not be transformed and will be executed as-is. Please report this to the AutgoGraph team. When filing the bug, set the verbosity to 10 (on Linux, `export AUTOGRAPH_VERBOSITY=10`) and attach the full output. Cause: converting <bound method Dense.call of <tensorflow.python.layers.core.Dense object at 0x7fd47ce4eba8>>: AttributeError: module 'gast' has no attribute 'Index'
WARNING:tensorflow:Entity <bound method Dense.call of <tensorflow.python.layers.core.Dense object at 0x7fd47cb59be0>> could not be transformed and will be executed as-is. Please report this to the AutgoGraph team. When filing the bug, set the verbosity to 10 (on Linux, `export AUTOGRAPH_VERBOSITY=10`) and attach the full output. Cause: converting <bound method Dense.call of <tensorflow.python.layers.core.Dense object at 0x7fd47cb59be0>>: AttributeError: module 'gast' has no attribute 'Index'
WARNING:tensorflow:Entity <bound method Dense.call of <tensorflow.python.layers.core.Dense object at 0x7fd47ce7b5c0>> could not be transformed and will be executed as-is. Please report this to the AutgoGraph team. When filing the bug, set the verbosity to 10 (on Linux, `export AUTOGRAPH_VERBOSITY=10`) and attach the full output. Cause: converting <bound method Dense.call of <tensorflow.python.layers.core.Dense object at 0x7fd47ce7b5c0>>: AttributeError: module 'gast' has no attribute 'Index'
WARNING:tensorflow:Entity <bound method Dense.call of <tensorflow.python.layers.core.Dense object at 0x7fd47ca79278>> could not be transformed and will be executed as-is. Please report this to the AutgoGraph team. When filing the bug, set the verbosity to 10 (on Linux, `export AUTOGRAPH_VERBOSITY=10`) and attach the full output. Cause: converting <bound method Dense.call of <tensorflow.python.layers.core.Dense object at 0x7fd47ca79278>>: AttributeError: module 'gast' has no attribute 'Index'
WARNING:tensorflow:Entity <bound method Dense.call of <tensorflow.python.layers.core.Dense object at 0x7fd47c4d1ef0>> could not be transformed and will be executed as-is. Please report this to the AutgoGraph team. When filing the bug, set the verbosity to 10 (on Linux, `export AUTOGRAPH_VERBOSITY=10`) and attach the full output. Cause: converting <bound method Dense.call of <tensorflow.python.layers.core.Dense object at 0x7fd47c4d1ef0>>: AttributeError: module 'gast' has no attribute 'Index'
WARNING:tensorflow:Entity <bound method Dense.call of <tensorflow.python.layers.core.Dense object at 0x7fd47c4d1ef0>> could not be transformed and will be executed as-is. Please report this to the AutgoGraph team. When filing the bug, set the verbosity to 10 (on Linux, `export AUTOGRAPH_VERBOSITY=10`) and attach the full output. Cause: converting <bound method Dense.call of <tensorflow.python.layers.core.Dense object at 0x7fd47c4d1ef0>>: AttributeError: module 'gast' has no attribute 'Index'
WARNING:tensorflow:Entity <bound method Dense.call of <tensorflow.python.layers.core.Dense object at 0x7fd479771c18>> could not be transformed and will be executed as-is. Please report this to the AutgoGraph team. When filing the bug, set the verbosity to 10 (on Linux, `export AUTOGRAPH_VERBOSITY=10`) and attach the full output. Cause: converting <bound method Dense.call of <tensorflow.python.layers.core.Dense object at 0x7fd479771c18>>: AttributeError: module 'gast' has no attribute 'Index'
WARNING:tensorflow:Entity <bound method Dense.call of <tensorflow.python.layers.core.Dense object at 0x7fd479771c18>> could not be transformed and will be executed as-is. Please report this to the AutgoGraph team. When filing the bug, set the verbosity to 10 (on Linux, `export AUTOGRAPH_VERBOSITY=10`) and attach the full output. Cause: converting <bound method Dense.call of <tensorflow.python.layers.core.Dense object at 0x7fd479771c18>>: AttributeError: module 'gast' has no attribute 'Index'
WARNING:tensorflow:Entity <bound method Dense.call of <tensorflow.python.layers.core.Dense object at 0x7fd47c4f0198>> could not be transformed and will be executed as-is. Please report this to the AutgoGraph team. When filing the bug, set the verbosity to 10 (on Linux, `export AUTOGRAPH_VERBOSITY=10`) and attach the full output. Cause: converting <bound method Dense.call of <tensorflow.python.layers.core.Dense object at 0x7fd47c4f0198>>: AttributeError: module 'gast' has no attribute 'Index'
WARNING:tensorflow:From /data2/project/RL/GAN_RL/yjp/code/dqn.py:240: sparse_to_dense (from tensorflow.python.ops.sparse_ops) is deprecated and will be removed in a future version.
Instructions for updating:
Create a `tf.sparse.SparseTensor` and use `tf.sparse.to_dense` instead.
WARNING:tensorflow:Entity <bound method Dense.call of <tensorflow.python.layers.core.Dense object at 0x7fd47b7a1dd8>> could not be transformed and will be executed as-is. Please report this to the AutgoGraph team. When filing the bug, set the verbosity to 10 (on Linux, `export AUTOGRAPH_VERBOSITY=10`) and attach the full output. Cause: converting <bound method Dense.call of <tensorflow.python.layers.core.Dense object at 0x7fd47b7a1dd8>>: AttributeError: module 'gast' has no attribute 'Index'
WARNING:tensorflow:Entity <bound method Dense.call of <tensorflow.python.layers.core.Dense object at 0x7fd47b7a1dd8>> could not be transformed and will be executed as-is. Please report this to the AutgoGraph team. When filing the bug, set the verbosity to 10 (on Linux, `export AUTOGRAPH_VERBOSITY=10`) and attach the full output. Cause: converting <bound method Dense.call of <tensorflow.python.layers.core.Dense object at 0x7fd47b7a1dd8>>: AttributeError: module 'gast' has no attribute 'Index'
WARNING:tensorflow:Entity <bound method Dense.call of <tensorflow.python.layers.core.Dense object at 0x7fd47e177080>> could not be transformed and will be executed as-is. Please report this to the AutgoGraph team. When filing the bug, set the verbosity to 10 (on Linux, `export AUTOGRAPH_VERBOSITY=10`) and attach the full output. Cause: converting <bound method Dense.call of <tensorflow.python.layers.core.Dense object at 0x7fd47e177080>>: AttributeError: module 'gast' has no attribute 'Index'
WARNING:tensorflow:Entity <bound method Dense.call of <tensorflow.python.layers.core.Dense object at 0x7fd47b789c18>> could not be transformed and will be executed as-is. Please report this to the AutgoGraph team. When filing the bug, set the verbosity to 10 (on Linux, `export AUTOGRAPH_VERBOSITY=10`) and attach the full output. Cause: converting <bound method Dense.call of <tensorflow.python.layers.core.Dense object at 0x7fd47b789c18>>: AttributeError: module 'gast' has no attribute 'Index'
WARNING:tensorflow:Entity <bound method Dense.call of <tensorflow.python.layers.core.Dense object at 0x7fd47b789c18>> could not be transformed and will be executed as-is. Please report this to the AutgoGraph team. When filing the bug, set the verbosity to 10 (on Linux, `export AUTOGRAPH_VERBOSITY=10`) and attach the full output. Cause: converting <bound method Dense.call of <tensorflow.python.layers.core.Dense object at 0x7fd47b789c18>>: AttributeError: module 'gast' has no attribute 'Index'
WARNING:tensorflow:Entity <bound method Dense.call of <tensorflow.python.layers.core.Dense object at 0x7fd47b83d2e8>> could not be transformed and will be executed as-is. Please report this to the AutgoGraph team. When filing the bug, set the verbosity to 10 (on Linux, `export AUTOGRAPH_VERBOSITY=10`) and attach the full output. Cause: converting <bound method Dense.call of <tensorflow.python.layers.core.Dense object at 0x7fd47b83d2e8>>: AttributeError: module 'gast' has no attribute 'Index'
WARNING:tensorflow:Entity <bound method Dense.call of <tensorflow.python.layers.core.Dense object at 0x7fd47c295278>> could not be transformed and will be executed as-is. Please report this to the AutgoGraph team. When filing the bug, set the verbosity to 10 (on Linux, `export AUTOGRAPH_VERBOSITY=10`) and attach the full output. Cause: converting <bound method Dense.call of <tensorflow.python.layers.core.Dense object at 0x7fd47c295278>>: AttributeError: module 'gast' has no attribute 'Index'
WARNING:tensorflow:Entity <bound method Dense.call of <tensorflow.python.layers.core.Dense object at 0x7fd47c295278>> could not be transformed and will be executed as-is. Please report this to the AutgoGraph team. When filing the bug, set the verbosity to 10 (on Linux, `export AUTOGRAPH_VERBOSITY=10`) and attach the full output. Cause: converting <bound method Dense.call of <tensorflow.python.layers.core.Dense object at 0x7fd47c295278>>: AttributeError: module 'gast' has no attribute 'Index'
WARNING:tensorflow:Entity <bound method Dense.call of <tensorflow.python.layers.core.Dense object at 0x7fd47b7ac240>> could not be transformed and will be executed as-is. Please report this to the AutgoGraph team. When filing the bug, set the verbosity to 10 (on Linux, `export AUTOGRAPH_VERBOSITY=10`) and attach the full output. Cause: converting <bound method Dense.call of <tensorflow.python.layers.core.Dense object at 0x7fd47b7ac240>>: AttributeError: module 'gast' has no attribute 'Index'
WARNING:tensorflow:Entity <bound method Dense.call of <tensorflow.python.layers.core.Dense object at 0x7fd47b7364e0>> could not be transformed and will be executed as-is. Please report this to the AutgoGraph team. When filing the bug, set the verbosity to 10 (on Linux, `export AUTOGRAPH_VERBOSITY=10`) and attach the full output. Cause: converting <bound method Dense.call of <tensorflow.python.layers.core.Dense object at 0x7fd47b7364e0>>: AttributeError: module 'gast' has no attribute 'Index'
WARNING:tensorflow:Entity <bound method Dense.call of <tensorflow.python.layers.core.Dense object at 0x7fd47b7364e0>> could not be transformed and will be executed as-is. Please report this to the AutgoGraph team. When filing the bug, set the verbosity to 10 (on Linux, `export AUTOGRAPH_VERBOSITY=10`) and attach the full output. Cause: converting <bound method Dense.call of <tensorflow.python.layers.core.Dense object at 0x7fd47b7364e0>>: AttributeError: module 'gast' has no attribute 'Index'
WARNING:tensorflow:Entity <bound method Dense.call of <tensorflow.python.layers.core.Dense object at 0x7fd47b7364e0>> could not be transformed and will be executed as-is. Please report this to the AutgoGraph team. When filing the bug, set the verbosity to 10 (on Linux, `export AUTOGRAPH_VERBOSITY=10`) and attach the full output. Cause: converting <bound method Dense.call of <tensorflow.python.layers.core.Dense object at 0x7fd47b7364e0>>: AttributeError: module 'gast' has no attribute 'Index'
WARNING:tensorflow:Entity <bound method Dense.call of <tensorflow.python.layers.core.Dense object at 0x7fd47b729e48>> could not be transformed and will be executed as-is. Please report this to the AutgoGraph team. When filing the bug, set the verbosity to 10 (on Linux, `export AUTOGRAPH_VERBOSITY=10`) and attach the full output. Cause: converting <bound method Dense.call of <tensorflow.python.layers.core.Dense object at 0x7fd47b729e48>>: AttributeError: module 'gast' has no attribute 'Index'
WARNING:tensorflow:Entity <bound method Dense.call of <tensorflow.python.layers.core.Dense object at 0x7fd47b7387f0>> could not be transformed and will be executed as-is. Please report this to the AutgoGraph team. When filing the bug, set the verbosity to 10 (on Linux, `export AUTOGRAPH_VERBOSITY=10`) and attach the full output. Cause: converting <bound method Dense.call of <tensorflow.python.layers.core.Dense object at 0x7fd47b7387f0>>: AttributeError: module 'gast' has no attribute 'Index'
WARNING:tensorflow:Entity <bound method Dense.call of <tensorflow.python.layers.core.Dense object at 0x7fd47b689400>> could not be transformed and will be executed as-is. Please report this to the AutgoGraph team. When filing the bug, set the verbosity to 10 (on Linux, `export AUTOGRAPH_VERBOSITY=10`) and attach the full output. Cause: converting <bound method Dense.call of <tensorflow.python.layers.core.Dense object at 0x7fd47b689400>>: AttributeError: module 'gast' has no attribute 'Index'
WARNING:tensorflow:Entity <bound method Dense.call of <tensorflow.python.layers.core.Dense object at 0x7fd47b64f278>> could not be transformed and will be executed as-is. Please report this to the AutgoGraph team. When filing the bug, set the verbosity to 10 (on Linux, `export AUTOGRAPH_VERBOSITY=10`) and attach the full output. Cause: converting <bound method Dense.call of <tensorflow.python.layers.core.Dense object at 0x7fd47b64f278>>: AttributeError: module 'gast' has no attribute 'Index'
WARNING:tensorflow:Entity <bound method Dense.call of <tensorflow.python.layers.core.Dense object at 0x7fd47b64f278>> could not be transformed and will be executed as-is. Please report this to the AutgoGraph team. When filing the bug, set the verbosity to 10 (on Linux, `export AUTOGRAPH_VERBOSITY=10`) and attach the full output. Cause: converting <bound method Dense.call of <tensorflow.python.layers.core.Dense object at 0x7fd47b64f278>>: AttributeError: module 'gast' has no attribute 'Index'
WARNING:tensorflow:Entity <bound method Dense.call of <tensorflow.python.layers.core.Dense object at 0x7fd47b785438>> could not be transformed and will be executed as-is. Please report this to the AutgoGraph team. When filing the bug, set the verbosity to 10 (on Linux, `export AUTOGRAPH_VERBOSITY=10`) and attach the full output. Cause: converting <bound method Dense.call of <tensorflow.python.layers.core.Dense object at 0x7fd47b785438>>: AttributeError: module 'gast' has no attribute 'Index'
WARNING:tensorflow:Entity <bound method Dense.call of <tensorflow.python.layers.core.Dense object at 0x7fd47b7ac5c0>> could not be transformed and will be executed as-is. Please report this to the AutgoGraph team. When filing the bug, set the verbosity to 10 (on Linux, `export AUTOGRAPH_VERBOSITY=10`) and attach the full output. Cause: converting <bound method Dense.call of <tensorflow.python.layers.core.Dense object at 0x7fd47b7ac5c0>>: AttributeError: module 'gast' has no attribute 'Index'
WARNING:tensorflow:Entity <bound method Dense.call of <tensorflow.python.layers.core.Dense object at 0x7fd47b7ac5c0>> could not be transformed and will be executed as-is. Please report this to the AutgoGraph team. When filing the bug, set the verbosity to 10 (on Linux, `export AUTOGRAPH_VERBOSITY=10`) and attach the full output. Cause: converting <bound method Dense.call of <tensorflow.python.layers.core.Dense object at 0x7fd47b7ac5c0>>: AttributeError: module 'gast' has no attribute 'Index'
WARNING:tensorflow:Entity <bound method Dense.call of <tensorflow.python.layers.core.Dense object at 0x7fd47b6466a0>> could not be transformed and will be executed as-is. Please report this to the AutgoGraph team. When filing the bug, set the verbosity to 10 (on Linux, `export AUTOGRAPH_VERBOSITY=10`) and attach the full output. Cause: converting <bound method Dense.call of <tensorflow.python.layers.core.Dense object at 0x7fd47b6466a0>>: AttributeError: module 'gast' has no attribute 'Index'
WARNING:tensorflow:Entity <bound method Dense.call of <tensorflow.python.layers.core.Dense object at 0x7fd47b4c9748>> could not be transformed and will be executed as-is. Please report this to the AutgoGraph team. When filing the bug, set the verbosity to 10 (on Linux, `export AUTOGRAPH_VERBOSITY=10`) and attach the full output. Cause: converting <bound method Dense.call of <tensorflow.python.layers.core.Dense object at 0x7fd47b4c9748>>: AttributeError: module 'gast' has no attribute 'Index'
WARNING:tensorflow:Entity <bound method Dense.call of <tensorflow.python.layers.core.Dense object at 0x7fd47b4c9748>> could not be transformed and will be executed as-is. Please report this to the AutgoGraph team. When filing the bug, set the verbosity to 10 (on Linux, `export AUTOGRAPH_VERBOSITY=10`) and attach the full output. Cause: converting <bound method Dense.call of <tensorflow.python.layers.core.Dense object at 0x7fd47b4c9748>>: AttributeError: module 'gast' has no attribute 'Index'
WARNING:tensorflow:Entity <bound method Dense.call of <tensorflow.python.layers.core.Dense object at 0x7fd47b7ac5c0>> could not be transformed and will be executed as-is. Please report this to the AutgoGraph team. When filing the bug, set the verbosity to 10 (on Linux, `export AUTOGRAPH_VERBOSITY=10`) and attach the full output. Cause: converting <bound method Dense.call of <tensorflow.python.layers.core.Dense object at 0x7fd47b7ac5c0>>: AttributeError: module 'gast' has no attribute 'Index'
WARNING:tensorflow:Entity <bound method Dense.call of <tensorflow.python.layers.core.Dense object at 0x7fd47b4f75f8>> could not be transformed and will be executed as-is. Please report this to the AutgoGraph team. When filing the bug, set the verbosity to 10 (on Linux, `export AUTOGRAPH_VERBOSITY=10`) and attach the full output. Cause: converting <bound method Dense.call of <tensorflow.python.layers.core.Dense object at 0x7fd47b4f75f8>>: AttributeError: module 'gast' has no attribute 'Index'
WARNING:tensorflow:Entity <bound method Dense.call of <tensorflow.python.layers.core.Dense object at 0x7fd47b4f75f8>> could not be transformed and will be executed as-is. Please report this to the AutgoGraph team. When filing the bug, set the verbosity to 10 (on Linux, `export AUTOGRAPH_VERBOSITY=10`) and attach the full output. Cause: converting <bound method Dense.call of <tensorflow.python.layers.core.Dense object at 0x7fd47b4f75f8>>: AttributeError: module 'gast' has no attribute 'Index'
WARNING:tensorflow:Entity <bound method Dense.call of <tensorflow.python.layers.core.Dense object at 0x7fd47b4cd4e0>> could not be transformed and will be executed as-is. Please report this to the AutgoGraph team. When filing the bug, set the verbosity to 10 (on Linux, `export AUTOGRAPH_VERBOSITY=10`) and attach the full output. Cause: converting <bound method Dense.call of <tensorflow.python.layers.core.Dense object at 0x7fd47b4cd4e0>>: AttributeError: module 'gast' has no attribute 'Index'
  0%|          | 0/15 [00:00<?, ?it/s]2021-06-29 09:54:05.767674: I tensorflow/stream_executor/platform/default/dso_loader.cc:42] Successfully opened dynamic library libcublas.so.10
2021-06-29 09:54:10,463 - /data2/project/RL/utils/yjp_decorator.py[line:53] - INFO: [0.0823730469 m] data_collection 
  7%|▋         | 1/15 [00:04<01:09,  4.94s/it]2021-06-29 09:54:15,153 - /data2/project/RL/utils/yjp_decorator.py[line:53] - INFO: [0.0781306585 m] data_collection 
 13%|█▎        | 2/15 [00:09<01:03,  4.87s/it]2021-06-29 09:54:19,841 - /data2/project/RL/utils/yjp_decorator.py[line:53] - INFO: [0.0781121214 m] data_collection 
 20%|██        | 3/15 [00:14<00:57,  4.81s/it]2021-06-29 09:54:24,630 - /data2/project/RL/utils/yjp_decorator.py[line:53] - INFO: [0.0797783732 m] data_collection 
 27%|██▋       | 4/15 [00:19<00:52,  4.81s/it]2021-06-29 09:54:29,402 - /data2/project/RL/utils/yjp_decorator.py[line:53] - INFO: [0.0795083801 m] data_collection 
 33%|███▎      | 5/15 [00:23<00:47,  4.80s/it]2021-06-29 09:54:36,646 - /data2/project/RL/utils/yjp_decorator.py[line:53] - INFO: [0.1207048376 m] data_collection 
 40%|████      | 6/15 [00:31<00:49,  5.53s/it]2021-06-29 09:54:41,494 - /data2/project/RL/utils/yjp_decorator.py[line:53] - INFO: [0.0807816823 m] data_collection 
 47%|████▋     | 7/15 [00:35<00:42,  5.33s/it]2021-06-29 09:54:46,379 - /data2/project/RL/utils/yjp_decorator.py[line:53] - INFO: [0.0813906590 m] data_collection 
 53%|█████▎    | 8/15 [00:40<00:36,  5.19s/it]2021-06-29 09:54:51,350 - /data2/project/RL/utils/yjp_decorator.py[line:53] - INFO: [0.0828232249 m] data_collection 
 60%|██████    | 9/15 [00:45<00:30,  5.13s/it]2021-06-29 09:54:56,350 - /data2/project/RL/utils/yjp_decorator.py[line:53] - INFO: [0.0833038449 m] data_collection 
 67%|██████▋   | 10/15 [00:50<00:25,  5.09s/it]2021-06-29 09:55:01,406 - /data2/project/RL/utils/yjp_decorator.py[line:53] - INFO: [0.0842529774 m] data_collection 
 73%|███████▎  | 11/15 [00:55<00:20,  5.08s/it]2021-06-29 09:55:06,509 - /data2/project/RL/utils/yjp_decorator.py[line:53] - INFO: [0.0850231806 m] data_collection 
 80%|████████  | 12/15 [01:00<00:15,  5.09s/it]2021-06-29 09:55:11,629 - /data2/project/RL/utils/yjp_decorator.py[line:53] - INFO: [0.0852997065 m] data_collection 
 87%|████████▋ | 13/15 [01:06<00:10,  5.10s/it]2021-06-29 09:55:16,760 - /data2/project/RL/utils/yjp_decorator.py[line:53] - INFO: [0.0854852120 m] data_collection 
 93%|█████████▎| 14/15 [01:11<00:05,  5.11s/it]2021-06-29 09:55:21,446 - /data2/project/RL/utils/yjp_decorator.py[line:53] - INFO: [0.0780554215 m] data_collection 
100%|██████████| 15/15 [01:15<00:00,  4.98s/it]100%|██████████| 15/15 [01:15<00:00,  5.06s/it]
filter num :77836
2021-06-29 09:55:22,174 - /data2/project/RL/utils/yjp_decorator.py[line:53] - INFO: [1.2775788387 m] data_collection_with_batch 
  0%|          | 0/15 [00:00<?, ?it/s]2021-06-29 09:56:35,632 - /data2/project/RL/utils/yjp_decorator.py[line:53] - INFO: [1.2242874066 m] data_collection 
  7%|▋         | 1/15 [01:13<17:08, 73.46s/it]2021-06-29 09:57:51,843 - /data2/project/RL/utils/yjp_decorator.py[line:53] - INFO: [1.2701140245 m] data_collection 
 13%|█▎        | 2/15 [02:29<16:05, 74.29s/it]2021-06-29 09:59:02,805 - /data2/project/RL/utils/yjp_decorator.py[line:53] - INFO: [1.1826388081 m] data_collection 
 20%|██        | 3/15 [03:40<14:39, 73.29s/it]2021-06-29 10:00:13,912 - /data2/project/RL/utils/yjp_decorator.py[line:53] - INFO: [1.1850690842 m] data_collection 
 27%|██▋       | 4/15 [04:51<13:18, 72.63s/it]2021-06-29 10:01:23,621 - /data2/project/RL/utils/yjp_decorator.py[line:53] - INFO: [1.1617722591 m] data_collection 
 33%|███▎      | 5/15 [06:01<11:57, 71.76s/it]2021-06-29 10:02:32,086 - /data2/project/RL/utils/yjp_decorator.py[line:53] - INFO: [1.1410343806 m] data_collection 
 40%|████      | 6/15 [07:09<10:36, 70.77s/it]2021-06-29 10:03:44,727 - /data2/project/RL/utils/yjp_decorator.py[line:53] - INFO: [1.2106283466 m] data_collection 
 47%|████▋     | 7/15 [08:22<09:30, 71.33s/it]2021-06-29 10:04:54,945 - /data2/project/RL/utils/yjp_decorator.py[line:53] - INFO: [1.1702568968 m] data_collection 
 53%|█████▎    | 8/15 [09:32<08:16, 71.00s/it]2021-06-29 10:06:02,487 - /data2/project/RL/utils/yjp_decorator.py[line:53] - INFO: [1.1256433725 m] data_collection 
 60%|██████    | 9/15 [10:40<06:59, 69.96s/it]2021-06-29 10:07:15,757 - /data2/project/RL/utils/yjp_decorator.py[line:53] - INFO: [1.2211235960 m] data_collection 
 67%|██████▋   | 10/15 [11:53<05:54, 70.95s/it]2021-06-29 10:08:23,267 - /data2/project/RL/utils/yjp_decorator.py[line:53] - INFO: [1.1251106103 m] data_collection 
 73%|███████▎  | 11/15 [13:01<04:39, 69.92s/it]2021-06-29 10:09:35,360 - /data2/project/RL/utils/yjp_decorator.py[line:53] - INFO: [1.2014998913 m] data_collection 
 80%|████████  | 12/15 [14:13<03:31, 70.57s/it]2021-06-29 10:10:45,418 - /data2/project/RL/utils/yjp_decorator.py[line:53] - INFO: [1.1675908446 m] data_collection 
 87%|████████▋ | 13/15 [15:23<02:20, 70.42s/it]2021-06-29 10:12:00,346 - /data2/project/RL/utils/yjp_decorator.py[line:53] - INFO: [1.2487152576 m] data_collection 
 93%|█████████▎| 14/15 [16:38<01:11, 71.77s/it]2021-06-29 10:12:50,784 - /data2/project/RL/utils/yjp_decorator.py[line:53] - INFO: [0.8405705651 m] data_collection 
100%|██████████| 15/15 [17:28<00:00, 65.37s/it]100%|██████████| 15/15 [17:28<00:00, 69.91s/it]
filter num :70799
2021-06-29 10:12:51,580 - /data2/project/RL/utils/yjp_decorator.py[line:53] - INFO: [17.4901007970 m] data_collection_with_batch 
filter num :0
train data length:295539
  0%|          | 0/10 [00:00<?, ?it/s]2021-06-29 10:12:55: itr(0), training loss:  6.8554, 6.8564, 6.854, 6.8564, 6.8538, 6.8547, 6.8548, 6.8556, 6.8549, 6.857,
2021-06-29 10:13:12: itr(10), training loss:  5.9345, 5.6969, 5.6406, 5.586, 5.4821, 5.2726, 5.1821, 5.1279, 5.2202, 5.1197,
2021-06-29 10:13:30: itr(20), training loss:  3.166, 2.6066, 2.5983, 2.6204, 2.9688, 2.535, 2.5989, 2.6725, 2.6765, 2.6843,
2021-06-29 10:13:50: itr(30), training loss:  2.6865, 2.5058, 2.306, 2.07, 1.9864, 1.8379, 1.7804, 1.6114, 1.7942, 1.7408,
2021-06-29 10:14:07: itr(40), training loss:  2.2894, 2.3119, 2.1554, 2.0335, 1.8704, 1.811, 1.6874, 1.5511, 1.5033, 1.4134,
2021-06-29 10:14:24: itr(50), training loss:  2.2347, 2.1457, 2.0078, 1.8921, 1.6683, 1.5868, 1.4695, 1.3059, 1.1812, 0.95296,
2021-06-29 10:14:42: itr(60), training loss:  2.27, 2.1359, 2.0141, 1.6883, 1.4963, 1.4053, 1.2779, 0.99346, 0.76079, 0.71116,
2021-06-29 10:15:00: itr(70), training loss:  1.9063, 1.8157, 1.6981, 1.5612, 1.436, 1.3483, 1.171, 0.907, 0.74454, 0.52375,
2021-06-29 10:15:19: itr(80), training loss:  2.1057, 1.9681, 1.755, 1.6572, 1.5347, 1.3334, 1.2515, 1.1065, 0.8616, 0.61825,
2021-06-29 10:15:37: itr(90), training loss:  2.3865, 2.1747, 1.9415, 1.7737, 1.5568, 1.359, 1.1991, 1.0326, 0.73861, 0.52181,
2021-06-29 10:15:55: itr(100), training loss:  2.4261, 2.2325, 1.8755, 1.6398, 1.3992, 1.1663, 0.95745, 0.76475, 0.57456, 0.48514,
2021-06-29 10:16:13: itr(110), training loss:  2.5253, 2.4127, 2.0096, 1.7813, 1.6107, 1.3146, 1.1576, 0.79387, 0.54193, 0.48124,
2021-06-29 10:16:31: itr(120), training loss:  2.2679, 2.0423, 1.8821, 1.7692, 1.615, 1.3226, 1.0378, 0.81165, 0.58005, 0.42479,
2021-06-29 10:16:49: itr(130), training loss:  2.3498, 2.1888, 2.1054, 1.8272, 1.4762, 1.3407, 1.0399, 0.83382, 0.67643, 0.43306,
2021-06-29 10:17:07: itr(140), training loss:  2.075, 1.7795, 1.5876, 1.5266, 1.3084, 1.0773, 1.0042, 0.72163, 0.58684, 0.42178,
2021-06-29 10:17:26: itr(150), training loss:  2.3191, 2.0966, 1.8685, 1.5615, 1.4073, 1.2783, 0.96034, 0.75946, 0.55387, 0.41393,
2021-06-29 10:17:44: itr(160), training loss:  2.2608, 2.0718, 1.8502, 1.5834, 1.4057, 1.1964, 1.0622, 0.89119, 0.64842, 0.3814,
2021-06-29 10:18:01: itr(170), training loss:  2.3643, 2.2458, 1.9502, 1.7478, 1.5813, 1.3383, 1.0142, 0.70345, 0.55363, 0.41205,
2021-06-29 10:18:19: itr(180), training loss:  2.3247, 2.1577, 1.9462, 1.7125, 1.6316, 1.4062, 1.1816, 0.9083, 0.79841, 0.46442,
2021-06-29 10:18:37: itr(190), training loss:  1.87, 1.7451, 1.4635, 1.2764, 1.1252, 0.96676, 0.74849, 0.61944, 0.43681, 0.3335,
2021-06-29 10:18:55: itr(200), training loss:  2.0863, 1.9269, 1.7808, 1.7117, 1.3852, 1.1919, 0.93845, 0.73852, 0.50733, 0.3427,
2021-06-29 10:19:12: itr(210), training loss:  2.2344, 1.9332, 1.6818, 1.4727, 1.3002, 1.239, 1.0301, 0.94965, 0.62833, 0.39522,
2021-06-29 10:19:30: itr(220), training loss:  2.1486, 2.0303, 1.7283, 1.6102, 1.4753, 1.2525, 1.0522, 0.84484, 0.66833, 0.38798,
2021-06-29 10:19:47: itr(230), training loss:  2.6516, 2.4864, 2.3113, 2.1425, 1.8368, 1.545, 1.279, 1.0466, 0.75564, 0.43613,
2021-06-29 10:20:07: itr(240), training loss:  2.4115, 2.2565, 1.9251, 1.6036, 1.4479, 1.3218, 0.94541, 0.74527, 0.49487, 0.31003,
2021-06-29 10:20:24: itr(250), training loss:  2.2864, 2.1709, 2.0695, 1.9247, 1.7552, 1.4996, 1.1958, 0.95422, 0.71774, 0.43421,
2021-06-29 10:20:42: itr(260), training loss:  2.4983, 2.2445, 2.0324, 1.7259, 1.5224, 1.2202, 0.97229, 0.73242, 0.56905, 0.3724,
2021-06-29 10:20:59: itr(270), training loss:  2.0841, 2.0312, 1.7692, 1.6784, 1.3988, 1.2163, 0.99405, 0.83782, 0.56585, 0.36348,
2021-06-29 10:21:17: itr(280), training loss:  2.2258, 2.013, 1.8207, 1.6379, 1.3001, 1.0785, 0.87014, 0.80288, 0.58652, 0.3663,
 10%|█         | 1/10 [08:37<1:17:35, 517.32s/it]2021-06-29 10:21:33: itr(290), training loss:  2.8072, 2.4692, 2.2138, 2.0748, 1.9613, 1.8373, 1.5757, 1.2178, 0.95204, 0.56783,
2021-06-29 10:21:50: itr(300), training loss:  2.1986, 2.0619, 1.8536, 1.6149, 1.3034, 1.0962, 0.91806, 0.65485, 0.46416, 0.36714,
2021-06-29 10:22:07: itr(310), training loss:  2.1646, 1.965, 1.7078, 1.3731, 1.1003, 0.93851, 0.78493, 0.67312, 0.47255, 0.37585,
2021-06-29 10:22:24: itr(320), training loss:  2.4088, 2.0858, 1.9573, 1.7222, 1.5293, 1.3051, 1.0285, 0.89934, 0.66404, 0.3777,
2021-06-29 10:22:40: itr(330), training loss:  2.3457, 2.1734, 1.8739, 1.7433, 1.3739, 1.2204, 0.98889, 0.83116, 0.59846, 0.3169,
2021-06-29 10:22:58: itr(340), training loss:  2.5267, 2.2482, 1.9996, 1.7325, 1.3594, 1.2, 1.0672, 0.83558, 0.55749, 0.43311,
2021-06-29 10:23:15: itr(350), training loss:  1.9855, 1.8056, 1.7215, 1.4879, 1.2788, 1.1687, 0.93351, 0.71364, 0.55264, 0.37603,
2021-06-29 10:23:32: itr(360), training loss:  2.3604, 2.1709, 1.9664, 1.7734, 1.5581, 1.3986, 1.1779, 0.89839, 0.66312, 0.35257,
2021-06-29 10:23:49: itr(370), training loss:  2.0978, 2.023, 1.8361, 1.6301, 1.5252, 1.134, 0.79554, 0.59744, 0.45372, 0.33249,
2021-06-29 10:24:06: itr(380), training loss:  2.6443, 2.4103, 2.118, 1.9156, 1.6856, 1.3085, 1.1019, 0.9766, 0.65416, 0.50527,
2021-06-29 10:24:23: itr(390), training loss:  2.3792, 2.1463, 1.8069, 1.6244, 1.4079, 1.1373, 0.95328, 0.78098, 0.55046, 0.3653,
2021-06-29 10:24:42: itr(400), training loss:  1.8683, 1.6519, 1.4639, 1.2684, 1.0022, 0.81231, 0.7546, 0.63372, 0.44911, 0.31867,
2021-06-29 10:25:01: itr(410), training loss:  2.3771, 2.1834, 2.0272, 1.8169, 1.4654, 1.1638, 0.92583, 0.83034, 0.61278, 0.38228,
2021-06-29 10:25:21: itr(420), training loss:  2.4615, 2.2485, 2.007, 1.9234, 1.5417, 1.2144, 1.054, 0.86144, 0.56042, 0.33622,
2021-06-29 10:25:40: itr(430), training loss:  2.6209, 2.2832, 1.9134, 1.5943, 1.4801, 1.2464, 0.99296, 0.80073, 0.60109, 0.40052,
2021-06-29 10:25:59: itr(440), training loss:  2.1279, 1.9046, 1.7583, 1.4202, 1.1709, 0.93571, 0.80619, 0.67429, 0.49865, 0.35968,
2021-06-29 10:26:20: itr(450), training loss:  2.3652, 2.1582, 1.9799, 1.6684, 1.3444, 1.1679, 1.0266, 0.7088, 0.52202, 0.35704,
2021-06-29 10:26:37: itr(460), training loss:  2.2278, 2.181, 1.9041, 1.7281, 1.4809, 1.2335, 0.9647, 0.66589, 0.53587, 0.38927,
2021-06-29 10:26:55: itr(470), training loss:  2.254, 2.1328, 1.8965, 1.4317, 1.1814, 1.0963, 0.95194, 0.63789, 0.51785, 0.32923,
2021-06-29 10:27:13: itr(480), training loss:  2.5159, 2.2137, 2.0192, 1.8779, 1.7078, 1.5421, 1.1816, 0.83886, 0.55702, 0.33762,
2021-06-29 10:27:31: itr(490), training loss:  2.3113, 2.129, 1.9168, 1.6775, 1.4948, 1.2296, 0.94795, 0.73118, 0.60515, 0.38284,
2021-06-29 10:27:49: itr(500), training loss:  2.0739, 1.8046, 1.5721, 1.2464, 1.1297, 0.88784, 0.76674, 0.65305, 0.58665, 0.37783,
2021-06-29 10:28:07: itr(510), training loss:  2.4373, 2.1974, 2.0099, 1.725, 1.3281, 0.9866, 0.74959, 0.66977, 0.57785, 0.38647,
2021-06-29 10:28:25: itr(520), training loss:  2.4166, 2.1339, 1.7702, 1.4846, 1.2415, 1.0234, 0.90491, 0.83547, 0.62794, 0.41955,
2021-06-29 10:28:43: itr(530), training loss:  2.3975, 2.2245, 2.029, 1.5571, 1.4169, 1.1472, 0.93759, 0.67263, 0.51326, 0.37099,
2021-06-29 10:29:01: itr(540), training loss:  2.0448, 1.8017, 1.7442, 1.5185, 1.3478, 1.0925, 0.84043, 0.67934, 0.59975, 0.39762,
2021-06-29 10:29:18: itr(550), training loss:  2.2436, 1.9791, 1.8085, 1.4754, 1.2529, 1.0547, 0.88388, 0.76903, 0.6406, 0.3777,
2021-06-29 10:29:36: itr(560), training loss:  2.7127, 2.3267, 1.8805, 1.5488, 1.3808, 1.2076, 0.9372, 0.75778, 0.55, 0.34195,
2021-06-29 10:29:54: itr(570), training loss:  2.6933, 2.5316, 2.2417, 1.9168, 1.7152, 1.4673, 1.2962, 1.036, 0.7017, 0.36042,
 20%|██        | 2/10 [17:13<1:08:55, 516.89s/it]2021-06-29 10:30:11: itr(580), training loss:  2.1959, 1.9687, 1.7576, 1.665, 1.4982, 1.3053, 1.1491, 0.97826, 0.7757, 0.35378,
2021-06-29 10:30:28: itr(590), training loss:  2.1356, 1.9494, 1.7737, 1.6588, 1.3339, 1.2454, 1.051, 0.82531, 0.51769, 0.3308,
2021-06-29 10:30:46: itr(600), training loss:  2.1417, 1.9298, 1.7082, 1.5051, 1.2781, 1.143, 0.91761, 0.64626, 0.39577, 0.39028,
2021-06-29 10:31:04: itr(610), training loss:  2.1603, 1.9444, 1.6675, 1.589, 1.4814, 1.2598, 0.97981, 0.6913, 0.41177, 0.34431,
2021-06-29 10:31:21: itr(620), training loss:  2.4091, 2.1543, 1.858, 1.7234, 1.6648, 1.412, 1.1509, 0.98469, 0.72561, 0.40841,
2021-06-29 10:31:39: itr(630), training loss:  2.3397, 2.1673, 1.9823, 1.7302, 1.5936, 1.3386, 0.98908, 0.76119, 0.55368, 0.39272,
2021-06-29 10:31:56: itr(640), training loss:  2.4706, 2.3552, 2.0633, 1.8011, 1.6112, 1.4008, 1.1114, 0.79239, 0.54453, 0.3782,
2021-06-29 10:32:14: itr(650), training loss:  2.0156, 1.8568, 1.7533, 1.5523, 1.357, 1.0231, 0.89117, 0.69077, 0.42189, 0.27611,
2021-06-29 10:32:34: itr(660), training loss:  2.4799, 2.1671, 1.9757, 1.8883, 1.5788, 1.4406, 1.2181, 0.98625, 0.66126, 0.37636,
2021-06-29 10:32:51: itr(670), training loss:  2.2386, 2.0012, 1.8582, 1.7133, 1.4367, 1.2639, 0.99651, 0.73013, 0.54479, 0.37675,
2021-06-29 10:33:09: itr(680), training loss:  2.2858, 1.9405, 1.7994, 1.7584, 1.5258, 1.2474, 1.0318, 0.84579, 0.73798, 0.34987,
2021-06-29 10:33:28: itr(690), training loss:  2.1994, 2.0279, 1.6948, 1.5676, 1.3542, 1.1864, 0.93115, 0.73049, 0.51911, 0.35987,
2021-06-29 10:33:46: itr(700), training loss:  2.5147, 2.4076, 1.9879, 1.6946, 1.6116, 1.4038, 1.2584, 1.0384, 0.85825, 0.39695,
2021-06-29 10:34:04: itr(710), training loss:  2.477, 2.0109, 1.8992, 1.6457, 1.4356, 1.2103, 1.0063, 0.8184, 0.63388, 0.39866,
2021-06-29 10:34:22: itr(720), training loss:  2.2088, 1.8472, 1.6663, 1.292, 1.1738, 0.95219, 0.77021, 0.61958, 0.46597, 0.30762,
2021-06-29 10:34:40: itr(730), training loss:  2.4148, 2.1581, 1.9856, 1.7169, 1.5063, 1.386, 0.90763, 0.743, 0.63406, 0.34887,
2021-06-29 10:34:58: itr(740), training loss:  2.2139, 1.9915, 1.9197, 1.6248, 1.5282, 1.2889, 0.94882, 0.77672, 0.51618, 0.31942,
2021-06-29 10:35:17: itr(750), training loss:  2.106, 1.8691, 1.6513, 1.4679, 1.2272, 1.0235, 0.96726, 0.755, 0.52713, 0.30439,
2021-06-29 10:35:35: itr(760), training loss:  2.1918, 2.0166, 1.7238, 1.597, 1.4018, 1.1387, 0.99506, 0.75639, 0.5869, 0.37562,
2021-06-29 10:35:53: itr(770), training loss:  2.2704, 2.0524, 1.7654, 1.6657, 1.4342, 1.2353, 1.0809, 0.77172, 0.49401, 0.34632,
2021-06-29 10:36:11: itr(780), training loss:  2.2635, 1.951, 1.8228, 1.569, 1.2934, 1.1536, 0.96427, 0.76462, 0.50297, 0.38696,
2021-06-29 10:36:29: itr(790), training loss:  2.1883, 2.0809, 1.8757, 1.5524, 1.3563, 1.0218, 0.87864, 0.80801, 0.50071, 0.30739,
2021-06-29 10:36:47: itr(800), training loss:  2.3503, 2.153, 1.9415, 1.7094, 1.4078, 1.295, 1.0353, 0.72277, 0.61852, 0.37276,
2021-06-29 10:37:05: itr(810), training loss:  2.5959, 2.3663, 2.0352, 1.7351, 1.561, 1.4, 1.2035, 0.97793, 0.68236, 0.353,
2021-06-29 10:37:22: itr(820), training loss:  2.3782, 2.1387, 1.9487, 1.727, 1.4732, 1.2935, 1.1249, 0.86572, 0.72014, 0.39046,
2021-06-29 10:37:40: itr(830), training loss:  2.6487, 2.3645, 2.1334, 1.925, 1.6927, 1.3039, 1.0763, 0.87033, 0.62501, 0.37549,
2021-06-29 10:37:58: itr(840), training loss:  1.8976, 1.6444, 1.4554, 1.3354, 1.1485, 1.0996, 0.91542, 0.69182, 0.5398, 0.31238,
2021-06-29 10:38:15: itr(850), training loss:  2.2154, 2.1053, 1.881, 1.7643, 1.449, 1.1528, 0.92982, 0.70576, 0.58439, 0.36315,
2021-06-29 10:38:33: itr(860), training loss:  2.2323, 2.0924, 1.8407, 1.5905, 1.3181, 1.0779, 0.96148, 0.69835, 0.5008, 0.33567,
 30%|███       | 3/10 [25:52<1:00:23, 517.66s/it]2021-06-29 10:38:52: itr(870), training loss:  2.3792, 2.2381, 2.0693, 1.7352, 1.5392, 1.1603, 0.82364, 0.60062, 0.46909, 0.32347,
2021-06-29 10:39:09: itr(880), training loss:  2.2034, 2.1584, 1.9626, 1.7592, 1.6547, 1.4562, 1.0292, 0.85281, 0.60355, 0.33944,
2021-06-29 10:39:27: itr(890), training loss:  2.0002, 1.737, 1.6628, 1.4425, 1.2859, 1.0306, 0.8279, 0.58746, 0.4751, 0.3052,
2021-06-29 10:39:46: itr(900), training loss:  2.2367, 2.0564, 1.8763, 1.6916, 1.3267, 1.2102, 0.94384, 0.70187, 0.47965, 0.34243,
2021-06-29 10:40:04: itr(910), training loss:  2.8635, 2.5199, 2.2931, 2.0305, 1.76, 1.3741, 0.99221, 0.75025, 0.5739, 0.37517,
2021-06-29 10:40:21: itr(920), training loss:  2.2908, 2.0309, 1.8672, 1.6585, 1.4109, 1.2297, 1.0837, 0.76043, 0.64922, 0.40836,
2021-06-29 10:40:39: itr(930), training loss:  2.0874, 1.9139, 1.71, 1.4401, 1.1387, 0.93882, 0.81048, 0.70078, 0.47016, 0.33766,
2021-06-29 10:40:56: itr(940), training loss:  1.9132, 1.7257, 1.5943, 1.4482, 1.3108, 1.0871, 0.91617, 0.76995, 0.66386, 0.36133,
2021-06-29 10:41:14: itr(950), training loss:  1.9065, 1.5599, 1.4238, 1.269, 1.1218, 0.93266, 0.81028, 0.51709, 0.34547, 0.28732,
2021-06-29 10:41:31: itr(960), training loss:  1.8652, 1.7248, 1.5384, 1.2508, 1.086, 1.0132, 0.79173, 0.69635, 0.61453, 0.33139,
2021-06-29 10:41:49: itr(970), training loss:  2.1779, 2.0327, 1.8589, 1.6542, 1.3631, 1.2532, 1.0435, 0.7368, 0.62854, 0.36344,
2021-06-29 10:42:07: itr(980), training loss:  2.6689, 2.3931, 2.192, 1.9926, 1.7989, 1.3935, 1.1064, 0.92414, 0.58114, 0.39218,
2021-06-29 10:42:25: itr(990), training loss:  2.298, 2.0593, 1.7249, 1.5985, 1.4281, 1.2394, 1.054, 0.76221, 0.69644, 0.37239,
2021-06-29 10:42:43: itr(1000), training loss:  2.2954, 2.1051, 1.8324, 1.5695, 1.3777, 1.2246, 1.0714, 0.88052, 0.60281, 0.35167,
2021-06-29 10:43:01: itr(1010), training loss:  2.3127, 2.1675, 2.0359, 1.7833, 1.5116, 1.1346, 0.99435, 0.84149, 0.64574, 0.33655,
2021-06-29 10:43:20: itr(1020), training loss:  2.2475, 1.8775, 1.7619, 1.5398, 1.2909, 1.1111, 0.88124, 0.67794, 0.52243, 0.3691,
2021-06-29 10:43:38: itr(1030), training loss:  2.3375, 2.1399, 2.0215, 1.7583, 1.4436, 1.227, 1.0302, 0.86183, 0.54301, 0.34282,
2021-06-29 10:43:56: itr(1040), training loss:  2.1673, 1.9609, 1.7872, 1.6207, 1.3552, 1.194, 1.024, 0.73923, 0.61418, 0.33488,
2021-06-29 10:44:14: itr(1050), training loss:  2.5387, 2.2765, 1.8714, 1.5823, 1.2678, 1.0569, 0.85261, 0.60004, 0.50881, 0.31084,
2021-06-29 10:44:31: itr(1060), training loss:  2.2932, 2.0693, 1.7561, 1.4113, 1.1114, 1.0383, 0.85461, 0.67494, 0.44797, 0.32571,
2021-06-29 10:44:49: itr(1070), training loss:  2.097, 1.9577, 1.6501, 1.4074, 1.2387, 0.94974, 0.83747, 0.62414, 0.45854, 0.28802,
2021-06-29 10:45:10: itr(1080), training loss:  2.4298, 2.2921, 2.1149, 1.8363, 1.5812, 1.2913, 1.0906, 0.68042, 0.48139, 0.32742,
2021-06-29 10:45:27: itr(1090), training loss:  2.5935, 2.369, 1.9431, 1.6363, 1.4088, 1.1595, 1.0132, 0.78012, 0.60196, 0.40634,
2021-06-29 10:45:45: itr(1100), training loss:  2.0526, 1.7913, 1.6995, 1.4648, 1.1204, 0.95573, 0.63136, 0.48696, 0.41908, 0.33972,
2021-06-29 10:46:03: itr(1110), training loss:  2.3166, 1.9923, 1.83, 1.6395, 1.5258, 1.1902, 0.98923, 0.75094, 0.47332, 0.30856,
2021-06-29 10:46:22: itr(1120), training loss:  2.2951, 2.0966, 1.9451, 1.6396, 1.3889, 1.2079, 0.96011, 0.74472, 0.54405, 0.2709,
2021-06-29 10:46:41: itr(1130), training loss:  2.2024, 1.9311, 1.5882, 1.4167, 1.2263, 0.95515, 0.79252, 0.64492, 0.43735, 0.31995,
2021-06-29 10:47:01: itr(1140), training loss:  1.9706, 1.856, 1.569, 1.428, 1.278, 1.0559, 0.95643, 0.8144, 0.57558, 0.35239,
2021-06-29 10:47:19: itr(1150), training loss:  2.0921, 1.9572, 1.7356, 1.5431, 1.3737, 1.2405, 1.0159, 0.75571, 0.59432, 0.31502,
 40%|████      | 4/10 [34:34<51:53, 518.88s/it]  2021-06-29 10:47:36: itr(1160), training loss:  2.3911, 2.2435, 1.9612, 1.8184, 1.4414, 1.2394, 1.0062, 0.81781, 0.62165, 0.30871,
2021-06-29 10:47:54: itr(1170), training loss:  2.2842, 2.0344, 1.9198, 1.8021, 1.5275, 1.3372, 1.1371, 0.76616, 0.53494, 0.33264,
2021-06-29 10:48:12: itr(1180), training loss:  2.2697, 2.0865, 1.8763, 1.6332, 1.3913, 1.1086, 0.95769, 0.6787, 0.54255, 0.33373,
2021-06-29 10:48:29: itr(1190), training loss:  2.411, 2.0651, 1.8502, 1.7141, 1.5511, 1.3188, 1.0135, 0.92653, 0.59623, 0.33168,
2021-06-29 10:48:47: itr(1200), training loss:  2.5901, 2.1768, 1.9253, 1.6127, 1.4703, 1.279, 0.98731, 0.66548, 0.44915, 0.3269,
2021-06-29 10:49:04: itr(1210), training loss:  2.0875, 1.8944, 1.6945, 1.4889, 1.2674, 1.034, 0.86218, 0.61398, 0.4581, 0.30683,
2021-06-29 10:49:22: itr(1220), training loss:  2.4105, 2.1794, 1.9867, 1.7448, 1.4562, 1.0889, 0.83371, 0.67643, 0.52951, 0.29402,
2021-06-29 10:49:40: itr(1230), training loss:  2.291, 2.0522, 1.9323, 1.7727, 1.5786, 1.1656, 0.94328, 0.70798, 0.5163, 0.30433,
2021-06-29 10:49:57: itr(1240), training loss:  2.1817, 1.8157, 1.6961, 1.4635, 1.3393, 1.1711, 0.91989, 0.68678, 0.50887, 0.30159,
2021-06-29 10:50:15: itr(1250), training loss:  2.2394, 1.9746, 1.6675, 1.4896, 1.2183, 1.075, 0.90376, 0.70501, 0.50386, 0.28768,
2021-06-29 10:50:33: itr(1260), training loss:  2.6229, 2.3152, 2.072, 1.8263, 1.6165, 1.2464, 1.0888, 0.85413, 0.52289, 0.34628,
2021-06-29 10:50:51: itr(1270), training loss:  1.938, 1.7684, 1.6323, 1.3643, 1.1321, 0.98021, 0.77623, 0.68303, 0.57359, 0.31208,
2021-06-29 10:51:09: itr(1280), training loss:  2.3239, 2.0145, 1.8258, 1.4892, 1.3835, 1.1221, 0.90696, 0.58597, 0.41415, 0.31218,
2021-06-29 10:51:30: itr(1290), training loss:  2.1076, 1.8145, 1.5886, 1.3804, 1.1603, 0.92656, 0.82887, 0.7086, 0.50654, 0.28408,
2021-06-29 10:51:48: itr(1300), training loss:  2.085, 1.9655, 1.6833, 1.4672, 1.2226, 0.99041, 0.83132, 0.69041, 0.54286, 0.32095,
2021-06-29 10:52:06: itr(1310), training loss:  2.2896, 2.0606, 1.8885, 1.6018, 1.332, 1.1138, 0.89563, 0.72235, 0.49871, 0.28811,
2021-06-29 10:52:24: itr(1320), training loss:  2.3307, 2.1834, 2.0274, 1.7649, 1.563, 1.2438, 0.96188, 0.75434, 0.54668, 0.27474,
2021-06-29 10:52:42: itr(1330), training loss:  2.1385, 1.9036, 1.7393, 1.4799, 1.4359, 1.2447, 1.0019, 0.73634, 0.52221, 0.27163,
2021-06-29 10:53:00: itr(1340), training loss:  1.9967, 1.7746, 1.5271, 1.2946, 1.0946, 0.91412, 0.68285, 0.5783, 0.43689, 0.25453,
2021-06-29 10:53:18: itr(1350), training loss:  2.3388, 2.1252, 2.1009, 1.8504, 1.7349, 1.3632, 0.99505, 0.72793, 0.41125, 0.22361,
2021-06-29 10:53:35: itr(1360), training loss:  2.0804, 1.894, 1.7004, 1.4578, 1.1328, 0.79699, 0.62051, 0.57842, 0.44712, 0.3245,
2021-06-29 10:53:53: itr(1370), training loss:  2.5792, 2.3149, 2.2613, 1.9986, 1.6429, 1.1872, 1.0774, 0.88695, 0.43325, 0.26097,
2021-06-29 10:54:10: itr(1380), training loss:  2.3216, 2.0812, 1.937, 1.5034, 1.2573, 1.0596, 0.86633, 0.76897, 0.66256, 0.29521,
2021-06-29 10:54:28: itr(1390), training loss:  2.2766, 1.9779, 1.7229, 1.4867, 1.3338, 1.2109, 1.04, 0.75183, 0.51829, 0.32099,
2021-06-29 10:54:46: itr(1400), training loss:  2.1193, 1.8951, 1.6522, 1.3304, 1.1516, 0.89394, 0.65067, 0.50575, 0.35388, 0.23284,
2021-06-29 10:55:04: itr(1410), training loss:  2.0671, 1.9081, 1.7293, 1.3757, 1.3431, 1.0705, 0.81681, 0.67558, 0.45572, 0.27102,
2021-06-29 10:55:21: itr(1420), training loss:  2.0984, 1.8973, 1.7126, 1.6093, 1.446, 1.2404, 0.98714, 0.65047, 0.40136, 0.27765,
2021-06-29 10:55:38: itr(1430), training loss:  2.3098, 2.0828, 1.9163, 1.585, 1.386, 1.2, 1.0223, 0.86864, 0.69768, 0.26824,
2021-06-29 10:55:55: itr(1440), training loss:  2.4233, 2.185, 1.9951, 1.7074, 1.4057, 1.2352, 1.0006, 0.73469, 0.6231, 0.34199,
 50%|█████     | 5/10 [43:09<43:08, 517.68s/it]2021-06-29 10:56:12: itr(1450), training loss:  1.9774, 1.7792, 1.6948, 1.5219, 1.3387, 1.0596, 0.88204, 0.62013, 0.42062, 0.27176,
2021-06-29 10:56:30: itr(1460), training loss:  2.5101, 2.2813, 2.0523, 1.771, 1.5903, 1.2372, 1.084, 0.79593, 0.6162, 0.28489,
2021-06-29 10:56:48: itr(1470), training loss:  2.2778, 2.052, 1.8097, 1.6373, 1.4092, 1.1957, 0.99519, 0.82217, 0.53273, 0.24585,
2021-06-29 10:57:05: itr(1480), training loss:  2.5352, 2.2218, 2.0879, 1.9124, 1.655, 1.4874, 1.1093, 0.77342, 0.52737, 0.28541,
2021-06-29 10:57:23: itr(1490), training loss:  2.2015, 1.9496, 1.7606, 1.4769, 1.2473, 1.1143, 0.86204, 0.73674, 0.48938, 0.29551,
2021-06-29 10:57:44: itr(1500), training loss:  2.2995, 1.9838, 1.8683, 1.5679, 1.4133, 1.2044, 0.86966, 0.61824, 0.37509, 0.23277,
2021-06-29 10:58:01: itr(1510), training loss:  2.2302, 2.1288, 1.992, 1.7192, 1.5764, 1.2445, 0.93545, 0.85131, 0.49696, 0.21057,
2021-06-29 10:58:19: itr(1520), training loss:  2.3141, 2.2317, 1.9092, 1.6156, 1.4749, 1.3261, 1.2503, 0.97466, 0.64311, 0.33566,
2021-06-29 10:58:37: itr(1530), training loss:  2.0971, 1.8043, 1.5624, 1.4205, 1.2892, 1.1695, 0.95882, 0.70347, 0.53862, 0.24275,
2021-06-29 10:58:55: itr(1540), training loss:  2.1356, 1.939, 1.8581, 1.4856, 1.2439, 1.0762, 0.90279, 0.80813, 0.53905, 0.25464,
2021-06-29 10:59:13: itr(1550), training loss:  2.3966, 2.2914, 2.0013, 1.913, 1.6548, 1.3833, 1.0529, 0.90844, 0.57151, 0.32775,
2021-06-29 10:59:30: itr(1560), training loss:  1.6463, 1.5757, 1.4824, 1.318, 1.0714, 0.88231, 0.71683, 0.51968, 0.40314, 0.29324,
2021-06-29 10:59:49: itr(1570), training loss:  2.2132, 1.9442, 1.7534, 1.5606, 1.3455, 1.0944, 0.89197, 0.67045, 0.44725, 0.22531,
2021-06-29 11:00:08: itr(1580), training loss:  2.2989, 2.0423, 1.7886, 1.6516, 1.2825, 1.0609, 0.83818, 0.70836, 0.56847, 0.27346,
2021-06-29 11:00:27: itr(1590), training loss:  2.4873, 2.342, 2.1218, 1.9364, 1.6009, 1.4032, 1.077, 0.79446, 0.6584, 0.22717,
2021-06-29 11:00:45: itr(1600), training loss:  2.1127, 1.8859, 1.6718, 1.4542, 1.1971, 0.96571, 0.74673, 0.60884, 0.30819, 0.22283,
2021-06-29 11:01:03: itr(1610), training loss:  1.8233, 1.6832, 1.4747, 1.274, 1.1247, 0.8958, 0.71158, 0.53471, 0.36893, 0.23121,
2021-06-29 11:01:21: itr(1620), training loss:  2.2189, 1.9684, 1.826, 1.5815, 1.4241, 1.2893, 1.2183, 0.79969, 0.45674, 0.23584,
2021-06-29 11:01:39: itr(1630), training loss:  2.4012, 2.1462, 1.6083, 1.4024, 1.2494, 1.1608, 0.90082, 0.59426, 0.48309, 0.22873,
2021-06-29 11:01:57: itr(1640), training loss:  2.1304, 1.9421, 1.7544, 1.4441, 1.0699, 0.92172, 0.61664, 0.47583, 0.44144, 0.23202,
2021-06-29 11:02:15: itr(1650), training loss:  2.0799, 1.8893, 1.7073, 1.5926, 1.4666, 1.1966, 0.98575, 0.84285, 0.4759, 0.23539,
2021-06-29 11:02:33: itr(1660), training loss:  2.1362, 2.0134, 1.9151, 1.7528, 1.4149, 1.121, 0.8972, 0.63896, 0.35523, 0.23699,
2021-06-29 11:02:51: itr(1670), training loss:  2.2144, 1.9784, 1.8274, 1.5858, 1.2224, 0.97783, 0.652, 0.49562, 0.51254, 0.25591,
2021-06-29 11:03:08: itr(1680), training loss:  1.9145, 1.7478, 1.5114, 1.3798, 1.2072, 1.0273, 0.8471, 0.71877, 0.58639, 0.27805,
2021-06-29 11:03:27: itr(1690), training loss:  2.1473, 1.782, 1.6441, 1.4924, 1.1879, 0.93643, 0.71324, 0.56, 0.33049, 0.22264,
2021-06-29 11:03:45: itr(1700), training loss:  2.0453, 1.8506, 1.7562, 1.5485, 1.4446, 1.1453, 0.91269, 0.60508, 0.36978, 0.23836,
2021-06-29 11:04:05: itr(1710), training loss:  2.1404, 1.8739, 1.7434, 1.6205, 1.2765, 1.1529, 0.96458, 0.71014, 0.5887, 0.25176,
2021-06-29 11:04:23: itr(1720), training loss:  2.1284, 1.9058, 1.6009, 1.4284, 1.093, 0.97134, 0.83403, 0.69353, 0.44663, 0.25124,
2021-06-29 11:04:41: itr(1730), training loss:  1.8702, 1.7591, 1.6386, 1.2701, 1.0515, 0.82069, 0.65746, 0.54851, 0.38451, 0.20776,
 60%|██████    | 6/10 [51:52<34:37, 519.43s/it]2021-06-29 11:04:58: itr(1740), training loss:  1.9542, 1.7201, 1.5424, 1.4114, 1.2118, 1.0327, 0.75062, 0.65284, 0.45397, 0.24747,
2021-06-29 11:05:15: itr(1750), training loss:  1.6525, 1.4836, 1.1981, 0.92557, 0.74957, 0.59171, 0.4619, 0.39999, 0.3243, 0.20553,
2021-06-29 11:05:32: itr(1760), training loss:  2.1198, 1.9296, 1.8306, 1.5663, 1.3938, 1.2235, 0.96138, 0.65277, 0.34068, 0.24098,
2021-06-29 11:05:50: itr(1770), training loss:  1.9044, 1.7697, 1.7258, 1.3898, 1.181, 1.0804, 0.90371, 0.69434, 0.51709, 0.22782,
2021-06-29 11:06:08: itr(1780), training loss:  2.5048, 2.2109, 1.9093, 1.7391, 1.5356, 1.1782, 1.0389, 0.73835, 0.46436, 0.27302,
2021-06-29 11:06:28: itr(1790), training loss:  1.9772, 1.7482, 1.6828, 1.533, 1.3421, 1.0392, 0.8751, 0.60469, 0.36421, 0.26905,
2021-06-29 11:06:45: itr(1800), training loss:  2.2697, 2.0009, 1.8773, 1.7496, 1.7043, 1.5472, 1.2177, 0.92521, 0.49206, 0.22515,
2021-06-29 11:07:03: itr(1810), training loss:  2.189, 1.9751, 1.8498, 1.656, 1.4669, 1.1186, 0.94948, 0.72326, 0.58873, 0.23389,
2021-06-29 11:07:20: itr(1820), training loss:  1.9891, 1.7692, 1.5513, 1.416, 1.2179, 1.0289, 0.83779, 0.56058, 0.45446, 0.23614,
2021-06-29 11:07:38: itr(1830), training loss:  2.387, 2.1539, 2.0116, 1.8118, 1.5888, 1.3831, 1.013, 0.75119, 0.4663, 0.27553,
2021-06-29 11:07:56: itr(1840), training loss:  2.0116, 1.8158, 1.6684, 1.5316, 1.352, 1.1492, 0.98924, 0.73196, 0.49845, 0.26579,
2021-06-29 11:08:15: itr(1850), training loss:  1.9563, 1.6357, 1.4967, 1.3414, 1.1456, 0.92874, 0.78904, 0.67316, 0.49237, 0.27336,
2021-06-29 11:08:35: itr(1860), training loss:  2.0302, 1.8704, 1.5973, 1.4765, 1.3251, 1.2069, 0.9815, 0.69452, 0.47513, 0.25358,
2021-06-29 11:08:56: itr(1870), training loss:  2.2937, 2.1068, 1.9038, 1.6692, 1.1332, 1.0236, 0.82437, 0.67248, 0.46381, 0.20532,
2021-06-29 11:09:14: itr(1880), training loss:  2.1597, 1.9268, 1.8665, 1.6511, 1.4396, 1.102, 1.0245, 0.72452, 0.48089, 0.25035,
2021-06-29 11:09:32: itr(1890), training loss:  2.6236, 2.2977, 2.1797, 1.7958, 1.6257, 1.3502, 1.0696, 0.77488, 0.46333, 0.25256,
2021-06-29 11:09:50: itr(1900), training loss:  2.3632, 2.0607, 1.8081, 1.5786, 1.3565, 1.1474, 0.94264, 0.70857, 0.48903, 0.23395,
2021-06-29 11:10:09: itr(1910), training loss:  2.0383, 1.8461, 1.6477, 1.3492, 1.2377, 0.98514, 0.82442, 0.72868, 0.39274, 0.22091,
2021-06-29 11:10:27: itr(1920), training loss:  2.6198, 2.191, 2.0522, 1.8219, 1.7067, 1.606, 1.1695, 0.9995, 0.60874, 0.2428,
2021-06-29 11:10:48: itr(1930), training loss:  2.1812, 1.922, 1.7962, 1.6431, 1.4619, 1.0499, 0.78625, 0.58033, 0.49396, 0.22597,
2021-06-29 11:11:06: itr(1940), training loss:  2.2941, 2.1196, 1.9519, 1.7015, 1.295, 1.2178, 0.79047, 0.60725, 0.4571, 0.22145,
2021-06-29 11:11:23: itr(1950), training loss:  1.8358, 1.5818, 1.5942, 1.3931, 0.94051, 0.85236, 0.65888, 0.54457, 0.32784, 0.20006,
2021-06-29 11:11:40: itr(1960), training loss:  2.1366, 1.72, 1.4769, 1.3059, 1.2269, 0.9225, 0.76827, 0.71107, 0.47813, 0.28333,
2021-06-29 11:11:58: itr(1970), training loss:  2.0492, 1.6905, 1.5496, 1.3885, 1.2526, 1.1004, 0.78336, 0.61662, 0.41514, 0.21644,
2021-06-29 11:12:16: itr(1980), training loss:  2.4816, 2.1998, 1.9512, 1.578, 1.3268, 1.1312, 0.93706, 0.66375, 0.40036, 0.31139,
2021-06-29 11:12:34: itr(1990), training loss:  1.9258, 1.7863, 1.5457, 1.2836, 1.1212, 1.0464, 0.71325, 0.43618, 0.33374, 0.21521,
2021-06-29 11:12:52: itr(2000), training loss:  2.2188, 1.907, 1.7946, 1.5948, 1.3513, 1.1146, 0.9346, 0.69665, 0.40038, 0.23804,
2021-06-29 11:13:09: itr(2010), training loss:  2.0941, 1.91, 1.7108, 1.573, 1.4082, 1.2361, 0.86184, 0.7931, 0.65176, 0.22175,
2021-06-29 11:13:27: itr(2020), training loss:  2.2046, 1.9477, 1.7113, 1.5656, 1.2048, 1.0255, 0.71916, 0.43598, 0.31117, 0.25538,
 70%|███████   | 7/10 [1:00:37<26:03, 521.01s/it]2021-06-29 11:13:44: itr(2030), training loss:  2.1183, 1.9539, 1.7256, 1.6008, 1.3303, 1.099, 0.75968, 0.45341, 0.39203, 0.23485,
2021-06-29 11:14:01: itr(2040), training loss:  2.1212, 1.9456, 1.5482, 1.4084, 1.177, 0.99603, 0.89139, 0.76367, 0.41689, 0.23639,
2021-06-29 11:14:19: itr(2050), training loss:  2.1386, 1.7643, 1.5551, 1.3944, 1.2433, 1.0293, 0.74122, 0.68368, 0.44917, 0.246,
2021-06-29 11:14:36: itr(2060), training loss:  1.8926, 1.6383, 1.4394, 1.317, 1.213, 1.0788, 0.89097, 0.70076, 0.45842, 0.2158,
2021-06-29 11:14:54: itr(2070), training loss:  2.1663, 1.8219, 1.5957, 1.3895, 1.2105, 0.95559, 0.78735, 0.6214, 0.33659, 0.2286,
2021-06-29 11:15:12: itr(2080), training loss:  2.0064, 1.8253, 1.6952, 1.5671, 1.3225, 1.1413, 0.81701, 0.67457, 0.58545, 0.19696,
2021-06-29 11:15:30: itr(2090), training loss:  2.0386, 1.7133, 1.5305, 1.4048, 1.1816, 0.97184, 0.59062, 0.54535, 0.46747, 0.21398,
2021-06-29 11:15:48: itr(2100), training loss:  2.2708, 2.084, 1.9225, 1.784, 1.715, 1.4767, 1.1555, 1.038, 0.52916, 0.22542,
2021-06-29 11:16:05: itr(2110), training loss:  1.959, 1.7106, 1.4852, 1.3032, 1.0195, 0.9085, 0.74357, 0.56571, 0.31289, 0.26214,
2021-06-29 11:16:23: itr(2120), training loss:  1.7797, 1.6707, 1.5911, 1.4161, 1.27, 0.94357, 0.86478, 0.65496, 0.25659, 0.20105,
2021-06-29 11:16:42: itr(2130), training loss:  2.1803, 1.9948, 1.6941, 1.475, 1.2463, 0.96838, 0.85478, 0.66682, 0.34481, 0.24401,
2021-06-29 11:17:03: itr(2140), training loss:  2.1093, 1.9039, 1.7808, 1.454, 1.2402, 0.94367, 0.80359, 0.69482, 0.4996, 0.27765,
2021-06-29 11:17:21: itr(2150), training loss:  2.2563, 2.0298, 1.7416, 1.6983, 1.5194, 1.2817, 0.93219, 0.68288, 0.46425, 0.22885,
2021-06-29 11:17:39: itr(2160), training loss:  1.927, 1.7286, 1.5181, 1.1643, 1.0774, 0.8093, 0.60863, 0.55032, 0.38056, 0.18201,
2021-06-29 11:17:58: itr(2170), training loss:  2.1643, 1.9458, 1.7973, 1.6365, 1.4437, 1.2465, 0.97216, 0.79509, 0.50163, 0.21548,
2021-06-29 11:18:16: itr(2180), training loss:  1.8788, 1.6209, 1.5037, 1.3308, 1.205, 1.0429, 0.93413, 0.65375, 0.36355, 0.23646,
2021-06-29 11:18:34: itr(2190), training loss:  2.7144, 2.4264, 2.134, 1.8372, 1.4673, 1.1931, 0.91048, 0.77702, 0.35346, 0.22466,
2021-06-29 11:18:52: itr(2200), training loss:  2.0946, 1.8475, 1.6047, 1.3991, 1.1208, 0.91767, 0.61514, 0.40911, 0.34022, 0.23326,
2021-06-29 11:19:10: itr(2210), training loss:  2.4925, 2.2816, 2.0082, 1.6309, 1.3428, 1.1699, 0.89163, 0.71961, 0.37657, 0.24075,
2021-06-29 11:19:28: itr(2220), training loss:  2.4512, 2.1252, 1.9537, 1.7876, 1.3711, 1.1585, 0.80491, 0.63307, 0.42541, 0.25034,
2021-06-29 11:19:47: itr(2230), training loss:  2.4636, 2.3578, 2.2101, 1.9787, 1.6497, 1.4093, 1.1225, 0.94712, 0.66582, 0.24534,
2021-06-29 11:20:05: itr(2240), training loss:  2.2528, 2.0681, 1.9062, 1.7295, 1.5227, 1.3192, 0.9917, 0.68536, 0.52601, 0.23458,
2021-06-29 11:20:23: itr(2250), training loss:  2.1061, 1.7683, 1.4824, 1.3124, 1.077, 0.79285, 0.55714, 0.41537, 0.31589, 0.27861,
2021-06-29 11:20:40: itr(2260), training loss:  2.6129, 2.2475, 1.9098, 1.6859, 1.3972, 1.1987, 0.86309, 0.7955, 0.50128, 0.29302,
2021-06-29 11:20:58: itr(2270), training loss:  1.8129, 1.5965, 1.4386, 1.3016, 1.1771, 0.95609, 0.68982, 0.52703, 0.36126, 0.18675,
2021-06-29 11:21:15: itr(2280), training loss:  1.9196, 1.8304, 1.7317, 1.4581, 1.3572, 1.0437, 0.89719, 0.81202, 0.58135, 0.20297,
2021-06-29 11:21:33: itr(2290), training loss:  1.8082, 1.5993, 1.486, 1.3761, 1.2367, 1.1481, 0.85604, 0.6989, 0.52212, 0.26163,
2021-06-29 11:21:50: itr(2300), training loss:  2.1859, 2.0422, 1.8175, 1.666, 1.4537, 1.2664, 0.9002, 0.73626, 0.52831, 0.23905,
2021-06-29 11:22:08: itr(2310), training loss:  2.0726, 1.7441, 1.564, 1.4102, 1.2561, 1.05, 0.76864, 0.53504, 0.33398, 0.20793,
 80%|████████  | 8/10 [1:09:16<17:20, 520.42s/it]2021-06-29 11:22:25: itr(2320), training loss:  2.2316, 2.0702, 1.7354, 1.5952, 1.4962, 1.2391, 0.87904, 0.65568, 0.55334, 0.2162,
2021-06-29 11:22:42: itr(2330), training loss:  2.0394, 1.6804, 1.5109, 1.3946, 1.2754, 1.0882, 0.88116, 0.65403, 0.40248, 0.32269,
2021-06-29 11:22:59: itr(2340), training loss:  1.965, 1.8481, 1.7627, 1.5928, 1.2918, 1.0247, 0.68296, 0.5577, 0.41587, 0.26897,
2021-06-29 11:23:19: itr(2350), training loss:  2.1616, 1.967, 1.7455, 1.5605, 1.3475, 1.1333, 0.86229, 0.66537, 0.44303, 0.20902,
2021-06-29 11:23:37: itr(2360), training loss:  2.1685, 1.9329, 1.6981, 1.4693, 1.2393, 0.96067, 0.83389, 0.74789, 0.54268, 0.35026,
2021-06-29 11:23:54: itr(2370), training loss:  2.5093, 2.2669, 1.9358, 1.7024, 1.4201, 1.1942, 1.0457, 0.73883, 0.4389, 0.20703,
2021-06-29 11:24:13: itr(2380), training loss:  1.999, 1.7856, 1.6819, 1.5043, 1.2332, 1.0068, 0.83991, 0.62962, 0.34221, 0.20363,
2021-06-29 11:24:30: itr(2390), training loss:  1.9131, 1.6721, 1.3777, 1.0934, 0.94704, 0.73564, 0.63209, 0.51529, 0.44929, 0.23992,
2021-06-29 11:24:48: itr(2400), training loss:  2.289, 2.0561, 1.8188, 1.7925, 1.512, 1.346, 1.0246, 0.89646, 0.53632, 0.26025,
2021-06-29 11:25:06: itr(2410), training loss:  2.165, 1.8778, 1.6664, 1.5036, 1.3997, 1.1764, 1.0502, 0.82388, 0.60003, 0.23022,
2021-06-29 11:25:24: itr(2420), training loss:  2.3523, 2.1022, 1.9025, 1.7125, 1.5112, 1.3183, 1.0016, 0.75504, 0.42554, 0.23499,
2021-06-29 11:25:42: itr(2430), training loss:  2.2084, 2.0992, 1.9996, 1.7199, 1.5532, 1.2589, 0.99872, 0.78541, 0.39291, 0.2271,
2021-06-29 11:25:59: itr(2440), training loss:  2.0292, 1.8703, 1.6649, 1.4417, 1.2154, 1.0013, 0.87982, 0.71845, 0.44795, 0.18552,
2021-06-29 11:26:17: itr(2450), training loss:  2.1779, 1.8582, 1.6047, 1.2573, 1.2173, 1.0609, 0.85651, 0.6473, 0.46563, 0.21119,
2021-06-29 11:26:35: itr(2460), training loss:  2.4239, 2.1677, 1.8252, 1.6643, 1.506, 1.2344, 0.99796, 0.91513, 0.44657, 0.20384,
2021-06-29 11:26:53: itr(2470), training loss:  2.5432, 2.2959, 2.0166, 1.8355, 1.4904, 1.2958, 0.98903, 0.84429, 0.5981, 0.32674,
2021-06-29 11:27:11: itr(2480), training loss:  2.1581, 1.9429, 1.8357, 1.607, 1.1846, 1.0931, 0.9366, 0.73644, 0.48739, 0.2194,
2021-06-29 11:27:28: itr(2490), training loss:  2.1924, 2.0293, 1.7961, 1.576, 1.3705, 1.2736, 1.1699, 0.97468, 0.66205, 0.33569,
2021-06-29 11:27:46: itr(2500), training loss:  2.6637, 2.287, 2.1868, 1.854, 1.6018, 1.2652, 0.90511, 0.75986, 0.51159, 0.21613,
2021-06-29 11:28:04: itr(2510), training loss:  2.0323, 1.7097, 1.5065, 1.3358, 1.0909, 0.89955, 0.71093, 0.67576, 0.41593, 0.1908,
2021-06-29 11:28:21: itr(2520), training loss:  2.2005, 1.9151, 1.7043, 1.6061, 1.3949, 1.129, 0.8465, 0.71672, 0.49143, 0.2461,
2021-06-29 11:28:39: itr(2530), training loss:  2.1649, 1.9648, 1.7217, 1.6531, 1.2984, 1.0678, 0.93634, 0.583, 0.29893, 0.19528,
2021-06-29 11:28:57: itr(2540), training loss:  1.9756, 1.749, 1.6106, 1.4441, 1.1523, 0.97222, 0.7903, 0.70425, 0.46179, 0.27352,
2021-06-29 11:29:14: itr(2550), training loss:  2.5255, 2.2467, 1.9264, 1.6311, 1.4027, 1.2642, 1.1207, 0.81566, 0.44224, 0.25656,
2021-06-29 11:29:34: itr(2560), training loss:  2.2742, 2.0465, 1.8251, 1.5504, 1.2411, 0.9795, 0.75284, 0.62044, 0.42971, 0.20825,
2021-06-29 11:29:51: itr(2570), training loss:  2.3137, 2.1831, 1.9258, 1.6177, 1.4051, 1.2293, 1.0892, 0.9269, 0.64238, 0.24345,
2021-06-29 11:30:09: itr(2580), training loss:  2.2171, 2.0178, 1.68, 1.548, 1.2825, 1.1284, 1.0124, 0.78632, 0.59882, 0.19773,
2021-06-29 11:30:27: itr(2590), training loss:  2.3593, 2.1903, 1.8182, 1.601, 1.283, 1.0328, 0.78948, 0.73685, 0.44057, 0.24214,
2021-06-29 11:30:44: itr(2600), training loss:  2.1949, 1.988, 1.6377, 1.5064, 1.3761, 1.0974, 0.82708, 0.65359, 0.40333, 0.20483,
 90%|█████████ | 9/10 [1:17:51<08:38, 518.68s/it]2021-06-29 11:31:01: itr(2610), training loss:  2.1157, 1.8129, 1.619, 1.4503, 1.2201, 0.98995, 0.75065, 0.61759, 0.40163, 0.21366,
2021-06-29 11:31:18: itr(2620), training loss:  2.4183, 2.1193, 1.9349, 1.7309, 1.4923, 1.3253, 1.0102, 0.93377, 0.59659, 0.24297,
2021-06-29 11:31:35: itr(2630), training loss:  1.6931, 1.588, 1.4472, 1.3227, 1.0863, 1.0121, 0.86118, 0.52475, 0.336, 0.2206,
2021-06-29 11:31:52: itr(2640), training loss:  2.7596, 2.482, 2.188, 1.9777, 1.7924, 1.269, 1.0642, 0.79103, 0.47766, 0.25793,
2021-06-29 11:32:09: itr(2650), training loss:  2.45, 2.1651, 1.9802, 1.7036, 1.5875, 1.3076, 1.0569, 0.88178, 0.66181, 0.25489,
2021-06-29 11:32:27: itr(2660), training loss:  2.5454, 2.2281, 1.9022, 1.7811, 1.4279, 1.1666, 0.95801, 0.65253, 0.50094, 0.30019,
2021-06-29 11:32:44: itr(2670), training loss:  2.2715, 1.9448, 1.6461, 1.5354, 1.385, 1.2168, 0.74447, 0.6489, 0.45033, 0.21874,
2021-06-29 11:33:03: itr(2680), training loss:  2.2147, 2.0391, 1.8706, 1.7562, 1.5427, 1.3044, 0.97123, 0.79391, 0.4665, 0.23636,
2021-06-29 11:33:20: itr(2690), training loss:  2.5828, 2.2595, 2.0262, 1.8265, 1.5879, 1.4302, 1.2523, 1.0476, 0.60432, 0.26691,
2021-06-29 11:33:37: itr(2700), training loss:  2.0578, 1.9258, 1.6428, 1.5368, 1.3923, 1.2178, 1.0324, 0.88034, 0.56111, 0.32637,
2021-06-29 11:33:55: itr(2710), training loss:  2.1247, 1.7736, 1.5999, 1.3537, 1.1458, 0.75376, 0.60945, 0.48921, 0.36899, 0.21209,
2021-06-29 11:34:13: itr(2720), training loss:  2.3224, 1.8593, 1.617, 1.3986, 1.2111, 1.0403, 0.87421, 0.59013, 0.37128, 0.25163,
2021-06-29 11:34:30: itr(2730), training loss:  2.0458, 1.8555, 1.5619, 1.2566, 1.1622, 1.0722, 0.82253, 0.6648, 0.378, 0.17715,
2021-06-29 11:34:48: itr(2740), training loss:  2.0544, 1.9368, 1.8132, 1.6602, 1.4201, 1.1598, 0.81438, 0.65666, 0.47722, 0.21546,
2021-06-29 11:35:06: itr(2750), training loss:  2.1312, 1.9367, 1.8308, 1.572, 1.314, 1.1515, 0.93061, 0.86873, 0.50022, 0.23669,
2021-06-29 11:35:23: itr(2760), training loss:  2.3633, 2.1795, 1.9056, 1.687, 1.4735, 1.1939, 0.8029, 0.65676, 0.48354, 0.22818,
2021-06-29 11:35:44: itr(2770), training loss:  2.0254, 1.8376, 1.6983, 1.3578, 1.1625, 0.93292, 0.7591, 0.61893, 0.45879, 0.21342,
2021-06-29 11:36:02: itr(2780), training loss:  2.6667, 2.3604, 2.0446, 1.8429, 1.5726, 1.3307, 0.95795, 0.77287, 0.50634, 0.22236,
2021-06-29 11:36:19: itr(2790), training loss:  2.3011, 2.0499, 1.7091, 1.4304, 1.2185, 0.9889, 0.8422, 0.6293, 0.37396, 0.22956,
2021-06-29 11:36:37: itr(2800), training loss:  1.9821, 1.8407, 1.6158, 1.422, 1.1792, 0.90139, 0.75655, 0.64502, 0.42568, 0.20958,
2021-06-29 11:36:54: itr(2810), training loss:  2.1225, 1.8763, 1.7263, 1.6031, 1.4046, 1.2051, 0.96889, 0.72168, 0.46884, 0.19942,
2021-06-29 11:37:11: itr(2820), training loss:  2.3058, 2.1713, 2.1283, 1.8582, 1.6606, 1.4058, 1.112, 0.73067, 0.52969, 0.24731,
2021-06-29 11:37:28: itr(2830), training loss:  2.4146, 2.138, 1.9367, 1.7446, 1.4133, 1.1376, 0.88201, 0.63925, 0.29106, 0.21085,
2021-06-29 11:37:44: itr(2840), training loss:  2.3853, 2.1295, 1.9248, 1.6022, 1.3519, 1.1873, 0.8924, 0.73526, 0.41011, 0.26636,
2021-06-29 11:38:02: itr(2850), training loss:  2.3785, 2.1432, 1.8888, 1.6464, 1.3388, 0.98079, 0.71831, 0.5339, 0.37258, 0.21035,
2021-06-29 11:38:19: itr(2860), training loss:  2.1499, 1.9758, 1.7777, 1.4544, 1.1265, 1.012, 0.70666, 0.56591, 0.4124, 0.22978,
2021-06-29 11:38:36: itr(2870), training loss:  2.6086, 2.4581, 2.1144, 1.9672, 1.5814, 1.2874, 1.0876, 0.80028, 0.4401, 0.27487,
2021-06-29 11:38:53: itr(2880), training loss:  2.2409, 1.9317, 1.7888, 1.6689, 1.3213, 1.154, 0.78617, 0.68676, 0.52098, 0.22249,
100%|██████████| 10/10 [1:26:15<00:00, 514.39s/it]100%|██████████| 10/10 [1:26:15<00:00, 517.55s/it]
model:../model/dqn/best-reward-comb-10 saved success!!!!
2021-06-29 11:39:09,158 - /data2/project/RL/utils/yjp_decorator.py[line:53] - INFO: [105.0606185317 m] train 
2021-06-29 11:43:51,879 - /data2/project/RL/utils/yjp_decorator.py[line:53] - INFO: [4.7117926915 m] validation 
(2.082767160730931, 0.22161689453905817, 2.082767160730931)
2021-06-29 11:48:53,648 - /data2/project/RL/utils/yjp_decorator.py[line:53] - INFO: [5.0294050614 m] validation_train 
(1.0422953346284338, 0.22125251328450382, 1.0422953346284338)
2021-06-29 11:48:56,370 - /data2/project/RL/utils/yjp_decorator.py[line:53] - INFO: [115.2389740109 m] main 
finished!!!!!!,time cost:115.23899196783701 m
