nohup: 忽略输入
/data1/anaconda3/lib/python3.6/site-packages/tensorflow/python/framework/dtypes.py:516: FutureWarning: Passing (type, 1) or '1type' as a synonym of type is deprecated; in a future version of numpy, it will be understood as (type, (1,)) / '(1,)type'.
  _np_qint8 = np.dtype([("qint8", np.int8, 1)])
/data1/anaconda3/lib/python3.6/site-packages/tensorflow/python/framework/dtypes.py:517: FutureWarning: Passing (type, 1) or '1type' as a synonym of type is deprecated; in a future version of numpy, it will be understood as (type, (1,)) / '(1,)type'.
  _np_quint8 = np.dtype([("quint8", np.uint8, 1)])
/data1/anaconda3/lib/python3.6/site-packages/tensorflow/python/framework/dtypes.py:518: FutureWarning: Passing (type, 1) or '1type' as a synonym of type is deprecated; in a future version of numpy, it will be understood as (type, (1,)) / '(1,)type'.
  _np_qint16 = np.dtype([("qint16", np.int16, 1)])
/data1/anaconda3/lib/python3.6/site-packages/tensorflow/python/framework/dtypes.py:519: FutureWarning: Passing (type, 1) or '1type' as a synonym of type is deprecated; in a future version of numpy, it will be understood as (type, (1,)) / '(1,)type'.
  _np_quint16 = np.dtype([("quint16", np.uint16, 1)])
/data1/anaconda3/lib/python3.6/site-packages/tensorflow/python/framework/dtypes.py:520: FutureWarning: Passing (type, 1) or '1type' as a synonym of type is deprecated; in a future version of numpy, it will be understood as (type, (1,)) / '(1,)type'.
  _np_qint32 = np.dtype([("qint32", np.int32, 1)])
/data1/anaconda3/lib/python3.6/site-packages/tensorflow/python/framework/dtypes.py:525: FutureWarning: Passing (type, 1) or '1type' as a synonym of type is deprecated; in a future version of numpy, it will be understood as (type, (1,)) / '(1,)type'.
  np_resource = np.dtype([("resource", np.ubyte, 1)])
/data1/anaconda3/lib/python3.6/site-packages/tensorboard/compat/tensorflow_stub/dtypes.py:541: FutureWarning: Passing (type, 1) or '1type' as a synonym of type is deprecated; in a future version of numpy, it will be understood as (type, (1,)) / '(1,)type'.
  _np_qint8 = np.dtype([("qint8", np.int8, 1)])
/data1/anaconda3/lib/python3.6/site-packages/tensorboard/compat/tensorflow_stub/dtypes.py:542: FutureWarning: Passing (type, 1) or '1type' as a synonym of type is deprecated; in a future version of numpy, it will be understood as (type, (1,)) / '(1,)type'.
  _np_quint8 = np.dtype([("quint8", np.uint8, 1)])
/data1/anaconda3/lib/python3.6/site-packages/tensorboard/compat/tensorflow_stub/dtypes.py:543: FutureWarning: Passing (type, 1) or '1type' as a synonym of type is deprecated; in a future version of numpy, it will be understood as (type, (1,)) / '(1,)type'.
  _np_qint16 = np.dtype([("qint16", np.int16, 1)])
/data1/anaconda3/lib/python3.6/site-packages/tensorboard/compat/tensorflow_stub/dtypes.py:544: FutureWarning: Passing (type, 1) or '1type' as a synonym of type is deprecated; in a future version of numpy, it will be understood as (type, (1,)) / '(1,)type'.
  _np_quint16 = np.dtype([("quint16", np.uint16, 1)])
/data1/anaconda3/lib/python3.6/site-packages/tensorboard/compat/tensorflow_stub/dtypes.py:545: FutureWarning: Passing (type, 1) or '1type' as a synonym of type is deprecated; in a future version of numpy, it will be understood as (type, (1,)) / '(1,)type'.
  _np_qint32 = np.dtype([("qint32", np.int32, 1)])
/data1/anaconda3/lib/python3.6/site-packages/tensorboard/compat/tensorflow_stub/dtypes.py:550: FutureWarning: Passing (type, 1) or '1type' as a synonym of type is deprecated; in a future version of numpy, it will be understood as (type, (1,)) / '(1,)type'.
  np_resource = np.dtype([("resource", np.ubyte, 1)])
>>>>>>>>>>> Namespace(batch_size=1024, click_path='../data/raw/click.csv', clip_max_value=40.0, clip_min_value=-40.0, compu_type='thread', data_folder='../data/handled/', dims='256-32', dqn_dims='256-32', dqn_lr=0.001, dqn_type='offline', embedding_path='/data1/ai-recall/bpr/model/', env_std=0.001, epoch=10, exposure_path='../data/raw/exposure.csv', gamma=0.98, init_learning_rate=0.01, k=10, learning_rate=0.001, min_value=-1000000000.0, model_path='../model/dqn/', noclick_weight=0.8, num_iters=50, num_thread=1, pw_band_size=20, pw_dim=4, q_std=0.01, random_seed=1126, resplit=False, rnn_hidden_dim=20, sample_batch_size=1024, save_dir='../model/save_dir/', threshold=0.97, train_time_horizon=15, training_batch_size=1024, user_model='PW', vali_batch_size=2000, vali_time_horizon=15) <<<<<<<<<<<<<<<<<<<<<<
WARNING:tensorflow:From /data2/project/RL/GAN_RL/yjp/code/env.py:47: The name tf.GPUOptions is deprecated. Please use tf.compat.v1.GPUOptions instead.

WARNING:tensorflow:From /data2/project/RL/GAN_RL/yjp/code/env.py:48: The name tf.ConfigProto is deprecated. Please use tf.compat.v1.ConfigProto instead.

WARNING:tensorflow:From /data2/project/RL/GAN_RL/yjp/code/env.py:49: The name tf.Session is deprecated. Please use tf.compat.v1.Session instead.

2021-07-01 08:49:11.909567: I tensorflow/core/platform/cpu_feature_guard.cc:142] Your CPU supports instructions that this TensorFlow binary was not compiled to use: SSE4.1 SSE4.2 AVX AVX2 AVX512F FMA
2021-07-01 08:49:11.921654: I tensorflow/core/platform/profile_utils/cpu_utils.cc:94] CPU Frequency: 2100000000 Hz
2021-07-01 08:49:11.926300: I tensorflow/compiler/xla/service/service.cc:168] XLA service 0x55a7b0220400 executing computations on platform Host. Devices:
2021-07-01 08:49:11.926367: I tensorflow/compiler/xla/service/service.cc:175]   StreamExecutor device (0): <undefined>, <undefined>
2021-07-01 08:49:11.928058: I tensorflow/stream_executor/platform/default/dso_loader.cc:42] Successfully opened dynamic library libcuda.so.1
2021-07-01 08:49:12.671996: I tensorflow/core/common_runtime/gpu/gpu_device.cc:1640] Found device 0 with properties: 
name: Tesla P40 major: 6 minor: 1 memoryClockRate(GHz): 1.531
pciBusID: 0000:37:00.0
2021-07-01 08:49:12.672480: I tensorflow/stream_executor/platform/default/dso_loader.cc:42] Successfully opened dynamic library libcudart.so.10.1
2021-07-01 08:49:12.675004: I tensorflow/stream_executor/platform/default/dso_loader.cc:42] Successfully opened dynamic library libcublas.so.10
2021-07-01 08:49:12.677598: I tensorflow/stream_executor/platform/default/dso_loader.cc:42] Successfully opened dynamic library libcufft.so.10
2021-07-01 08:49:12.677932: I tensorflow/stream_executor/platform/default/dso_loader.cc:42] Successfully opened dynamic library libcurand.so.10
2021-07-01 08:49:12.680711: I tensorflow/stream_executor/platform/default/dso_loader.cc:42] Successfully opened dynamic library libcusolver.so.10
2021-07-01 08:49:12.682001: I tensorflow/stream_executor/platform/default/dso_loader.cc:42] Successfully opened dynamic library libcusparse.so.10
2021-07-01 08:49:12.688252: I tensorflow/stream_executor/platform/default/dso_loader.cc:42] Successfully opened dynamic library libcudnn.so.7
2021-07-01 08:49:12.689908: I tensorflow/core/common_runtime/gpu/gpu_device.cc:1763] Adding visible gpu devices: 0
2021-07-01 08:49:12.689949: I tensorflow/stream_executor/platform/default/dso_loader.cc:42] Successfully opened dynamic library libcudart.so.10.1
2021-07-01 08:49:12.805908: I tensorflow/core/common_runtime/gpu/gpu_device.cc:1181] Device interconnect StreamExecutor with strength 1 edge matrix:
2021-07-01 08:49:12.805963: I tensorflow/core/common_runtime/gpu/gpu_device.cc:1187]      0 
2021-07-01 08:49:12.805983: I tensorflow/core/common_runtime/gpu/gpu_device.cc:1200] 0:   N 
2021-07-01 08:49:12.808662: I tensorflow/core/common_runtime/gpu/gpu_device.cc:1326] Created TensorFlow device (/job:localhost/replica:0/task:0/device:GPU:0 with 11459 MB memory) -> physical GPU (device: 0, name: Tesla P40, pci bus id: 0000:37:00.0, compute capability: 6.1)
2021-07-01 08:49:12.811414: I tensorflow/compiler/xla/service/service.cc:168] XLA service 0x55a7b0d54e10 executing computations on platform CUDA. Devices:
2021-07-01 08:49:12.811445: I tensorflow/compiler/xla/service/service.cc:175]   StreamExecutor device (0): Tesla P40, Compute Capability 6.1
['_k', 10, '_noclick_weight', 0.8]
WARNING:tensorflow:From /data2/project/RL/GAN_RL/yjp/code/env.py:106: dense (from tensorflow.python.layers.core) is deprecated and will be removed in a future version.
Instructions for updating:
Use keras.layers.dense instead.
WARNING:tensorflow:Entity <bound method Dense.call of <tensorflow.python.layers.core.Dense object at 0x7f6b83b52dd8>> could not be transformed and will be executed as-is. Please report this to the AutgoGraph team. When filing the bug, set the verbosity to 10 (on Linux, `export AUTOGRAPH_VERBOSITY=10`) and attach the full output. Cause: converting <bound method Dense.call of <tensorflow.python.layers.core.Dense object at 0x7f6b83b52dd8>>: AttributeError: module 'gast' has no attribute 'Index'
WARNING:tensorflow:Entity <bound method Dense.call of <tensorflow.python.layers.core.Dense object at 0x7f6b83b52dd8>> could not be transformed and will be executed as-is. Please report this to the AutgoGraph team. When filing the bug, set the verbosity to 10 (on Linux, `export AUTOGRAPH_VERBOSITY=10`) and attach the full output. Cause: converting <bound method Dense.call of <tensorflow.python.layers.core.Dense object at 0x7f6b83b52dd8>>: AttributeError: module 'gast' has no attribute 'Index'
WARNING:tensorflow:Entity <bound method Dense.call of <tensorflow.python.layers.core.Dense object at 0x7f6b83b24390>> could not be transformed and will be executed as-is. Please report this to the AutgoGraph team. When filing the bug, set the verbosity to 10 (on Linux, `export AUTOGRAPH_VERBOSITY=10`) and attach the full output. Cause: converting <bound method Dense.call of <tensorflow.python.layers.core.Dense object at 0x7f6b83b24390>>: AttributeError: module 'gast' has no attribute 'Index'
WARNING:tensorflow:From /data2/project/RL/GAN_RL/yjp/code/env.py:148: div (from tensorflow.python.ops.math_ops) is deprecated and will be removed in a future version.
Instructions for updating:
Deprecated in favor of operator or tf.math.divide.
WARNING:tensorflow:From /data2/project/RL/GAN_RL/yjp/code/env.py:190: The name tf.variables_initializer is deprecated. Please use tf.compat.v1.variables_initializer instead.

WARNING:tensorflow:From /data1/anaconda3/lib/python3.6/site-packages/tensorflow/python/training/saver.py:1276: checkpoint_exists (from tensorflow.python.training.checkpoint_management) is deprecated and will be removed in a future version.
Instructions for updating:
Use standard file APIs to check for files with this prefix.
model:../model/save_dir/PW/best-loss loaded success!!!!
2021-07-01 08:49:33.747784: I tensorflow/core/common_runtime/gpu/gpu_device.cc:1640] Found device 0 with properties: 
name: Tesla P40 major: 6 minor: 1 memoryClockRate(GHz): 1.531
pciBusID: 0000:37:00.0
2021-07-01 08:49:33.747885: I tensorflow/stream_executor/platform/default/dso_loader.cc:42] Successfully opened dynamic library libcudart.so.10.1
2021-07-01 08:49:33.747911: I tensorflow/stream_executor/platform/default/dso_loader.cc:42] Successfully opened dynamic library libcublas.so.10
2021-07-01 08:49:33.747949: I tensorflow/stream_executor/platform/default/dso_loader.cc:42] Successfully opened dynamic library libcufft.so.10
2021-07-01 08:49:33.747975: I tensorflow/stream_executor/platform/default/dso_loader.cc:42] Successfully opened dynamic library libcurand.so.10
2021-07-01 08:49:33.747999: I tensorflow/stream_executor/platform/default/dso_loader.cc:42] Successfully opened dynamic library libcusolver.so.10
2021-07-01 08:49:33.748036: I tensorflow/stream_executor/platform/default/dso_loader.cc:42] Successfully opened dynamic library libcusparse.so.10
2021-07-01 08:49:33.748063: I tensorflow/stream_executor/platform/default/dso_loader.cc:42] Successfully opened dynamic library libcudnn.so.7
2021-07-01 08:49:33.749461: I tensorflow/core/common_runtime/gpu/gpu_device.cc:1763] Adding visible gpu devices: 0
2021-07-01 08:49:33.749521: I tensorflow/core/common_runtime/gpu/gpu_device.cc:1181] Device interconnect StreamExecutor with strength 1 edge matrix:
2021-07-01 08:49:33.749535: I tensorflow/core/common_runtime/gpu/gpu_device.cc:1187]      0 
2021-07-01 08:49:33.749548: I tensorflow/core/common_runtime/gpu/gpu_device.cc:1200] 0:   N 
2021-07-01 08:49:33.750951: I tensorflow/core/common_runtime/gpu/gpu_device.cc:1326] Created TensorFlow device (/job:localhost/replica:0/task:0/device:GPU:0 with 11459 MB memory) -> physical GPU (device: 0, name: Tesla P40, pci bus id: 0000:37:00.0, compute capability: 6.1)
WARNING:tensorflow:From /data2/project/RL/GAN_RL/yjp/code/dqn.py:36: The name tf.train.get_or_create_global_step is deprecated. Please use tf.compat.v1.train.get_or_create_global_step instead.

WARNING:tensorflow:From /data2/project/RL/GAN_RL/yjp/code/dqn.py:132: The name tf.trainable_variables is deprecated. Please use tf.compat.v1.trainable_variables instead.

WARNING:tensorflow:Entity <bound method Dense.call of <tensorflow.python.layers.core.Dense object at 0x7f6b7c0b2b00>> could not be transformed and will be executed as-is. Please report this to the AutgoGraph team. When filing the bug, set the verbosity to 10 (on Linux, `export AUTOGRAPH_VERBOSITY=10`) and attach the full output. Cause: converting <bound method Dense.call of <tensorflow.python.layers.core.Dense object at 0x7f6b7c0b2b00>>: AttributeError: module 'gast' has no attribute 'Index'
WARNING:tensorflow:Entity <bound method Dense.call of <tensorflow.python.layers.core.Dense object at 0x7f6b7c0b2b00>> could not be transformed and will be executed as-is. Please report this to the AutgoGraph team. When filing the bug, set the verbosity to 10 (on Linux, `export AUTOGRAPH_VERBOSITY=10`) and attach the full output. Cause: converting <bound method Dense.call of <tensorflow.python.layers.core.Dense object at 0x7f6b7c0b2b00>>: AttributeError: module 'gast' has no attribute 'Index'
WARNING:tensorflow:Entity <bound method Dense.call of <tensorflow.python.layers.core.Dense object at 0x7f6b7ceabcc0>> could not be transformed and will be executed as-is. Please report this to the AutgoGraph team. When filing the bug, set the verbosity to 10 (on Linux, `export AUTOGRAPH_VERBOSITY=10`) and attach the full output. Cause: converting <bound method Dense.call of <tensorflow.python.layers.core.Dense object at 0x7f6b7ceabcc0>>: AttributeError: module 'gast' has no attribute 'Index'
WARNING:tensorflow:From /data2/project/RL/GAN_RL/yjp/code/dqn.py:143: The name tf.train.AdamOptimizer is deprecated. Please use tf.compat.v1.train.AdamOptimizer instead.

WARNING:tensorflow:Entity <bound method Dense.call of <tensorflow.python.layers.core.Dense object at 0x7f692535f588>> could not be transformed and will be executed as-is. Please report this to the AutgoGraph team. When filing the bug, set the verbosity to 10 (on Linux, `export AUTOGRAPH_VERBOSITY=10`) and attach the full output. Cause: converting <bound method Dense.call of <tensorflow.python.layers.core.Dense object at 0x7f692535f588>>: AttributeError: module 'gast' has no attribute 'Index'
WARNING:tensorflow:Entity <bound method Dense.call of <tensorflow.python.layers.core.Dense object at 0x7f6b7471ccc0>> could not be transformed and will be executed as-is. Please report this to the AutgoGraph team. When filing the bug, set the verbosity to 10 (on Linux, `export AUTOGRAPH_VERBOSITY=10`) and attach the full output. Cause: converting <bound method Dense.call of <tensorflow.python.layers.core.Dense object at 0x7f6b7471ccc0>>: AttributeError: module 'gast' has no attribute 'Index'
WARNING:tensorflow:Entity <bound method Dense.call of <tensorflow.python.layers.core.Dense object at 0x7f69254fdef0>> could not be transformed and will be executed as-is. Please report this to the AutgoGraph team. When filing the bug, set the verbosity to 10 (on Linux, `export AUTOGRAPH_VERBOSITY=10`) and attach the full output. Cause: converting <bound method Dense.call of <tensorflow.python.layers.core.Dense object at 0x7f69254fdef0>>: AttributeError: module 'gast' has no attribute 'Index'
WARNING:tensorflow:Entity <bound method Dense.call of <tensorflow.python.layers.core.Dense object at 0x7f692823cdd8>> could not be transformed and will be executed as-is. Please report this to the AutgoGraph team. When filing the bug, set the verbosity to 10 (on Linux, `export AUTOGRAPH_VERBOSITY=10`) and attach the full output. Cause: converting <bound method Dense.call of <tensorflow.python.layers.core.Dense object at 0x7f692823cdd8>>: AttributeError: module 'gast' has no attribute 'Index'
WARNING:tensorflow:Entity <bound method Dense.call of <tensorflow.python.layers.core.Dense object at 0x7f69267c2630>> could not be transformed and will be executed as-is. Please report this to the AutgoGraph team. When filing the bug, set the verbosity to 10 (on Linux, `export AUTOGRAPH_VERBOSITY=10`) and attach the full output. Cause: converting <bound method Dense.call of <tensorflow.python.layers.core.Dense object at 0x7f69267c2630>>: AttributeError: module 'gast' has no attribute 'Index'
WARNING:tensorflow:Entity <bound method Dense.call of <tensorflow.python.layers.core.Dense object at 0x7f6b7c0c5828>> could not be transformed and will be executed as-is. Please report this to the AutgoGraph team. When filing the bug, set the verbosity to 10 (on Linux, `export AUTOGRAPH_VERBOSITY=10`) and attach the full output. Cause: converting <bound method Dense.call of <tensorflow.python.layers.core.Dense object at 0x7f6b7c0c5828>>: AttributeError: module 'gast' has no attribute 'Index'
WARNING:tensorflow:Entity <bound method Dense.call of <tensorflow.python.layers.core.Dense object at 0x7f6925852898>> could not be transformed and will be executed as-is. Please report this to the AutgoGraph team. When filing the bug, set the verbosity to 10 (on Linux, `export AUTOGRAPH_VERBOSITY=10`) and attach the full output. Cause: converting <bound method Dense.call of <tensorflow.python.layers.core.Dense object at 0x7f6925852898>>: AttributeError: module 'gast' has no attribute 'Index'
WARNING:tensorflow:Entity <bound method Dense.call of <tensorflow.python.layers.core.Dense object at 0x7f6925852898>> could not be transformed and will be executed as-is. Please report this to the AutgoGraph team. When filing the bug, set the verbosity to 10 (on Linux, `export AUTOGRAPH_VERBOSITY=10`) and attach the full output. Cause: converting <bound method Dense.call of <tensorflow.python.layers.core.Dense object at 0x7f6925852898>>: AttributeError: module 'gast' has no attribute 'Index'
WARNING:tensorflow:Entity <bound method Dense.call of <tensorflow.python.layers.core.Dense object at 0x7f6925852898>> could not be transformed and will be executed as-is. Please report this to the AutgoGraph team. When filing the bug, set the verbosity to 10 (on Linux, `export AUTOGRAPH_VERBOSITY=10`) and attach the full output. Cause: converting <bound method Dense.call of <tensorflow.python.layers.core.Dense object at 0x7f6925852898>>: AttributeError: module 'gast' has no attribute 'Index'
WARNING:tensorflow:Entity <bound method Dense.call of <tensorflow.python.layers.core.Dense object at 0x7f6926ef9a20>> could not be transformed and will be executed as-is. Please report this to the AutgoGraph team. When filing the bug, set the verbosity to 10 (on Linux, `export AUTOGRAPH_VERBOSITY=10`) and attach the full output. Cause: converting <bound method Dense.call of <tensorflow.python.layers.core.Dense object at 0x7f6926ef9a20>>: AttributeError: module 'gast' has no attribute 'Index'
WARNING:tensorflow:Entity <bound method Dense.call of <tensorflow.python.layers.core.Dense object at 0x7f6925577710>> could not be transformed and will be executed as-is. Please report this to the AutgoGraph team. When filing the bug, set the verbosity to 10 (on Linux, `export AUTOGRAPH_VERBOSITY=10`) and attach the full output. Cause: converting <bound method Dense.call of <tensorflow.python.layers.core.Dense object at 0x7f6925577710>>: AttributeError: module 'gast' has no attribute 'Index'
WARNING:tensorflow:Entity <bound method Dense.call of <tensorflow.python.layers.core.Dense object at 0x7f6b7c17e898>> could not be transformed and will be executed as-is. Please report this to the AutgoGraph team. When filing the bug, set the verbosity to 10 (on Linux, `export AUTOGRAPH_VERBOSITY=10`) and attach the full output. Cause: converting <bound method Dense.call of <tensorflow.python.layers.core.Dense object at 0x7f6b7c17e898>>: AttributeError: module 'gast' has no attribute 'Index'
WARNING:tensorflow:Entity <bound method Dense.call of <tensorflow.python.layers.core.Dense object at 0x7f6b747dbf28>> could not be transformed and will be executed as-is. Please report this to the AutgoGraph team. When filing the bug, set the verbosity to 10 (on Linux, `export AUTOGRAPH_VERBOSITY=10`) and attach the full output. Cause: converting <bound method Dense.call of <tensorflow.python.layers.core.Dense object at 0x7f6b747dbf28>>: AttributeError: module 'gast' has no attribute 'Index'
WARNING:tensorflow:Entity <bound method Dense.call of <tensorflow.python.layers.core.Dense object at 0x7f6b7455e5c0>> could not be transformed and will be executed as-is. Please report this to the AutgoGraph team. When filing the bug, set the verbosity to 10 (on Linux, `export AUTOGRAPH_VERBOSITY=10`) and attach the full output. Cause: converting <bound method Dense.call of <tensorflow.python.layers.core.Dense object at 0x7f6b7455e5c0>>: AttributeError: module 'gast' has no attribute 'Index'
WARNING:tensorflow:Entity <bound method Dense.call of <tensorflow.python.layers.core.Dense object at 0x7f6b747f7978>> could not be transformed and will be executed as-is. Please report this to the AutgoGraph team. When filing the bug, set the verbosity to 10 (on Linux, `export AUTOGRAPH_VERBOSITY=10`) and attach the full output. Cause: converting <bound method Dense.call of <tensorflow.python.layers.core.Dense object at 0x7f6b747f7978>>: AttributeError: module 'gast' has no attribute 'Index'
WARNING:tensorflow:Entity <bound method Dense.call of <tensorflow.python.layers.core.Dense object at 0x7f6953eb89e8>> could not be transformed and will be executed as-is. Please report this to the AutgoGraph team. When filing the bug, set the verbosity to 10 (on Linux, `export AUTOGRAPH_VERBOSITY=10`) and attach the full output. Cause: converting <bound method Dense.call of <tensorflow.python.layers.core.Dense object at 0x7f6953eb89e8>>: AttributeError: module 'gast' has no attribute 'Index'
WARNING:tensorflow:Entity <bound method Dense.call of <tensorflow.python.layers.core.Dense object at 0x7f692e799e80>> could not be transformed and will be executed as-is. Please report this to the AutgoGraph team. When filing the bug, set the verbosity to 10 (on Linux, `export AUTOGRAPH_VERBOSITY=10`) and attach the full output. Cause: converting <bound method Dense.call of <tensorflow.python.layers.core.Dense object at 0x7f692e799e80>>: AttributeError: module 'gast' has no attribute 'Index'
WARNING:tensorflow:Entity <bound method Dense.call of <tensorflow.python.layers.core.Dense object at 0x7f692e96ee10>> could not be transformed and will be executed as-is. Please report this to the AutgoGraph team. When filing the bug, set the verbosity to 10 (on Linux, `export AUTOGRAPH_VERBOSITY=10`) and attach the full output. Cause: converting <bound method Dense.call of <tensorflow.python.layers.core.Dense object at 0x7f692e96ee10>>: AttributeError: module 'gast' has no attribute 'Index'
WARNING:tensorflow:Entity <bound method Dense.call of <tensorflow.python.layers.core.Dense object at 0x7f6925852518>> could not be transformed and will be executed as-is. Please report this to the AutgoGraph team. When filing the bug, set the verbosity to 10 (on Linux, `export AUTOGRAPH_VERBOSITY=10`) and attach the full output. Cause: converting <bound method Dense.call of <tensorflow.python.layers.core.Dense object at 0x7f6925852518>>: AttributeError: module 'gast' has no attribute 'Index'
WARNING:tensorflow:Entity <bound method Dense.call of <tensorflow.python.layers.core.Dense object at 0x7f692cada4a8>> could not be transformed and will be executed as-is. Please report this to the AutgoGraph team. When filing the bug, set the verbosity to 10 (on Linux, `export AUTOGRAPH_VERBOSITY=10`) and attach the full output. Cause: converting <bound method Dense.call of <tensorflow.python.layers.core.Dense object at 0x7f692cada4a8>>: AttributeError: module 'gast' has no attribute 'Index'
WARNING:tensorflow:Entity <bound method Dense.call of <tensorflow.python.layers.core.Dense object at 0x7f692ce3c908>> could not be transformed and will be executed as-is. Please report this to the AutgoGraph team. When filing the bug, set the verbosity to 10 (on Linux, `export AUTOGRAPH_VERBOSITY=10`) and attach the full output. Cause: converting <bound method Dense.call of <tensorflow.python.layers.core.Dense object at 0x7f692ce3c908>>: AttributeError: module 'gast' has no attribute 'Index'
WARNING:tensorflow:Entity <bound method Dense.call of <tensorflow.python.layers.core.Dense object at 0x7f692c27bba8>> could not be transformed and will be executed as-is. Please report this to the AutgoGraph team. When filing the bug, set the verbosity to 10 (on Linux, `export AUTOGRAPH_VERBOSITY=10`) and attach the full output. Cause: converting <bound method Dense.call of <tensorflow.python.layers.core.Dense object at 0x7f692c27bba8>>: AttributeError: module 'gast' has no attribute 'Index'
WARNING:tensorflow:Entity <bound method Dense.call of <tensorflow.python.layers.core.Dense object at 0x7f692c27bba8>> could not be transformed and will be executed as-is. Please report this to the AutgoGraph team. When filing the bug, set the verbosity to 10 (on Linux, `export AUTOGRAPH_VERBOSITY=10`) and attach the full output. Cause: converting <bound method Dense.call of <tensorflow.python.layers.core.Dense object at 0x7f692c27bba8>>: AttributeError: module 'gast' has no attribute 'Index'
WARNING:tensorflow:Entity <bound method Dense.call of <tensorflow.python.layers.core.Dense object at 0x7f692b4d8a58>> could not be transformed and will be executed as-is. Please report this to the AutgoGraph team. When filing the bug, set the verbosity to 10 (on Linux, `export AUTOGRAPH_VERBOSITY=10`) and attach the full output. Cause: converting <bound method Dense.call of <tensorflow.python.layers.core.Dense object at 0x7f692b4d8a58>>: AttributeError: module 'gast' has no attribute 'Index'
WARNING:tensorflow:Entity <bound method Dense.call of <tensorflow.python.layers.core.Dense object at 0x7f692c27bc50>> could not be transformed and will be executed as-is. Please report this to the AutgoGraph team. When filing the bug, set the verbosity to 10 (on Linux, `export AUTOGRAPH_VERBOSITY=10`) and attach the full output. Cause: converting <bound method Dense.call of <tensorflow.python.layers.core.Dense object at 0x7f692c27bc50>>: AttributeError: module 'gast' has no attribute 'Index'
WARNING:tensorflow:Entity <bound method Dense.call of <tensorflow.python.layers.core.Dense object at 0x7f6928f9ae10>> could not be transformed and will be executed as-is. Please report this to the AutgoGraph team. When filing the bug, set the verbosity to 10 (on Linux, `export AUTOGRAPH_VERBOSITY=10`) and attach the full output. Cause: converting <bound method Dense.call of <tensorflow.python.layers.core.Dense object at 0x7f6928f9ae10>>: AttributeError: module 'gast' has no attribute 'Index'
WARNING:tensorflow:Entity <bound method Dense.call of <tensorflow.python.layers.core.Dense object at 0x7f692d832e48>> could not be transformed and will be executed as-is. Please report this to the AutgoGraph team. When filing the bug, set the verbosity to 10 (on Linux, `export AUTOGRAPH_VERBOSITY=10`) and attach the full output. Cause: converting <bound method Dense.call of <tensorflow.python.layers.core.Dense object at 0x7f692d832e48>>: AttributeError: module 'gast' has no attribute 'Index'
WARNING:tensorflow:Entity <bound method Dense.call of <tensorflow.python.layers.core.Dense object at 0x7f6928ef4278>> could not be transformed and will be executed as-is. Please report this to the AutgoGraph team. When filing the bug, set the verbosity to 10 (on Linux, `export AUTOGRAPH_VERBOSITY=10`) and attach the full output. Cause: converting <bound method Dense.call of <tensorflow.python.layers.core.Dense object at 0x7f6928ef4278>>: AttributeError: module 'gast' has no attribute 'Index'
WARNING:tensorflow:Entity <bound method Dense.call of <tensorflow.python.layers.core.Dense object at 0x7f6928ef4278>> could not be transformed and will be executed as-is. Please report this to the AutgoGraph team. When filing the bug, set the verbosity to 10 (on Linux, `export AUTOGRAPH_VERBOSITY=10`) and attach the full output. Cause: converting <bound method Dense.call of <tensorflow.python.layers.core.Dense object at 0x7f6928ef4278>>: AttributeError: module 'gast' has no attribute 'Index'
WARNING:tensorflow:Entity <bound method Dense.call of <tensorflow.python.layers.core.Dense object at 0x7f6928d0f898>> could not be transformed and will be executed as-is. Please report this to the AutgoGraph team. When filing the bug, set the verbosity to 10 (on Linux, `export AUTOGRAPH_VERBOSITY=10`) and attach the full output. Cause: converting <bound method Dense.call of <tensorflow.python.layers.core.Dense object at 0x7f6928d0f898>>: AttributeError: module 'gast' has no attribute 'Index'
WARNING:tensorflow:From /data2/project/RL/GAN_RL/yjp/code/dqn.py:240: sparse_to_dense (from tensorflow.python.ops.sparse_ops) is deprecated and will be removed in a future version.
Instructions for updating:
Create a `tf.sparse.SparseTensor` and use `tf.sparse.to_dense` instead.
WARNING:tensorflow:Entity <bound method Dense.call of <tensorflow.python.layers.core.Dense object at 0x7f6928be80f0>> could not be transformed and will be executed as-is. Please report this to the AutgoGraph team. When filing the bug, set the verbosity to 10 (on Linux, `export AUTOGRAPH_VERBOSITY=10`) and attach the full output. Cause: converting <bound method Dense.call of <tensorflow.python.layers.core.Dense object at 0x7f6928be80f0>>: AttributeError: module 'gast' has no attribute 'Index'
WARNING:tensorflow:Entity <bound method Dense.call of <tensorflow.python.layers.core.Dense object at 0x7f6928be80f0>> could not be transformed and will be executed as-is. Please report this to the AutgoGraph team. When filing the bug, set the verbosity to 10 (on Linux, `export AUTOGRAPH_VERBOSITY=10`) and attach the full output. Cause: converting <bound method Dense.call of <tensorflow.python.layers.core.Dense object at 0x7f6928be80f0>>: AttributeError: module 'gast' has no attribute 'Index'
WARNING:tensorflow:Entity <bound method Dense.call of <tensorflow.python.layers.core.Dense object at 0x7f693bfd4198>> could not be transformed and will be executed as-is. Please report this to the AutgoGraph team. When filing the bug, set the verbosity to 10 (on Linux, `export AUTOGRAPH_VERBOSITY=10`) and attach the full output. Cause: converting <bound method Dense.call of <tensorflow.python.layers.core.Dense object at 0x7f693bfd4198>>: AttributeError: module 'gast' has no attribute 'Index'
WARNING:tensorflow:Entity <bound method Dense.call of <tensorflow.python.layers.core.Dense object at 0x7f6928bcd668>> could not be transformed and will be executed as-is. Please report this to the AutgoGraph team. When filing the bug, set the verbosity to 10 (on Linux, `export AUTOGRAPH_VERBOSITY=10`) and attach the full output. Cause: converting <bound method Dense.call of <tensorflow.python.layers.core.Dense object at 0x7f6928bcd668>>: AttributeError: module 'gast' has no attribute 'Index'
WARNING:tensorflow:Entity <bound method Dense.call of <tensorflow.python.layers.core.Dense object at 0x7f6928bcd668>> could not be transformed and will be executed as-is. Please report this to the AutgoGraph team. When filing the bug, set the verbosity to 10 (on Linux, `export AUTOGRAPH_VERBOSITY=10`) and attach the full output. Cause: converting <bound method Dense.call of <tensorflow.python.layers.core.Dense object at 0x7f6928bcd668>>: AttributeError: module 'gast' has no attribute 'Index'
WARNING:tensorflow:Entity <bound method Dense.call of <tensorflow.python.layers.core.Dense object at 0x7f6928d21fd0>> could not be transformed and will be executed as-is. Please report this to the AutgoGraph team. When filing the bug, set the verbosity to 10 (on Linux, `export AUTOGRAPH_VERBOSITY=10`) and attach the full output. Cause: converting <bound method Dense.call of <tensorflow.python.layers.core.Dense object at 0x7f6928d21fd0>>: AttributeError: module 'gast' has no attribute 'Index'
WARNING:tensorflow:Entity <bound method Dense.call of <tensorflow.python.layers.core.Dense object at 0x7f692899c6d8>> could not be transformed and will be executed as-is. Please report this to the AutgoGraph team. When filing the bug, set the verbosity to 10 (on Linux, `export AUTOGRAPH_VERBOSITY=10`) and attach the full output. Cause: converting <bound method Dense.call of <tensorflow.python.layers.core.Dense object at 0x7f692899c6d8>>: AttributeError: module 'gast' has no attribute 'Index'
WARNING:tensorflow:Entity <bound method Dense.call of <tensorflow.python.layers.core.Dense object at 0x7f692899c6d8>> could not be transformed and will be executed as-is. Please report this to the AutgoGraph team. When filing the bug, set the verbosity to 10 (on Linux, `export AUTOGRAPH_VERBOSITY=10`) and attach the full output. Cause: converting <bound method Dense.call of <tensorflow.python.layers.core.Dense object at 0x7f692899c6d8>>: AttributeError: module 'gast' has no attribute 'Index'
WARNING:tensorflow:Entity <bound method Dense.call of <tensorflow.python.layers.core.Dense object at 0x7f6928bfd5f8>> could not be transformed and will be executed as-is. Please report this to the AutgoGraph team. When filing the bug, set the verbosity to 10 (on Linux, `export AUTOGRAPH_VERBOSITY=10`) and attach the full output. Cause: converting <bound method Dense.call of <tensorflow.python.layers.core.Dense object at 0x7f6928bfd5f8>>: AttributeError: module 'gast' has no attribute 'Index'
WARNING:tensorflow:Entity <bound method Dense.call of <tensorflow.python.layers.core.Dense object at 0x7f69289bea20>> could not be transformed and will be executed as-is. Please report this to the AutgoGraph team. When filing the bug, set the verbosity to 10 (on Linux, `export AUTOGRAPH_VERBOSITY=10`) and attach the full output. Cause: converting <bound method Dense.call of <tensorflow.python.layers.core.Dense object at 0x7f69289bea20>>: AttributeError: module 'gast' has no attribute 'Index'
WARNING:tensorflow:Entity <bound method Dense.call of <tensorflow.python.layers.core.Dense object at 0x7f69289bea20>> could not be transformed and will be executed as-is. Please report this to the AutgoGraph team. When filing the bug, set the verbosity to 10 (on Linux, `export AUTOGRAPH_VERBOSITY=10`) and attach the full output. Cause: converting <bound method Dense.call of <tensorflow.python.layers.core.Dense object at 0x7f69289bea20>>: AttributeError: module 'gast' has no attribute 'Index'
WARNING:tensorflow:Entity <bound method Dense.call of <tensorflow.python.layers.core.Dense object at 0x7f6928986f28>> could not be transformed and will be executed as-is. Please report this to the AutgoGraph team. When filing the bug, set the verbosity to 10 (on Linux, `export AUTOGRAPH_VERBOSITY=10`) and attach the full output. Cause: converting <bound method Dense.call of <tensorflow.python.layers.core.Dense object at 0x7f6928986f28>>: AttributeError: module 'gast' has no attribute 'Index'
WARNING:tensorflow:Entity <bound method Dense.call of <tensorflow.python.layers.core.Dense object at 0x7f69289296a0>> could not be transformed and will be executed as-is. Please report this to the AutgoGraph team. When filing the bug, set the verbosity to 10 (on Linux, `export AUTOGRAPH_VERBOSITY=10`) and attach the full output. Cause: converting <bound method Dense.call of <tensorflow.python.layers.core.Dense object at 0x7f69289296a0>>: AttributeError: module 'gast' has no attribute 'Index'
WARNING:tensorflow:Entity <bound method Dense.call of <tensorflow.python.layers.core.Dense object at 0x7f69289296a0>> could not be transformed and will be executed as-is. Please report this to the AutgoGraph team. When filing the bug, set the verbosity to 10 (on Linux, `export AUTOGRAPH_VERBOSITY=10`) and attach the full output. Cause: converting <bound method Dense.call of <tensorflow.python.layers.core.Dense object at 0x7f69289296a0>>: AttributeError: module 'gast' has no attribute 'Index'
WARNING:tensorflow:Entity <bound method Dense.call of <tensorflow.python.layers.core.Dense object at 0x7f69289bf4a8>> could not be transformed and will be executed as-is. Please report this to the AutgoGraph team. When filing the bug, set the verbosity to 10 (on Linux, `export AUTOGRAPH_VERBOSITY=10`) and attach the full output. Cause: converting <bound method Dense.call of <tensorflow.python.layers.core.Dense object at 0x7f69289bf4a8>>: AttributeError: module 'gast' has no attribute 'Index'
WARNING:tensorflow:Entity <bound method Dense.call of <tensorflow.python.layers.core.Dense object at 0x7f6929ebdf60>> could not be transformed and will be executed as-is. Please report this to the AutgoGraph team. When filing the bug, set the verbosity to 10 (on Linux, `export AUTOGRAPH_VERBOSITY=10`) and attach the full output. Cause: converting <bound method Dense.call of <tensorflow.python.layers.core.Dense object at 0x7f6929ebdf60>>: AttributeError: module 'gast' has no attribute 'Index'
WARNING:tensorflow:Entity <bound method Dense.call of <tensorflow.python.layers.core.Dense object at 0x7f6929ebdf60>> could not be transformed and will be executed as-is. Please report this to the AutgoGraph team. When filing the bug, set the verbosity to 10 (on Linux, `export AUTOGRAPH_VERBOSITY=10`) and attach the full output. Cause: converting <bound method Dense.call of <tensorflow.python.layers.core.Dense object at 0x7f6929ebdf60>>: AttributeError: module 'gast' has no attribute 'Index'
WARNING:tensorflow:Entity <bound method Dense.call of <tensorflow.python.layers.core.Dense object at 0x7f6928bd1390>> could not be transformed and will be executed as-is. Please report this to the AutgoGraph team. When filing the bug, set the verbosity to 10 (on Linux, `export AUTOGRAPH_VERBOSITY=10`) and attach the full output. Cause: converting <bound method Dense.call of <tensorflow.python.layers.core.Dense object at 0x7f6928bd1390>>: AttributeError: module 'gast' has no attribute 'Index'
WARNING:tensorflow:Entity <bound method Dense.call of <tensorflow.python.layers.core.Dense object at 0x7f69287f5c88>> could not be transformed and will be executed as-is. Please report this to the AutgoGraph team. When filing the bug, set the verbosity to 10 (on Linux, `export AUTOGRAPH_VERBOSITY=10`) and attach the full output. Cause: converting <bound method Dense.call of <tensorflow.python.layers.core.Dense object at 0x7f69287f5c88>>: AttributeError: module 'gast' has no attribute 'Index'
WARNING:tensorflow:Entity <bound method Dense.call of <tensorflow.python.layers.core.Dense object at 0x7f69287f5c88>> could not be transformed and will be executed as-is. Please report this to the AutgoGraph team. When filing the bug, set the verbosity to 10 (on Linux, `export AUTOGRAPH_VERBOSITY=10`) and attach the full output. Cause: converting <bound method Dense.call of <tensorflow.python.layers.core.Dense object at 0x7f69287f5c88>>: AttributeError: module 'gast' has no attribute 'Index'
WARNING:tensorflow:Entity <bound method Dense.call of <tensorflow.python.layers.core.Dense object at 0x7f692891da58>> could not be transformed and will be executed as-is. Please report this to the AutgoGraph team. When filing the bug, set the verbosity to 10 (on Linux, `export AUTOGRAPH_VERBOSITY=10`) and attach the full output. Cause: converting <bound method Dense.call of <tensorflow.python.layers.core.Dense object at 0x7f692891da58>>: AttributeError: module 'gast' has no attribute 'Index'
WARNING:tensorflow:Entity <bound method Dense.call of <tensorflow.python.layers.core.Dense object at 0x7f6928929e48>> could not be transformed and will be executed as-is. Please report this to the AutgoGraph team. When filing the bug, set the verbosity to 10 (on Linux, `export AUTOGRAPH_VERBOSITY=10`) and attach the full output. Cause: converting <bound method Dense.call of <tensorflow.python.layers.core.Dense object at 0x7f6928929e48>>: AttributeError: module 'gast' has no attribute 'Index'
WARNING:tensorflow:Entity <bound method Dense.call of <tensorflow.python.layers.core.Dense object at 0x7f6928929e48>> could not be transformed and will be executed as-is. Please report this to the AutgoGraph team. When filing the bug, set the verbosity to 10 (on Linux, `export AUTOGRAPH_VERBOSITY=10`) and attach the full output. Cause: converting <bound method Dense.call of <tensorflow.python.layers.core.Dense object at 0x7f6928929e48>>: AttributeError: module 'gast' has no attribute 'Index'
WARNING:tensorflow:Entity <bound method Dense.call of <tensorflow.python.layers.core.Dense object at 0x7f6928553588>> could not be transformed and will be executed as-is. Please report this to the AutgoGraph team. When filing the bug, set the verbosity to 10 (on Linux, `export AUTOGRAPH_VERBOSITY=10`) and attach the full output. Cause: converting <bound method Dense.call of <tensorflow.python.layers.core.Dense object at 0x7f6928553588>>: AttributeError: module 'gast' has no attribute 'Index'
WARNING:tensorflow:Entity <bound method Dense.call of <tensorflow.python.layers.core.Dense object at 0x7f69283836a0>> could not be transformed and will be executed as-is. Please report this to the AutgoGraph team. When filing the bug, set the verbosity to 10 (on Linux, `export AUTOGRAPH_VERBOSITY=10`) and attach the full output. Cause: converting <bound method Dense.call of <tensorflow.python.layers.core.Dense object at 0x7f69283836a0>>: AttributeError: module 'gast' has no attribute 'Index'
WARNING:tensorflow:Entity <bound method Dense.call of <tensorflow.python.layers.core.Dense object at 0x7f69283836a0>> could not be transformed and will be executed as-is. Please report this to the AutgoGraph team. When filing the bug, set the verbosity to 10 (on Linux, `export AUTOGRAPH_VERBOSITY=10`) and attach the full output. Cause: converting <bound method Dense.call of <tensorflow.python.layers.core.Dense object at 0x7f69283836a0>>: AttributeError: module 'gast' has no attribute 'Index'
WARNING:tensorflow:Entity <bound method Dense.call of <tensorflow.python.layers.core.Dense object at 0x7f69287c8828>> could not be transformed and will be executed as-is. Please report this to the AutgoGraph team. When filing the bug, set the verbosity to 10 (on Linux, `export AUTOGRAPH_VERBOSITY=10`) and attach the full output. Cause: converting <bound method Dense.call of <tensorflow.python.layers.core.Dense object at 0x7f69287c8828>>: AttributeError: module 'gast' has no attribute 'Index'
  0%|          | 0/15 [00:00<?, ?it/s]2021-07-01 08:49:36.866656: I tensorflow/stream_executor/platform/default/dso_loader.cc:42] Successfully opened dynamic library libcublas.so.10
2021-07-01 08:49:41,961 - /data2/project/RL/utils/yjp_decorator.py[line:53] - INFO: [0.0888549328 m] data_collection 
  7%|▋         | 1/15 [00:05<01:14,  5.33s/it]2021-07-01 08:49:47,210 - /data2/project/RL/utils/yjp_decorator.py[line:53] - INFO: [0.0874620438 m] data_collection 
 13%|█▎        | 2/15 [00:10<01:09,  5.31s/it]2021-07-01 08:49:52,588 - /data2/project/RL/utils/yjp_decorator.py[line:53] - INFO: [0.0895732681 m] data_collection 
 20%|██        | 3/15 [00:15<01:03,  5.33s/it]2021-07-01 08:49:57,863 - /data2/project/RL/utils/yjp_decorator.py[line:53] - INFO: [0.0878663222 m] data_collection 
 27%|██▋       | 4/15 [00:21<00:58,  5.31s/it]2021-07-01 08:50:03,147 - /data2/project/RL/utils/yjp_decorator.py[line:53] - INFO: [0.0880348206 m] data_collection 
 33%|███▎      | 5/15 [00:26<00:53,  5.30s/it]2021-07-01 08:50:13,324 - /data2/project/RL/utils/yjp_decorator.py[line:53] - INFO: [0.1695555766 m] data_collection 
 40%|████      | 6/15 [00:36<01:00,  6.77s/it]2021-07-01 08:50:18,172 - /data2/project/RL/utils/yjp_decorator.py[line:53] - INFO: [0.0807704846 m] data_collection 
 47%|████▋     | 7/15 [00:41<00:49,  6.19s/it]2021-07-01 08:50:23,119 - /data2/project/RL/utils/yjp_decorator.py[line:53] - INFO: [0.0824099859 m] data_collection 
 53%|█████▎    | 8/15 [00:46<00:40,  5.82s/it]2021-07-01 08:50:27,980 - /data2/project/RL/utils/yjp_decorator.py[line:53] - INFO: [0.0809880376 m] data_collection 
 60%|██████    | 9/15 [00:51<00:33,  5.53s/it]2021-07-01 08:50:32,954 - /data2/project/RL/utils/yjp_decorator.py[line:53] - INFO: [0.0828749855 m] data_collection 
 67%|██████▋   | 10/15 [00:56<00:26,  5.36s/it]2021-07-01 08:50:37,813 - /data2/project/RL/utils/yjp_decorator.py[line:53] - INFO: [0.0809511344 m] data_collection 
 73%|███████▎  | 11/15 [01:01<00:20,  5.21s/it]2021-07-01 08:50:42,760 - /data2/project/RL/utils/yjp_decorator.py[line:53] - INFO: [0.0824157397 m] data_collection 
 80%|████████  | 12/15 [01:06<00:15,  5.13s/it]2021-07-01 08:50:47,818 - /data2/project/RL/utils/yjp_decorator.py[line:53] - INFO: [0.0842723091 m] data_collection 
 87%|████████▋ | 13/15 [01:11<00:10,  5.11s/it]2021-07-01 08:50:52,964 - /data2/project/RL/utils/yjp_decorator.py[line:53] - INFO: [0.0857437452 m] data_collection 
 93%|█████████▎| 14/15 [01:16<00:05,  5.12s/it]2021-07-01 08:50:57,228 - /data2/project/RL/utils/yjp_decorator.py[line:53] - INFO: [0.0710117022 m] data_collection 
100%|██████████| 15/15 [01:20<00:00,  4.86s/it]100%|██████████| 15/15 [01:20<00:00,  5.37s/it]
filter num :77775
2021-07-01 08:50:57,943 - /data2/project/RL/utils/yjp_decorator.py[line:53] - INFO: [1.3552785834 m] data_collection_with_batch 
  0%|          | 0/15 [00:00<?, ?it/s]2021-07-01 08:52:08,645 - /data2/project/RL/utils/yjp_decorator.py[line:53] - INFO: [1.1783451955 m] data_collection 
  7%|▋         | 1/15 [01:10<16:29, 70.70s/it]2021-07-01 08:53:17,300 - /data2/project/RL/utils/yjp_decorator.py[line:53] - INFO: [1.1441754301 m] data_collection 
 13%|█▎        | 2/15 [02:19<15:11, 70.09s/it]2021-07-01 08:54:23,493 - /data2/project/RL/utils/yjp_decorator.py[line:53] - INFO: [1.1031761607 m] data_collection 
 20%|██        | 3/15 [03:25<13:47, 68.92s/it]2021-07-01 08:55:32,009 - /data2/project/RL/utils/yjp_decorator.py[line:53] - INFO: [1.1418828408 m] data_collection 
 27%|██▋       | 4/15 [04:34<12:36, 68.80s/it]2021-07-01 08:56:38,341 - /data2/project/RL/utils/yjp_decorator.py[line:53] - INFO: [1.1054772655 m] data_collection 
 33%|███▎      | 5/15 [05:40<11:20, 68.06s/it]2021-07-01 08:57:44,294 - /data2/project/RL/utils/yjp_decorator.py[line:53] - INFO: [1.0991591334 m] data_collection 
 40%|████      | 6/15 [06:46<10:06, 67.43s/it]2021-07-01 08:58:51,160 - /data2/project/RL/utils/yjp_decorator.py[line:53] - INFO: [1.1143688401 m] data_collection 
 47%|████▋     | 7/15 [07:53<08:58, 67.26s/it]2021-07-01 08:59:58,756 - /data2/project/RL/utils/yjp_decorator.py[line:53] - INFO: [1.1265460968 m] data_collection 
 53%|█████▎    | 8/15 [09:00<07:51, 67.36s/it]2021-07-01 09:01:04,569 - /data2/project/RL/utils/yjp_decorator.py[line:53] - INFO: [1.0968304157 m] data_collection 
 60%|██████    | 9/15 [10:06<06:41, 66.90s/it]2021-07-01 09:02:13,945 - /data2/project/RL/utils/yjp_decorator.py[line:53] - INFO: [1.1562090198 m] data_collection 
 67%|██████▋   | 10/15 [11:16<05:38, 67.64s/it]2021-07-01 09:03:19,080 - /data2/project/RL/utils/yjp_decorator.py[line:53] - INFO: [1.0855439146 m] data_collection 
 73%|███████▎  | 11/15 [12:21<04:27, 66.89s/it]2021-07-01 09:04:28,575 - /data2/project/RL/utils/yjp_decorator.py[line:53] - INFO: [1.1581954916 m] data_collection 
 80%|████████  | 12/15 [13:30<03:23, 67.67s/it]2021-07-01 09:05:35,381 - /data2/project/RL/utils/yjp_decorator.py[line:53] - INFO: [1.1133854985 m] data_collection 
 87%|████████▋ | 13/15 [14:37<02:14, 67.41s/it]2021-07-01 09:06:43,282 - /data2/project/RL/utils/yjp_decorator.py[line:53] - INFO: [1.1316095471 m] data_collection 
 93%|█████████▎| 14/15 [15:45<01:07, 67.56s/it]2021-07-01 09:07:30,759 - /data2/project/RL/utils/yjp_decorator.py[line:53] - INFO: [0.7912158608 m] data_collection 
100%|██████████| 15/15 [16:32<00:00, 61.53s/it]100%|██████████| 15/15 [16:32<00:00, 66.19s/it]
filter num :71023
2021-07-01 09:07:31,572 - /data2/project/RL/utils/yjp_decorator.py[line:53] - INFO: [16.5604634682 m] data_collection_with_batch 
filter num :0
train data length:295378
  0%|          | 0/10 [00:00<?, ?it/s]2021-07-01 09:07:35: itr(0), training loss:  6.5783, 6.5785, 6.5773, 6.5779, 6.5787, 6.577, 6.5787, 6.5792, 6.5766, 6.5772,
2021-07-01 09:07:52: itr(10), training loss:  6.3041, 5.9674, 5.8357, 5.5961, 5.6583, 5.4036, 5.3639, 5.4209, 5.3347, 5.5505,
2021-07-01 09:08:10: itr(20), training loss:  3.7718, 3.1555, 2.5654, 2.4575, 2.7166, 2.6233, 2.7201, 2.8233, 2.7686, 2.8645,
2021-07-01 09:08:29: itr(30), training loss:  2.5645, 2.3814, 2.2302, 1.9495, 1.9629, 1.813, 1.7641, 1.6443, 1.6142, 1.6566,
2021-07-01 09:08:47: itr(40), training loss:  2.1771, 2.1499, 2.1831, 2.0736, 1.9872, 1.7139, 1.5477, 1.5418, 1.4391, 1.4317,
2021-07-01 09:09:07: itr(50), training loss:  2.3778, 2.2089, 2.1495, 2.0342, 1.9035, 1.7588, 1.5076, 1.4263, 1.2836, 1.2026,
2021-07-01 09:09:26: itr(60), training loss:  2.4096, 2.3585, 2.2627, 1.9065, 1.7902, 1.5689, 1.4457, 1.2878, 1.0672, 0.95108,
2021-07-01 09:09:44: itr(70), training loss:  2.0801, 1.9645, 1.7648, 1.7082, 1.4991, 1.2416, 1.1661, 1.0644, 0.83329, 0.70696,
2021-07-01 09:10:02: itr(80), training loss:  2.0961, 2.0161, 1.9342, 1.8033, 1.5954, 1.4077, 1.3145, 1.0866, 0.79432, 0.57546,
2021-07-01 09:10:20: itr(90), training loss:  2.6607, 2.5665, 2.3965, 2.1051, 1.8277, 1.5823, 1.2979, 0.99762, 0.7577, 0.53809,
2021-07-01 09:10:39: itr(100), training loss:  2.535, 2.3748, 2.2156, 1.8972, 1.7232, 1.5071, 1.3235, 0.97245, 0.68033, 0.56151,
2021-07-01 09:10:58: itr(110), training loss:  2.1448, 2.0184, 1.8066, 1.6642, 1.609, 1.3783, 1.1445, 0.92702, 0.52985, 0.44866,
2021-07-01 09:11:16: itr(120), training loss:  2.4729, 2.3558, 2.1557, 2.0114, 1.6726, 1.3081, 1.1311, 0.92914, 0.65697, 0.53723,
2021-07-01 09:11:34: itr(130), training loss:  2.3838, 2.291, 2.1026, 1.8727, 1.6136, 1.3699, 0.98089, 0.83221, 0.66154, 0.41565,
2021-07-01 09:11:53: itr(140), training loss:  2.4697, 2.2974, 2.0762, 1.862, 1.6989, 1.4507, 1.1712, 0.88216, 0.6274, 0.52258,
2021-07-01 09:12:11: itr(150), training loss:  2.5417, 2.2882, 2.0271, 1.7697, 1.6792, 1.4262, 1.2949, 1.1425, 0.72777, 0.48887,
2021-07-01 09:12:30: itr(160), training loss:  2.484, 2.2622, 2.0471, 1.7526, 1.634, 1.3707, 1.1102, 0.92567, 0.57362, 0.40858,
2021-07-01 09:12:48: itr(170), training loss:  2.7783, 2.6107, 2.3654, 2.212, 1.8208, 1.6332, 1.4317, 1.2146, 0.76713, 0.5061,
2021-07-01 09:13:07: itr(180), training loss:  2.4804, 2.2722, 1.9678, 1.8772, 1.5298, 1.3259, 1.0584, 0.74543, 0.59266, 0.39396,
2021-07-01 09:13:25: itr(190), training loss:  2.5391, 2.324, 2.0937, 1.8731, 1.7408, 1.4528, 1.3353, 1.0951, 0.86597, 0.49013,
2021-07-01 09:13:43: itr(200), training loss:  2.0106, 1.8388, 1.628, 1.4975, 1.3454, 1.1692, 1.0045, 0.90095, 0.81121, 0.458,
2021-07-01 09:14:01: itr(210), training loss:  2.268, 1.9825, 1.8368, 1.7207, 1.4763, 1.2506, 1.061, 0.78717, 0.5628, 0.34056,
2021-07-01 09:14:19: itr(220), training loss:  2.4247, 2.2174, 2.0156, 1.6301, 1.4149, 1.268, 1.1698, 0.85632, 0.62092, 0.44927,
2021-07-01 09:14:38: itr(230), training loss:  2.4405, 2.2971, 2.1231, 1.916, 1.6613, 1.3136, 0.98995, 0.91035, 0.74558, 0.42942,
2021-07-01 09:14:56: itr(240), training loss:  2.3856, 2.2532, 2.0687, 1.9089, 1.6621, 1.4834, 1.2403, 0.95432, 0.66085, 0.46892,
2021-07-01 09:15:16: itr(250), training loss:  2.5006, 2.2486, 2.0576, 1.8003, 1.6055, 1.3503, 1.1083, 0.92944, 0.61405, 0.45031,
2021-07-01 09:15:35: itr(260), training loss:  2.43, 2.1829, 1.963, 1.8676, 1.6189, 1.338, 1.039, 0.86141, 0.64474, 0.41585,
2021-07-01 09:15:53: itr(270), training loss:  1.9861, 1.8065, 1.6312, 1.4078, 1.2283, 1.0568, 0.83716, 0.71981, 0.54438, 0.40221,
2021-07-01 09:16:11: itr(280), training loss:  2.2356, 2.1317, 1.9624, 1.7172, 1.451, 1.2589, 1.181, 0.84395, 0.63462, 0.38308,
 10%|█         | 1/10 [08:52<1:19:51, 532.34s/it]2021-07-01 09:16:28: itr(290), training loss:  2.413, 2.2609, 1.8677, 1.4796, 1.2813, 1.1506, 1.0348, 0.72015, 0.67047, 0.45951,
2021-07-01 09:16:46: itr(300), training loss:  1.9213, 1.7547, 1.6096, 1.3905, 1.2852, 0.99586, 0.81481, 0.74587, 0.55949, 0.32339,
2021-07-01 09:17:04: itr(310), training loss:  2.2857, 2.0511, 1.939, 1.6775, 1.4983, 1.239, 1.1645, 0.93958, 0.64563, 0.36631,
2021-07-01 09:17:22: itr(320), training loss:  2.2165, 1.9581, 1.8439, 1.6615, 1.4176, 1.2766, 1.097, 0.84948, 0.645, 0.35638,
2021-07-01 09:17:40: itr(330), training loss:  2.2022, 1.9182, 1.7307, 1.6694, 1.3093, 1.0695, 0.94874, 0.7889, 0.55801, 0.37159,
2021-07-01 09:17:58: itr(340), training loss:  2.1888, 2.0017, 1.8399, 1.5912, 1.3601, 1.1642, 1.0224, 0.80855, 0.62784, 0.43605,
2021-07-01 09:18:16: itr(350), training loss:  2.4099, 2.2182, 2.0804, 1.7643, 1.5468, 1.3163, 1.0829, 0.79188, 0.63018, 0.36173,
2021-07-01 09:18:35: itr(360), training loss:  1.9702, 1.7159, 1.5565, 1.413, 1.2267, 1.0317, 0.77428, 0.61105, 0.41518, 0.33364,
2021-07-01 09:18:53: itr(370), training loss:  2.7277, 2.5468, 2.3321, 2.0799, 1.7325, 1.4576, 1.2122, 0.91801, 0.81499, 0.39358,
2021-07-01 09:19:12: itr(380), training loss:  2.3819, 2.2363, 2.0217, 1.8212, 1.5954, 1.4056, 1.2309, 0.93293, 0.80471, 0.43735,
2021-07-01 09:19:30: itr(390), training loss:  2.4638, 2.2201, 1.8627, 1.656, 1.4442, 1.2453, 1.0516, 0.98134, 0.79501, 0.37098,
2021-07-01 09:19:48: itr(400), training loss:  2.05, 1.8481, 1.7467, 1.553, 1.3154, 1.0545, 0.92778, 0.77384, 0.59712, 0.41383,
2021-07-01 09:20:06: itr(410), training loss:  2.1137, 1.9391, 1.7057, 1.5177, 1.3534, 1.1807, 0.94512, 0.73934, 0.52341, 0.35741,
2021-07-01 09:20:24: itr(420), training loss:  2.3242, 2.1924, 1.8534, 1.7102, 1.5343, 1.2726, 0.94428, 0.86912, 0.67046, 0.40545,
2021-07-01 09:20:43: itr(430), training loss:  2.2238, 2.0843, 1.9361, 1.7086, 1.3518, 1.1799, 0.82341, 0.76248, 0.71187, 0.41533,
2021-07-01 09:21:01: itr(440), training loss:  2.0301, 1.8321, 1.8046, 1.676, 1.5512, 1.3778, 1.1786, 0.90073, 0.67036, 0.4855,
2021-07-01 09:21:19: itr(450), training loss:  2.5097, 2.3752, 2.0837, 1.7836, 1.5805, 1.3427, 1.0706, 0.82239, 0.682, 0.40968,
2021-07-01 09:21:37: itr(460), training loss:  2.4226, 2.1637, 1.928, 1.7182, 1.3534, 1.2214, 0.98158, 0.86162, 0.59635, 0.37106,
2021-07-01 09:21:57: itr(470), training loss:  2.5073, 2.2546, 1.9352, 1.7306, 1.5972, 1.377, 1.109, 0.81304, 0.50185, 0.37605,
2021-07-01 09:22:14: itr(480), training loss:  2.4435, 2.2768, 2.178, 1.9089, 1.6752, 1.4029, 1.0964, 0.91171, 0.68657, 0.43867,
2021-07-01 09:22:32: itr(490), training loss:  2.233, 2.0478, 1.774, 1.4652, 1.3186, 1.1117, 0.91901, 0.82357, 0.65078, 0.39773,
2021-07-01 09:22:51: itr(500), training loss:  2.1164, 1.9791, 1.8226, 1.6316, 1.3841, 1.1016, 0.9352, 0.69935, 0.56828, 0.40533,
2021-07-01 09:23:08: itr(510), training loss:  2.5477, 2.2968, 2.1757, 1.9037, 1.7953, 1.6388, 1.3902, 1.1965, 0.9409, 0.3739,
2021-07-01 09:23:25: itr(520), training loss:  2.3512, 2.0208, 1.9598, 1.6217, 1.4911, 1.3874, 1.2206, 0.95599, 0.67782, 0.41137,
2021-07-01 09:23:43: itr(530), training loss:  2.3014, 2.0859, 1.8523, 1.6752, 1.4624, 1.287, 1.015, 0.74245, 0.50822, 0.33615,
2021-07-01 09:24:01: itr(540), training loss:  2.3036, 2.1204, 1.9079, 1.6734, 1.5086, 1.3275, 1.2205, 0.88163, 0.72019, 0.37484,
2021-07-01 09:24:19: itr(550), training loss:  2.4953, 2.3823, 2.1533, 1.8453, 1.4988, 1.2427, 1.0954, 0.84703, 0.58915, 0.39434,
2021-07-01 09:24:38: itr(560), training loss:  2.1429, 1.9769, 1.6933, 1.4783, 1.2519, 1.1125, 0.97984, 0.81294, 0.61228, 0.33202,
2021-07-01 09:24:55: itr(570), training loss:  2.2411, 1.9334, 1.7397, 1.595, 1.3294, 1.1808, 0.95262, 0.72557, 0.49953, 0.33766,
 20%|██        | 2/10 [17:34<1:10:33, 529.15s/it]2021-07-01 09:25:12: itr(580), training loss:  2.3816, 2.1203, 1.8334, 1.6188, 1.3965, 1.2003, 0.74912, 0.64034, 0.49505, 0.30459,
2021-07-01 09:25:29: itr(590), training loss:  2.0542, 1.8765, 1.5656, 1.3463, 1.1455, 1.0821, 0.7953, 0.71196, 0.53806, 0.37073,
2021-07-01 09:25:46: itr(600), training loss:  2.5454, 2.3623, 2.1697, 1.9733, 1.6187, 1.4682, 1.0669, 0.8226, 0.80139, 0.50495,
2021-07-01 09:26:03: itr(610), training loss:  2.2581, 1.9787, 1.826, 1.5006, 1.4734, 1.1862, 0.8798, 0.76216, 0.60047, 0.3942,
2021-07-01 09:26:21: itr(620), training loss:  2.7496, 2.5883, 2.4983, 2.2854, 1.85, 1.5753, 1.2729, 1.0741, 0.74347, 0.35992,
2021-07-01 09:26:39: itr(630), training loss:  2.441, 2.1386, 1.8326, 1.6458, 1.5683, 1.468, 1.0971, 0.93521, 0.59416, 0.45352,
2021-07-01 09:26:57: itr(640), training loss:  2.0834, 1.8798, 1.6309, 1.3697, 1.2163, 1.0236, 0.81756, 0.66018, 0.5763, 0.34623,
2021-07-01 09:27:14: itr(650), training loss:  2.1262, 1.9196, 1.7711, 1.4605, 1.2846, 1.1887, 1.0243, 0.77049, 0.6333, 0.34352,
2021-07-01 09:27:33: itr(660), training loss:  2.0829, 1.9437, 1.782, 1.5833, 1.4519, 1.2359, 0.95797, 0.69566, 0.54608, 0.36146,
2021-07-01 09:27:51: itr(670), training loss:  2.4827, 2.2857, 2.053, 1.881, 1.6774, 1.4513, 1.4184, 1.0471, 0.66375, 0.37951,
2021-07-01 09:28:12: itr(680), training loss:  2.2421, 2.0629, 1.9506, 1.8073, 1.5237, 1.1699, 1.0204, 0.79442, 0.52511, 0.36406,
2021-07-01 09:28:30: itr(690), training loss:  2.2336, 1.8746, 1.6363, 1.4195, 1.2999, 1.0784, 0.87647, 0.68162, 0.48162, 0.35611,
2021-07-01 09:28:48: itr(700), training loss:  2.3742, 2.2013, 2.0781, 1.8894, 1.4971, 1.3025, 1.0422, 0.84367, 0.62759, 0.38285,
2021-07-01 09:29:06: itr(710), training loss:  2.0283, 1.7801, 1.6243, 1.4556, 1.2998, 1.1072, 0.78122, 0.64484, 0.44897, 0.294,
2021-07-01 09:29:24: itr(720), training loss:  2.2509, 2.0849, 1.888, 1.6039, 1.4388, 1.2743, 1.1384, 0.93008, 0.63457, 0.52858,
2021-07-01 09:29:42: itr(730), training loss:  2.5412, 2.4019, 2.1505, 1.932, 1.6137, 1.4488, 1.2627, 0.9844, 0.62981, 0.39395,
2021-07-01 09:30:01: itr(740), training loss:  2.474, 2.2083, 2.019, 1.6788, 1.5164, 1.3829, 1.2124, 0.94677, 0.60702, 0.43314,
2021-07-01 09:30:19: itr(750), training loss:  2.0453, 1.8716, 1.5485, 1.4198, 1.2206, 1.0047, 0.82555, 0.60622, 0.55161, 0.37837,
2021-07-01 09:30:37: itr(760), training loss:  2.339, 2.1906, 1.941, 1.7875, 1.5199, 1.3407, 1.1871, 1.0011, 0.70367, 0.392,
2021-07-01 09:30:56: itr(770), training loss:  1.8631, 1.5814, 1.4634, 1.2959, 1.1217, 0.94255, 0.73623, 0.58227, 0.42518, 0.33449,
2021-07-01 09:31:14: itr(780), training loss:  2.4164, 2.0132, 1.8866, 1.6861, 1.4927, 1.2409, 1.0605, 0.84595, 0.56812, 0.30644,
2021-07-01 09:31:32: itr(790), training loss:  2.3675, 2.1306, 1.8492, 1.7404, 1.5497, 1.2675, 1.0495, 0.83445, 0.52508, 0.37868,
2021-07-01 09:31:50: itr(800), training loss:  2.4803, 2.2371, 2.0389, 1.7813, 1.6093, 1.3932, 1.1877, 0.85329, 0.65524, 0.39983,
2021-07-01 09:32:08: itr(810), training loss:  1.9617, 1.8002, 1.7166, 1.6434, 1.4899, 1.364, 1.1761, 0.95393, 0.59277, 0.32959,
2021-07-01 09:32:25: itr(820), training loss:  1.6483, 1.5308, 1.3654, 1.2856, 1.103, 0.9139, 0.79732, 0.67556, 0.4972, 0.29192,
2021-07-01 09:32:43: itr(830), training loss:  2.1789, 1.9727, 1.7788, 1.5673, 1.4314, 1.2076, 0.93241, 0.71696, 0.52954, 0.34832,
2021-07-01 09:33:02: itr(840), training loss:  2.1669, 1.9993, 1.6391, 1.5406, 1.3042, 1.0607, 0.97346, 0.70755, 0.49907, 0.37688,
2021-07-01 09:33:20: itr(850), training loss:  1.7749, 1.6811, 1.5211, 1.3563, 1.1828, 1.0364, 0.79965, 0.54205, 0.38017, 0.29927,
2021-07-01 09:33:38: itr(860), training loss:  2.1956, 2.063, 1.8372, 1.7006, 1.5138, 1.4109, 1.0454, 0.93298, 0.63804, 0.46676,
 30%|███       | 3/10 [26:15<1:01:27, 526.77s/it]2021-07-01 09:33:55: itr(870), training loss:  2.2861, 2.1166, 1.9922, 1.7589, 1.356, 1.1181, 0.9359, 0.76504, 0.44459, 0.36931,
2021-07-01 09:34:13: itr(880), training loss:  2.2733, 1.9736, 1.849, 1.7109, 1.409, 1.0807, 0.9137, 0.80349, 0.59327, 0.37284,
2021-07-01 09:34:32: itr(890), training loss:  2.1242, 1.9332, 1.7742, 1.6052, 1.393, 1.271, 0.92556, 0.78064, 0.57469, 0.38324,
2021-07-01 09:34:49: itr(900), training loss:  2.4547, 2.2722, 2.108, 1.8652, 1.7281, 1.5016, 1.1895, 1.0005, 0.6962, 0.36499,
2021-07-01 09:35:07: itr(910), training loss:  2.5028, 2.2545, 1.9099, 1.7636, 1.5269, 1.2679, 1.0088, 0.67766, 0.58686, 0.43422,
2021-07-01 09:35:25: itr(920), training loss:  2.4309, 2.1428, 1.7948, 1.608, 1.4243, 1.1799, 0.99758, 0.68851, 0.48452, 0.34865,
2021-07-01 09:35:43: itr(930), training loss:  2.4271, 2.0965, 1.863, 1.7859, 1.6637, 1.4654, 1.0822, 0.8631, 0.63809, 0.37101,
2021-07-01 09:36:00: itr(940), training loss:  1.9071, 1.7655, 1.6064, 1.378, 1.252, 1.0776, 0.95324, 0.84531, 0.5528, 0.30641,
2021-07-01 09:36:19: itr(950), training loss:  2.3705, 2.1197, 1.9352, 1.8047, 1.5041, 1.3252, 1.0039, 0.94387, 0.75867, 0.48435,
2021-07-01 09:36:37: itr(960), training loss:  2.633, 2.4445, 2.1918, 1.8096, 1.5762, 1.2714, 1.1495, 0.82892, 0.677, 0.41036,
2021-07-01 09:36:55: itr(970), training loss:  2.0255, 1.8046, 1.7162, 1.5776, 1.3485, 1.146, 0.76624, 0.64598, 0.53818, 0.36756,
2021-07-01 09:37:14: itr(980), training loss:  2.4869, 2.2701, 1.9992, 1.8475, 1.6574, 1.445, 1.0673, 0.74392, 0.50946, 0.34563,
2021-07-01 09:37:31: itr(990), training loss:  2.5396, 2.3555, 1.9959, 1.828, 1.5191, 1.1953, 1.0089, 0.65043, 0.5066, 0.34059,
2021-07-01 09:37:49: itr(1000), training loss:  2.343, 2.069, 1.746, 1.6086, 1.3782, 1.2259, 0.87318, 0.6593, 0.54724, 0.37521,
2021-07-01 09:38:08: itr(1010), training loss:  1.8858, 1.7046, 1.4967, 1.283, 1.159, 1.0728, 0.90458, 0.75939, 0.54139, 0.3932,
2021-07-01 09:38:25: itr(1020), training loss:  2.4795, 2.2512, 2.0347, 1.6345, 1.4497, 1.3375, 1.022, 0.8635, 0.72381, 0.39716,
2021-07-01 09:38:43: itr(1030), training loss:  2.4193, 2.0895, 1.9719, 1.852, 1.6999, 1.4908, 1.3031, 1.0159, 0.78847, 0.37444,
2021-07-01 09:39:01: itr(1040), training loss:  2.3046, 2.0648, 1.8865, 1.7825, 1.5117, 1.3701, 1.0716, 0.80932, 0.49696, 0.3391,
2021-07-01 09:39:18: itr(1050), training loss:  2.0677, 1.7136, 1.5188, 1.3187, 1.2048, 0.99388, 0.86998, 0.64275, 0.4352, 0.35797,
2021-07-01 09:39:36: itr(1060), training loss:  2.1695, 1.9041, 1.7841, 1.6698, 1.4225, 1.1622, 0.96672, 0.66587, 0.53387, 0.33754,
2021-07-01 09:39:53: itr(1070), training loss:  2.2976, 2.1502, 1.9389, 1.6999, 1.5344, 1.2294, 0.88385, 0.62003, 0.53573, 0.34583,
2021-07-01 09:40:11: itr(1080), training loss:  2.3097, 2.1956, 1.9277, 1.6878, 1.4476, 1.302, 1.1759, 0.97754, 0.80844, 0.38405,
2021-07-01 09:40:28: itr(1090), training loss:  2.0434, 1.7882, 1.7033, 1.5019, 1.3258, 0.96634, 0.77385, 0.68854, 0.52096, 0.30145,
2021-07-01 09:40:47: itr(1100), training loss:  2.3271, 2.1321, 1.7488, 1.4882, 1.1595, 1.0663, 0.85812, 0.67327, 0.55733, 0.30178,
2021-07-01 09:41:05: itr(1110), training loss:  2.2721, 2.0893, 1.8834, 1.5922, 1.3463, 1.2194, 1.0003, 0.81862, 0.60743, 0.33686,
2021-07-01 09:41:22: itr(1120), training loss:  2.2733, 1.9714, 1.7984, 1.5367, 1.3217, 1.0236, 0.925, 0.58218, 0.48621, 0.26436,
2021-07-01 09:41:39: itr(1130), training loss:  2.1143, 1.9198, 1.7281, 1.4521, 1.3114, 1.0313, 0.79091, 0.6218, 0.43339, 0.32746,
2021-07-01 09:41:56: itr(1140), training loss:  2.1154, 2.0069, 1.7837, 1.6455, 1.4496, 1.1891, 0.96087, 0.77073, 0.47015, 0.38877,
2021-07-01 09:42:12: itr(1150), training loss:  2.384, 2.1607, 1.8921, 1.7835, 1.6291, 1.2138, 1.0184, 0.78689, 0.62504, 0.41953,
 40%|████      | 4/10 [34:46<52:13, 522.23s/it]  2021-07-01 09:42:28: itr(1160), training loss:  2.4285, 2.238, 1.985, 1.7345, 1.5653, 1.4102, 1.1455, 0.91108, 0.73059, 0.33492,
2021-07-01 09:42:44: itr(1170), training loss:  1.9476, 1.7308, 1.5523, 1.4899, 1.3759, 1.1049, 0.9278, 0.75605, 0.52302, 0.3162,
2021-07-01 09:43:01: itr(1180), training loss:  2.775, 2.6244, 2.3555, 2.0572, 1.8718, 1.5141, 1.3084, 0.86235, 0.60189, 0.33815,
2021-07-01 09:43:19: itr(1190), training loss:  2.2092, 1.9682, 1.6412, 1.3713, 1.2693, 1.201, 1.0879, 0.66494, 0.51659, 0.35732,
2021-07-01 09:43:36: itr(1200), training loss:  2.0375, 1.8305, 1.602, 1.3891, 1.1343, 0.96792, 0.61558, 0.52308, 0.42995, 0.30425,
2021-07-01 09:43:53: itr(1210), training loss:  2.0094, 1.8546, 1.7167, 1.5459, 1.4352, 1.2956, 1.0728, 0.73663, 0.43721, 0.3491,
2021-07-01 09:44:11: itr(1220), training loss:  2.084, 1.7734, 1.6171, 1.3724, 1.2262, 1.1002, 0.88557, 0.68065, 0.53553, 0.29267,
2021-07-01 09:44:28: itr(1230), training loss:  2.1324, 2.0023, 1.7305, 1.4933, 1.3947, 1.1592, 0.92826, 0.68913, 0.42928, 0.32584,
2021-07-01 09:44:45: itr(1240), training loss:  2.3113, 2.1949, 1.9851, 1.6307, 1.3519, 1.0692, 0.9628, 0.73639, 0.508, 0.38278,
2021-07-01 09:45:02: itr(1250), training loss:  2.2734, 2.0707, 1.8895, 1.7999, 1.6573, 1.2688, 1.1202, 0.88417, 0.61612, 0.36066,
2021-07-01 09:45:20: itr(1260), training loss:  2.3525, 2.0531, 1.8115, 1.5163, 1.3306, 1.0232, 0.85881, 0.70254, 0.55665, 0.32866,
2021-07-01 09:45:37: itr(1270), training loss:  2.0965, 1.8805, 1.5656, 1.3156, 1.1673, 0.96316, 0.73977, 0.55572, 0.45835, 0.30472,
2021-07-01 09:45:55: itr(1280), training loss:  1.9528, 1.5529, 1.3557, 1.1722, 1.0004, 0.85403, 0.61596, 0.44572, 0.40662, 0.3024,
2021-07-01 09:46:12: itr(1290), training loss:  2.2264, 1.9575, 1.7358, 1.5949, 1.3241, 1.1481, 0.93563, 0.86246, 0.61776, 0.32972,
2021-07-01 09:46:29: itr(1300), training loss:  2.1791, 1.8908, 1.6601, 1.4963, 1.1686, 0.90005, 0.74909, 0.53494, 0.47046, 0.31662,
2021-07-01 09:46:48: itr(1310), training loss:  2.1775, 1.7644, 1.488, 1.3447, 1.2363, 1.109, 0.93671, 0.71701, 0.5076, 0.2952,
2021-07-01 09:47:05: itr(1320), training loss:  2.4606, 2.243, 2.1031, 1.9648, 1.842, 1.5363, 1.3461, 0.96216, 0.64297, 0.35803,
2021-07-01 09:47:23: itr(1330), training loss:  2.3042, 2.1713, 1.9287, 1.7882, 1.5225, 1.176, 0.97358, 0.75435, 0.53149, 0.3058,
2021-07-01 09:47:40: itr(1340), training loss:  2.4662, 2.3369, 2.0376, 1.7395, 1.4312, 1.2218, 0.94057, 0.67849, 0.53567, 0.31652,
2021-07-01 09:47:57: itr(1350), training loss:  2.3111, 2.1423, 2.0345, 1.8963, 1.7777, 1.5185, 1.1407, 0.92428, 0.6267, 0.27,
2021-07-01 09:48:15: itr(1360), training loss:  1.858, 1.7394, 1.4619, 1.266, 1.1202, 0.91547, 0.73318, 0.49777, 0.36133, 0.27379,
2021-07-01 09:48:32: itr(1370), training loss:  2.2427, 1.9981, 1.82, 1.5936, 1.409, 1.1833, 0.9615, 0.75734, 0.61258, 0.2896,
2021-07-01 09:48:49: itr(1380), training loss:  1.9193, 1.7485, 1.5828, 1.356, 1.3512, 1.1133, 0.94508, 0.69118, 0.54572, 0.31324,
2021-07-01 09:49:06: itr(1390), training loss:  1.9422, 1.7529, 1.6232, 1.4166, 1.2441, 1.0156, 0.79957, 0.57791, 0.41253, 0.26505,
2021-07-01 09:49:22: itr(1400), training loss:  2.1499, 1.9788, 1.7309, 1.5587, 1.332, 1.0951, 0.92518, 0.79282, 0.51067, 0.34938,
2021-07-01 09:49:40: itr(1410), training loss:  2.519, 2.3446, 2.1839, 1.995, 1.7851, 1.5902, 1.2329, 0.79242, 0.5216, 0.34086,
2021-07-01 09:49:57: itr(1420), training loss:  2.3326, 2.2141, 1.8683, 1.6572, 1.4788, 1.2597, 1.1208, 0.84216, 0.5185, 0.30511,
2021-07-01 09:50:14: itr(1430), training loss:  2.3346, 2.1016, 2.0308, 1.8109, 1.5833, 1.3342, 1.1783, 0.7383, 0.48208, 0.36052,
2021-07-01 09:50:31: itr(1440), training loss:  1.9598, 1.7588, 1.5614, 1.3926, 1.2796, 1.1327, 0.90961, 0.65941, 0.46741, 0.26117,
 50%|█████     | 5/10 [43:04<42:54, 514.81s/it]2021-07-01 09:50:47: itr(1450), training loss:  2.2278, 1.9579, 1.8075, 1.5633, 1.5187, 1.4236, 1.2658, 0.83845, 0.59375, 0.29809,
2021-07-01 09:51:04: itr(1460), training loss:  1.9073, 1.6638, 1.5217, 1.4456, 1.3296, 1.1813, 0.94931, 0.72345, 0.53185, 0.27379,
2021-07-01 09:51:20: itr(1470), training loss:  2.4889, 2.2889, 2.0455, 1.8658, 1.7966, 1.5062, 1.2548, 1.0202, 0.6682, 0.39179,
2021-07-01 09:51:37: itr(1480), training loss:  2.0339, 1.8689, 1.6763, 1.4769, 1.3098, 1.1113, 0.92487, 0.64948, 0.56778, 0.32414,
2021-07-01 09:51:54: itr(1490), training loss:  2.281, 2.0032, 1.7473, 1.5166, 1.3656, 1.1423, 0.96193, 0.668, 0.42985, 0.23704,
2021-07-01 09:52:11: itr(1500), training loss:  1.9257, 1.725, 1.6553, 1.5467, 1.4335, 1.0988, 0.96785, 0.80214, 0.59394, 0.24923,
2021-07-01 09:52:28: itr(1510), training loss:  2.4875, 2.2141, 1.8302, 1.626, 1.5434, 1.3905, 1.2845, 1.0738, 0.8339, 0.2759,
2021-07-01 09:52:47: itr(1520), training loss:  2.4266, 2.286, 2.0124, 1.7289, 1.5523, 1.2745, 1.1155, 0.87903, 0.62598, 0.2686,
2021-07-01 09:53:03: itr(1530), training loss:  2.1814, 1.9204, 1.4756, 1.2823, 1.1623, 1.0734, 0.78906, 0.60886, 0.32917, 0.22432,
2021-07-01 09:53:20: itr(1540), training loss:  2.4359, 2.2944, 1.9798, 1.7054, 1.4612, 1.2392, 1.0532, 0.87415, 0.58764, 0.26806,
2021-07-01 09:53:37: itr(1550), training loss:  2.457, 2.2419, 2.0253, 1.7891, 1.5609, 1.3262, 1.1509, 0.84474, 0.50271, 0.27335,
2021-07-01 09:53:54: itr(1560), training loss:  1.8534, 1.7497, 1.4781, 1.2265, 1.1577, 0.87127, 0.77161, 0.63346, 0.49205, 0.27451,
2021-07-01 09:54:11: itr(1570), training loss:  2.2843, 2.0863, 1.8918, 1.743, 1.6353, 1.2785, 1.093, 0.87323, 0.50526, 0.3331,
2021-07-01 09:54:28: itr(1580), training loss:  2.2703, 2.0073, 1.8344, 1.6369, 1.4173, 1.1817, 1.1132, 0.76737, 0.53802, 0.35893,
2021-07-01 09:54:45: itr(1590), training loss:  2.1471, 2.021, 1.8358, 1.5078, 1.2954, 1.0298, 0.91605, 0.74087, 0.54658, 0.24252,
2021-07-01 09:55:02: itr(1600), training loss:  2.017, 1.7245, 1.5293, 1.3515, 1.2379, 1.0833, 0.94507, 0.73095, 0.40596, 0.27298,
2021-07-01 09:55:19: itr(1610), training loss:  2.3519, 2.0824, 1.8888, 1.7289, 1.568, 1.3422, 1.0938, 0.83151, 0.51986, 0.26039,
2021-07-01 09:55:37: itr(1620), training loss:  2.0721, 1.6506, 1.5172, 1.3818, 1.0651, 0.80221, 0.62851, 0.51027, 0.38185, 0.2241,
2021-07-01 09:55:54: itr(1630), training loss:  2.0377, 1.7941, 1.5951, 1.4961, 1.4538, 1.196, 1.0009, 0.84072, 0.50495, 0.22224,
2021-07-01 09:56:11: itr(1640), training loss:  2.4277, 2.075, 1.79, 1.5445, 1.4905, 1.3166, 1.2004, 0.97165, 0.52132, 0.26032,
2021-07-01 09:56:29: itr(1650), training loss:  2.5088, 2.2736, 2.0875, 1.7574, 1.5721, 1.1912, 0.76008, 0.59085, 0.3526, 0.24223,
2021-07-01 09:56:45: itr(1660), training loss:  2.0004, 1.7808, 1.6452, 1.4842, 1.2859, 0.95846, 0.73359, 0.48939, 0.38412, 0.23482,
2021-07-01 09:57:02: itr(1670), training loss:  2.7163, 2.4534, 2.0623, 1.9131, 1.6224, 1.4658, 1.3755, 1.0211, 0.72858, 0.34305,
2021-07-01 09:57:19: itr(1680), training loss:  2.2519, 1.9846, 1.7471, 1.5238, 1.2765, 1.0179, 0.94649, 0.73862, 0.41764, 0.27655,
2021-07-01 09:57:36: itr(1690), training loss:  2.4431, 2.1579, 1.9337, 1.9036, 1.6313, 1.3364, 1.041, 0.79625, 0.54341, 0.29369,
2021-07-01 09:57:53: itr(1700), training loss:  2.3749, 2.05, 1.8544, 1.5193, 1.4504, 1.2738, 1.0194, 0.59977, 0.39087, 0.24726,
2021-07-01 09:58:10: itr(1710), training loss:  2.143, 1.9241, 1.7153, 1.5183, 1.3941, 1.1113, 1.0601, 0.78744, 0.55541, 0.28827,
2021-07-01 09:58:27: itr(1720), training loss:  2.2167, 2.0191, 1.8197, 1.6735, 1.5034, 1.1699, 0.89672, 0.71164, 0.49868, 0.22383,
2021-07-01 09:58:46: itr(1730), training loss:  1.9861, 1.7712, 1.5903, 1.4326, 1.2274, 1.0452, 0.88715, 0.61921, 0.37705, 0.21418,
 60%|██████    | 6/10 [51:17<33:53, 508.32s/it]2021-07-01 09:59:01: itr(1740), training loss:  2.538, 2.1826, 1.9702, 1.8221, 1.7139, 1.3807, 0.9528, 0.67699, 0.61147, 0.29767,
2021-07-01 09:59:18: itr(1750), training loss:  2.2285, 1.9918, 1.6784, 1.4315, 1.252, 1.1304, 0.86785, 0.73604, 0.44412, 0.2436,
2021-07-01 09:59:34: itr(1760), training loss:  1.8646, 1.6448, 1.4128, 1.1417, 0.99919, 0.80023, 0.70555, 0.63221, 0.43418, 0.21453,
2021-07-01 09:59:51: itr(1770), training loss:  2.1696, 1.9997, 1.8244, 1.7164, 1.4338, 1.2638, 0.9739, 0.78827, 0.50412, 0.2448,
2021-07-01 10:00:07: itr(1780), training loss:  2.5135, 2.2598, 1.7896, 1.5237, 1.2201, 1.0808, 0.83014, 0.62705, 0.42974, 0.27045,
2021-07-01 10:00:24: itr(1790), training loss:  2.2366, 1.9574, 1.7767, 1.5668, 1.3031, 1.2436, 1.035, 0.88356, 0.63321, 0.24554,
2021-07-01 10:00:41: itr(1800), training loss:  2.3388, 1.9666, 1.7026, 1.4354, 1.1939, 1.061, 0.86265, 0.7149, 0.51429, 0.23935,
2021-07-01 10:00:59: itr(1810), training loss:  1.991, 1.7422, 1.5639, 1.3555, 1.2851, 1.0466, 0.93186, 0.711, 0.35129, 0.22982,
2021-07-01 10:01:16: itr(1820), training loss:  1.7872, 1.6078, 1.4907, 1.2545, 1.0963, 0.92745, 0.79958, 0.68033, 0.42627, 0.24116,
2021-07-01 10:01:33: itr(1830), training loss:  2.335, 2.1677, 1.9247, 1.7335, 1.5694, 1.2256, 0.99226, 0.83887, 0.48169, 0.21755,
2021-07-01 10:01:50: itr(1840), training loss:  2.0157, 1.7862, 1.4676, 1.2875, 1.1807, 0.99195, 0.83321, 0.58608, 0.47387, 0.24647,
2021-07-01 10:02:07: itr(1850), training loss:  1.7951, 1.621, 1.367, 1.2422, 1.0945, 0.96242, 0.68453, 0.56688, 0.38161, 0.24206,
2021-07-01 10:02:24: itr(1860), training loss:  1.9011, 1.7423, 1.3698, 1.29, 1.1407, 0.96809, 0.72069, 0.54311, 0.42479, 0.22527,
2021-07-01 10:02:41: itr(1870), training loss:  2.2944, 2.0012, 1.7548, 1.5404, 1.372, 1.1908, 0.90566, 0.68046, 0.5191, 0.3205,
2021-07-01 10:02:59: itr(1880), training loss:  1.8613, 1.7099, 1.5434, 1.3984, 1.1832, 1.0441, 0.64066, 0.48359, 0.38248, 0.21719,
2021-07-01 10:03:16: itr(1890), training loss:  2.178, 2.0201, 1.7217, 1.5422, 1.4192, 1.2661, 1.2224, 1.015, 0.74073, 0.26787,
2021-07-01 10:03:32: itr(1900), training loss:  1.9448, 1.8444, 1.65, 1.3554, 1.2339, 1.1013, 0.94692, 0.67553, 0.42034, 0.26316,
2021-07-01 10:03:50: itr(1910), training loss:  2.2511, 2.1234, 1.812, 1.6136, 1.3843, 1.2071, 0.92002, 0.68998, 0.51404, 0.27672,
2021-07-01 10:04:07: itr(1920), training loss:  2.3906, 2.1227, 1.8262, 1.5557, 1.3336, 1.1653, 0.91462, 0.62029, 0.41353, 0.27603,
2021-07-01 10:04:24: itr(1930), training loss:  2.5112, 2.257, 2.0412, 1.6672, 1.5535, 1.3924, 1.2022, 0.92302, 0.75602, 0.37001,
2021-07-01 10:04:42: itr(1940), training loss:  1.8838, 1.6293, 1.4008, 1.207, 1.091, 1.0066, 0.81852, 0.66952, 0.48678, 0.27052,
2021-07-01 10:05:01: itr(1950), training loss:  2.2299, 2.0055, 1.7156, 1.5192, 1.3061, 1.0074, 0.84734, 0.65271, 0.5337, 0.25902,
2021-07-01 10:05:18: itr(1960), training loss:  2.1266, 1.8122, 1.692, 1.3978, 1.2144, 1.1208, 0.86713, 0.67154, 0.48981, 0.28422,
2021-07-01 10:05:34: itr(1970), training loss:  2.3961, 2.1607, 2.0393, 1.7979, 1.6447, 1.4428, 1.1817, 0.87472, 0.6488, 0.35437,
2021-07-01 10:05:51: itr(1980), training loss:  2.4051, 2.1471, 1.9676, 1.8308, 1.6249, 1.3479, 0.98835, 0.70043, 0.53284, 0.28874,
2021-07-01 10:06:08: itr(1990), training loss:  1.9015, 1.7924, 1.7158, 1.5701, 1.3322, 1.1303, 0.94152, 0.73373, 0.51961, 0.21947,
2021-07-01 10:06:24: itr(2000), training loss:  2.3163, 2.0709, 1.8355, 1.4746, 1.364, 1.1619, 1.0162, 0.73729, 0.42032, 0.23875,
2021-07-01 10:06:41: itr(2010), training loss:  1.9316, 1.7485, 1.4886, 1.2619, 1.0477, 0.83106, 0.62406, 0.47689, 0.24462, 0.20832,
2021-07-01 10:06:57: itr(2020), training loss:  1.9786, 1.7415, 1.626, 1.4851, 1.3605, 1.0657, 1.0038, 0.76172, 0.58029, 0.3165,
 70%|███████   | 7/10 [59:27<25:08, 502.79s/it]2021-07-01 10:07:13: itr(2030), training loss:  2.0831, 1.8894, 1.729, 1.4603, 1.2989, 1.0888, 0.86018, 0.78979, 0.50638, 0.28214,
2021-07-01 10:07:30: itr(2040), training loss:  1.9124, 1.7043, 1.5156, 1.3114, 1.211, 1.0827, 0.73513, 0.63832, 0.43835, 0.24625,
2021-07-01 10:07:47: itr(2050), training loss:  1.9541, 1.7144, 1.5884, 1.3717, 1.1215, 1.013, 0.83038, 0.57755, 0.35324, 0.25655,
2021-07-01 10:08:04: itr(2060), training loss:  2.1461, 1.9656, 1.8142, 1.5138, 1.1648, 1.0062, 0.7604, 0.58502, 0.34481, 0.20794,
2021-07-01 10:08:21: itr(2070), training loss:  2.2188, 2.0641, 1.8793, 1.7399, 1.2621, 1.0908, 0.9302, 0.78124, 0.49005, 0.24276,
2021-07-01 10:08:38: itr(2080), training loss:  1.7478, 1.6337, 1.4681, 1.3363, 1.2906, 1.0633, 0.83473, 0.62721, 0.4564, 0.24795,
2021-07-01 10:08:55: itr(2090), training loss:  2.0545, 1.9836, 1.8023, 1.5833, 1.421, 1.2263, 1.112, 0.80007, 0.56955, 0.23154,
2021-07-01 10:09:12: itr(2100), training loss:  1.974, 1.8828, 1.6479, 1.4629, 1.2505, 0.99304, 0.80813, 0.67792, 0.3726, 0.21181,
2021-07-01 10:09:29: itr(2110), training loss:  2.2217, 2.0395, 1.8335, 1.5865, 1.3461, 1.1183, 0.89411, 0.6693, 0.57091, 0.26521,
2021-07-01 10:09:46: itr(2120), training loss:  2.4908, 2.3274, 2.057, 1.8329, 1.5704, 1.2976, 1.1158, 0.76373, 0.53984, 0.24362,
2021-07-01 10:10:02: itr(2130), training loss:  2.3045, 1.9613, 1.7417, 1.5494, 1.2722, 1.0749, 0.69567, 0.43838, 0.34076, 0.20053,
2021-07-01 10:10:20: itr(2140), training loss:  2.1019, 1.9505, 1.7043, 1.5618, 1.4205, 1.1956, 0.98612, 0.59877, 0.39002, 0.25581,
2021-07-01 10:10:37: itr(2150), training loss:  2.3045, 2.0639, 1.9255, 1.6609, 1.4087, 1.241, 0.85228, 0.6265, 0.42243, 0.2427,
2021-07-01 10:10:56: itr(2160), training loss:  1.9451, 1.7813, 1.6374, 1.4401, 1.2593, 1.2075, 0.94918, 0.67145, 0.45576, 0.27586,
2021-07-01 10:11:14: itr(2170), training loss:  2.0506, 1.801, 1.5939, 1.4476, 1.1819, 1.0483, 0.82675, 0.68194, 0.39018, 0.2656,
2021-07-01 10:11:30: itr(2180), training loss:  2.1611, 1.9582, 1.7882, 1.635, 1.302, 0.98043, 0.69033, 0.55672, 0.38403, 0.2508,
2021-07-01 10:11:47: itr(2190), training loss:  2.1001, 1.7134, 1.5743, 1.4243, 1.3514, 1.232, 0.92945, 0.6523, 0.5012, 0.24039,
2021-07-01 10:12:04: itr(2200), training loss:  2.0402, 1.8825, 1.6384, 1.5191, 1.4237, 1.2736, 1.035, 0.81306, 0.56813, 0.22794,
2021-07-01 10:12:21: itr(2210), training loss:  1.8533, 1.709, 1.4508, 1.2461, 1.1014, 1.0216, 0.9309, 0.64913, 0.40962, 0.18297,
2021-07-01 10:12:38: itr(2220), training loss:  1.6701, 1.3896, 1.2472, 1.2013, 1.0145, 0.83146, 0.68218, 0.57689, 0.35873, 0.24319,
2021-07-01 10:12:55: itr(2230), training loss:  2.3017, 2.0916, 1.9947, 1.6875, 1.4983, 1.3119, 1.1754, 0.75075, 0.49783, 0.22001,
2021-07-01 10:13:12: itr(2240), training loss:  1.9022, 1.5728, 1.3525, 1.2496, 1.1595, 1.0452, 0.73303, 0.61501, 0.32149, 0.21359,
2021-07-01 10:13:29: itr(2250), training loss:  2.1652, 1.7645, 1.5668, 1.4513, 1.2571, 1.1154, 0.8737, 0.59352, 0.38966, 0.27967,
2021-07-01 10:13:46: itr(2260), training loss:  2.3304, 2.2751, 2.0449, 1.812, 1.5831, 1.4025, 1.0722, 0.80887, 0.52736, 0.2914,
2021-07-01 10:14:03: itr(2270), training loss:  2.2889, 1.9863, 1.7576, 1.5691, 1.4484, 1.23, 0.99277, 0.77183, 0.54404, 0.23794,
2021-07-01 10:14:20: itr(2280), training loss:  2.4211, 2.126, 1.8313, 1.6251, 1.4834, 1.2006, 1.0283, 0.82633, 0.51328, 0.21751,
2021-07-01 10:14:37: itr(2290), training loss:  1.9803, 1.7352, 1.5384, 1.3372, 1.2261, 0.95922, 0.66844, 0.5096, 0.3707, 0.26144,
2021-07-01 10:14:54: itr(2300), training loss:  2.4358, 2.2315, 1.8569, 1.7198, 1.3763, 0.99633, 0.88168, 0.75765, 0.50655, 0.25905,
2021-07-01 10:15:10: itr(2310), training loss:  2.1892, 2.0296, 1.7796, 1.643, 1.4457, 1.2716, 0.91113, 0.74176, 0.53355, 0.23284,
 80%|████████  | 8/10 [1:07:38<16:38, 499.35s/it]2021-07-01 10:15:26: itr(2320), training loss:  2.2441, 1.9829, 1.6832, 1.475, 1.2653, 1.1369, 0.96803, 0.65947, 0.37774, 0.22936,
2021-07-01 10:15:42: itr(2330), training loss:  2.2832, 2.1773, 1.9078, 1.6636, 1.4736, 1.1712, 1.0061, 0.71523, 0.50738, 0.24622,
2021-07-01 10:15:59: itr(2340), training loss:  2.2286, 2.0406, 1.8342, 1.6396, 1.3105, 1.1589, 0.97086, 0.67828, 0.5319, 0.27853,
2021-07-01 10:16:17: itr(2350), training loss:  2.0799, 1.876, 1.5328, 1.3166, 1.1291, 1.0419, 0.89241, 0.68801, 0.44608, 0.24614,
2021-07-01 10:16:34: itr(2360), training loss:  2.1013, 1.9288, 1.5601, 1.4251, 1.2631, 1.1535, 0.87502, 0.63197, 0.45619, 0.23564,
2021-07-01 10:16:52: itr(2370), training loss:  2.1155, 1.9378, 1.7331, 1.5731, 1.348, 1.1653, 1.0124, 0.89228, 0.55384, 0.27447,
2021-07-01 10:17:09: itr(2380), training loss:  2.4036, 2.1246, 1.831, 1.6593, 1.4548, 1.2543, 0.97983, 0.69591, 0.4781, 0.28852,
2021-07-01 10:17:26: itr(2390), training loss:  2.039, 1.7888, 1.6278, 1.3708, 1.2193, 1.0113, 0.77783, 0.62981, 0.48326, 0.27192,
2021-07-01 10:17:43: itr(2400), training loss:  2.1928, 2.0263, 1.7206, 1.4477, 1.2929, 1.1488, 0.88845, 0.64719, 0.45061, 0.24875,
2021-07-01 10:18:00: itr(2410), training loss:  2.0995, 1.9592, 1.8451, 1.56, 1.2352, 1.1976, 0.88861, 0.7691, 0.57936, 0.22703,
2021-07-01 10:18:18: itr(2420), training loss:  2.0086, 1.9096, 1.7896, 1.626, 1.5163, 1.2967, 1.1371, 0.67453, 0.40741, 0.20144,
2021-07-01 10:18:35: itr(2430), training loss:  2.2505, 1.9641, 1.707, 1.4566, 1.3539, 1.2128, 0.79953, 0.60234, 0.39366, 0.33017,
2021-07-01 10:18:52: itr(2440), training loss:  2.0399, 1.9325, 1.8123, 1.5896, 1.4764, 1.31, 1.015, 0.83952, 0.68492, 0.29558,
2021-07-01 10:19:10: itr(2450), training loss:  2.439, 2.2305, 2.0736, 1.8473, 1.5449, 1.3496, 1.0049, 0.65369, 0.34611, 0.23682,
2021-07-01 10:19:27: itr(2460), training loss:  1.7115, 1.555, 1.3956, 1.2165, 1.0974, 0.99652, 0.7548, 0.60348, 0.42919, 0.2147,
2021-07-01 10:19:44: itr(2470), training loss:  2.2886, 2.1623, 1.9576, 1.8299, 1.7106, 1.5503, 1.2817, 0.96185, 0.46065, 0.24234,
2021-07-01 10:20:01: itr(2480), training loss:  2.2125, 2.1293, 1.8731, 1.6705, 1.3551, 1.1329, 0.848, 0.56223, 0.33975, 0.24619,
2021-07-01 10:20:19: itr(2490), training loss:  1.9407, 1.7866, 1.6214, 1.3667, 1.2154, 1.0381, 0.83332, 0.69325, 0.47173, 0.22511,
2021-07-01 10:20:36: itr(2500), training loss:  2.0686, 1.9705, 1.8478, 1.5321, 1.4159, 1.2594, 1.0186, 0.82492, 0.57013, 0.29928,
2021-07-01 10:20:53: itr(2510), training loss:  2.1235, 1.9633, 1.7865, 1.4422, 1.2374, 1.1743, 0.898, 0.61336, 0.4403, 0.22991,
2021-07-01 10:21:10: itr(2520), training loss:  2.0649, 1.9472, 1.756, 1.3404, 1.0798, 0.79827, 0.75601, 0.57715, 0.37533, 0.23866,
2021-07-01 10:21:27: itr(2530), training loss:  2.2949, 2.0818, 1.8589, 1.7067, 1.3325, 1.0759, 0.83493, 0.71755, 0.45856, 0.25629,
2021-07-01 10:21:44: itr(2540), training loss:  2.6625, 2.3628, 2.1224, 1.8886, 1.6583, 1.2786, 0.84713, 0.66805, 0.38828, 0.25807,
2021-07-01 10:22:00: itr(2550), training loss:  2.0637, 1.8283, 1.5842, 1.4632, 1.3045, 1.1322, 0.72639, 0.52261, 0.45492, 0.20122,
2021-07-01 10:22:18: itr(2560), training loss:  2.2559, 2.084, 1.6545, 1.3844, 1.0808, 0.89089, 0.81576, 0.58508, 0.31157, 0.19902,
2021-07-01 10:22:35: itr(2570), training loss:  2.1515, 1.8371, 1.5751, 1.3882, 1.234, 1.0284, 0.84502, 0.7283, 0.47275, 0.23006,
2021-07-01 10:22:54: itr(2580), training loss:  2.2674, 2.0205, 1.8369, 1.6561, 1.5296, 1.288, 1.1392, 0.9106, 0.61488, 0.22217,
2021-07-01 10:23:10: itr(2590), training loss:  2.235, 1.9149, 1.7934, 1.5904, 1.3713, 1.1557, 0.98179, 0.79071, 0.38879, 0.2409,
2021-07-01 10:23:26: itr(2600), training loss:  1.347, 1.173, 1.1021, 0.94043, 0.7874, 0.62519, 0.46217, 0.4321, 0.35304, 0.18095,
 90%|█████████ | 9/10 [1:15:54<08:18, 498.11s/it]2021-07-01 10:23:43: itr(2610), training loss:  2.0338, 1.8821, 1.569, 1.2107, 0.93323, 0.71112, 0.50989, 0.45523, 0.25139, 0.19189,
2021-07-01 10:24:00: itr(2620), training loss:  2.097, 1.7906, 1.5591, 1.3484, 1.2, 0.932, 0.78945, 0.68294, 0.49184, 0.25268,
2021-07-01 10:24:17: itr(2630), training loss:  2.133, 1.9787, 1.7288, 1.5589, 1.3116, 1.1419, 0.86248, 0.70439, 0.47002, 0.2491,
2021-07-01 10:24:34: itr(2640), training loss:  2.1949, 1.9544, 1.7619, 1.5255, 1.3248, 1.3508, 1.1734, 0.75342, 0.51719, 0.24869,
2021-07-01 10:24:51: itr(2650), training loss:  2.2756, 1.9173, 1.7246, 1.6007, 1.4229, 1.2226, 0.8841, 0.65886, 0.47249, 0.24933,
2021-07-01 10:25:08: itr(2660), training loss:  2.2282, 1.9786, 1.7756, 1.6384, 1.3118, 1.1448, 0.96398, 0.67344, 0.51896, 0.22796,
2021-07-01 10:25:25: itr(2670), training loss:  2.7671, 2.4551, 1.9903, 1.6437, 1.4265, 1.3373, 1.0544, 0.81531, 0.60164, 0.31955,
2021-07-01 10:25:42: itr(2680), training loss:  2.4722, 2.1895, 1.8642, 1.6249, 1.418, 1.2155, 0.98786, 0.72376, 0.51009, 0.23052,
2021-07-01 10:25:59: itr(2690), training loss:  2.1403, 2.0195, 1.7976, 1.5651, 1.3499, 1.0581, 0.81823, 0.56393, 0.44348, 0.22113,
2021-07-01 10:26:16: itr(2700), training loss:  2.1495, 1.9328, 1.5571, 1.418, 1.2738, 1.0968, 0.90238, 0.67327, 0.4345, 0.23671,
2021-07-01 10:26:34: itr(2710), training loss:  2.0733, 1.8577, 1.604, 1.4905, 1.2692, 1.2017, 0.98475, 0.65829, 0.47909, 0.26125,
2021-07-01 10:26:51: itr(2720), training loss:  2.3598, 2.1784, 1.9605, 1.7696, 1.3916, 1.2453, 0.88772, 0.77307, 0.37499, 0.24335,
2021-07-01 10:27:08: itr(2730), training loss:  2.5943, 2.3344, 2.0481, 1.7961, 1.5309, 1.2999, 0.91268, 0.68035, 0.44916, 0.27332,
2021-07-01 10:27:26: itr(2740), training loss:  1.9159, 1.7086, 1.5248, 1.2494, 0.94227, 0.79554, 0.6199, 0.50576, 0.29975, 0.19912,
2021-07-01 10:27:43: itr(2750), training loss:  2.4956, 2.2306, 1.89, 1.5796, 1.2887, 1.0677, 0.92695, 0.70932, 0.49631, 0.28992,
2021-07-01 10:28:00: itr(2760), training loss:  2.2063, 2.0787, 1.8131, 1.4277, 1.0846, 0.97587, 0.81217, 0.65738, 0.38639, 0.21669,
2021-07-01 10:28:18: itr(2770), training loss:  2.0057, 1.8105, 1.6126, 1.408, 1.2292, 1.016, 0.86171, 0.66327, 0.33354, 0.23594,
2021-07-01 10:28:35: itr(2780), training loss:  2.1369, 1.8486, 1.6073, 1.2629, 1.1715, 0.99525, 0.86001, 0.72694, 0.34151, 0.24514,
2021-07-01 10:28:52: itr(2790), training loss:  2.4009, 2.2032, 1.9524, 1.6596, 1.2913, 0.96921, 0.74013, 0.53982, 0.31941, 0.20556,
2021-07-01 10:29:11: itr(2800), training loss:  2.2917, 2.003, 1.6903, 1.5624, 1.2312, 1.1717, 0.87262, 0.62233, 0.44529, 0.27961,
2021-07-01 10:29:28: itr(2810), training loss:  2.3363, 2.041, 1.8172, 1.6306, 1.4425, 1.2455, 0.93812, 0.77372, 0.61816, 0.2559,
2021-07-01 10:29:46: itr(2820), training loss:  2.0126, 1.8084, 1.6094, 1.4923, 1.2659, 1.0705, 0.91322, 0.8304, 0.52156, 0.25153,
2021-07-01 10:30:03: itr(2830), training loss:  2.4417, 2.2607, 1.9921, 1.8436, 1.4989, 1.2174, 1.0555, 0.91879, 0.48239, 0.24709,
2021-07-01 10:30:19: itr(2840), training loss:  2.0655, 1.8108, 1.5225, 1.2856, 1.2094, 1.0332, 0.89233, 0.69648, 0.33513, 0.21266,
2021-07-01 10:30:37: itr(2850), training loss:  2.2111, 1.8504, 1.6946, 1.5016, 1.3559, 1.1025, 0.96383, 0.75889, 0.57653, 0.22123,
2021-07-01 10:30:54: itr(2860), training loss:  1.8563, 1.6728, 1.4472, 1.3191, 1.0881, 0.86065, 0.73272, 0.65402, 0.42949, 0.21008,
2021-07-01 10:31:11: itr(2870), training loss:  1.9755, 1.7836, 1.526, 1.3888, 1.2707, 1.1236, 0.89109, 0.67712, 0.34837, 0.21332,
2021-07-01 10:31:28: itr(2880), training loss:  1.9463, 1.6947, 1.5165, 1.3741, 1.1791, 1.0499, 0.79494, 0.5128, 0.37178, 0.20679,
100%|██████████| 10/10 [1:24:09<00:00, 497.31s/it]100%|██████████| 10/10 [1:24:09<00:00, 504.94s/it]
model:../model/dqn/best-reward-comb-10 saved success!!!!
2021-07-01 10:31:42,830 - /data2/project/RL/utils/yjp_decorator.py[line:53] - INFO: [102.1033644676 m] train 
2021-07-01 10:35:47,039 - /data2/project/RL/utils/yjp_decorator.py[line:53] - INFO: [4.0698958715 m] validation 
(2.084849636920937, 0.22140101543135843, 2.084849636920937)
2021-07-01 10:40:13,806 - /data2/project/RL/utils/yjp_decorator.py[line:53] - INFO: [4.4460242192 m] validation_train 
(1.0418329838616793, 0.2212040427976447, 1.0418329838616793)
2021-07-01 10:40:16,205 - /data2/project/RL/utils/yjp_decorator.py[line:53] - INFO: [111.0718496799 m] main 
finished!!!!!!,time cost:111.07186460892359 m
