nohup: 忽略输入
/data1/anaconda3/lib/python3.6/site-packages/tensorflow/python/framework/dtypes.py:516: FutureWarning: Passing (type, 1) or '1type' as a synonym of type is deprecated; in a future version of numpy, it will be understood as (type, (1,)) / '(1,)type'.
  _np_qint8 = np.dtype([("qint8", np.int8, 1)])
/data1/anaconda3/lib/python3.6/site-packages/tensorflow/python/framework/dtypes.py:517: FutureWarning: Passing (type, 1) or '1type' as a synonym of type is deprecated; in a future version of numpy, it will be understood as (type, (1,)) / '(1,)type'.
  _np_quint8 = np.dtype([("quint8", np.uint8, 1)])
/data1/anaconda3/lib/python3.6/site-packages/tensorflow/python/framework/dtypes.py:518: FutureWarning: Passing (type, 1) or '1type' as a synonym of type is deprecated; in a future version of numpy, it will be understood as (type, (1,)) / '(1,)type'.
  _np_qint16 = np.dtype([("qint16", np.int16, 1)])
/data1/anaconda3/lib/python3.6/site-packages/tensorflow/python/framework/dtypes.py:519: FutureWarning: Passing (type, 1) or '1type' as a synonym of type is deprecated; in a future version of numpy, it will be understood as (type, (1,)) / '(1,)type'.
  _np_quint16 = np.dtype([("quint16", np.uint16, 1)])
/data1/anaconda3/lib/python3.6/site-packages/tensorflow/python/framework/dtypes.py:520: FutureWarning: Passing (type, 1) or '1type' as a synonym of type is deprecated; in a future version of numpy, it will be understood as (type, (1,)) / '(1,)type'.
  _np_qint32 = np.dtype([("qint32", np.int32, 1)])
/data1/anaconda3/lib/python3.6/site-packages/tensorflow/python/framework/dtypes.py:525: FutureWarning: Passing (type, 1) or '1type' as a synonym of type is deprecated; in a future version of numpy, it will be understood as (type, (1,)) / '(1,)type'.
  np_resource = np.dtype([("resource", np.ubyte, 1)])
/data1/anaconda3/lib/python3.6/site-packages/tensorboard/compat/tensorflow_stub/dtypes.py:541: FutureWarning: Passing (type, 1) or '1type' as a synonym of type is deprecated; in a future version of numpy, it will be understood as (type, (1,)) / '(1,)type'.
  _np_qint8 = np.dtype([("qint8", np.int8, 1)])
/data1/anaconda3/lib/python3.6/site-packages/tensorboard/compat/tensorflow_stub/dtypes.py:542: FutureWarning: Passing (type, 1) or '1type' as a synonym of type is deprecated; in a future version of numpy, it will be understood as (type, (1,)) / '(1,)type'.
  _np_quint8 = np.dtype([("quint8", np.uint8, 1)])
/data1/anaconda3/lib/python3.6/site-packages/tensorboard/compat/tensorflow_stub/dtypes.py:543: FutureWarning: Passing (type, 1) or '1type' as a synonym of type is deprecated; in a future version of numpy, it will be understood as (type, (1,)) / '(1,)type'.
  _np_qint16 = np.dtype([("qint16", np.int16, 1)])
/data1/anaconda3/lib/python3.6/site-packages/tensorboard/compat/tensorflow_stub/dtypes.py:544: FutureWarning: Passing (type, 1) or '1type' as a synonym of type is deprecated; in a future version of numpy, it will be understood as (type, (1,)) / '(1,)type'.
  _np_quint16 = np.dtype([("quint16", np.uint16, 1)])
/data1/anaconda3/lib/python3.6/site-packages/tensorboard/compat/tensorflow_stub/dtypes.py:545: FutureWarning: Passing (type, 1) or '1type' as a synonym of type is deprecated; in a future version of numpy, it will be understood as (type, (1,)) / '(1,)type'.
  _np_qint32 = np.dtype([("qint32", np.int32, 1)])
/data1/anaconda3/lib/python3.6/site-packages/tensorboard/compat/tensorflow_stub/dtypes.py:550: FutureWarning: Passing (type, 1) or '1type' as a synonym of type is deprecated; in a future version of numpy, it will be understood as (type, (1,)) / '(1,)type'.
  np_resource = np.dtype([("resource", np.ubyte, 1)])
>>>>>>>>>>> Namespace(batch_size=1024, click_path='../data/raw/click.csv', clip_max_value=40.0, clip_min_value=-40.0, compu_type='thread', data_folder='../data/handled/', dims='256-32', dqn_dims='256-32', dqn_lr=0.001, dqn_type='offline', embedding_path='/data1/ai-recall/bpr/model/', env_std=0.001, epoch=10, exposure_path='../data/raw/exposure.csv', gamma=0.98, init_learning_rate=0.01, k=10, learning_rate=0.001, min_value=-1000000000.0, model_path='../model/dqn/', noclick_weight=0.65, num_iters=50, num_thread=1, pw_band_size=20, pw_dim=4, q_std=0.01, random_seed=1126, resplit=False, rnn_hidden_dim=20, sample_batch_size=1024, save_dir='../model/save_dir/', threshold=0.97, train_time_horizon=15, training_batch_size=1024, user_model='PW', vali_batch_size=2000, vali_time_horizon=15) <<<<<<<<<<<<<<<<<<<<<<
WARNING:tensorflow:From /data2/project/RL/GAN_RL/yjp/code/env.py:47: The name tf.GPUOptions is deprecated. Please use tf.compat.v1.GPUOptions instead.

WARNING:tensorflow:From /data2/project/RL/GAN_RL/yjp/code/env.py:48: The name tf.ConfigProto is deprecated. Please use tf.compat.v1.ConfigProto instead.

WARNING:tensorflow:From /data2/project/RL/GAN_RL/yjp/code/env.py:49: The name tf.Session is deprecated. Please use tf.compat.v1.Session instead.

2021-06-30 18:00:59.040247: I tensorflow/core/platform/cpu_feature_guard.cc:142] Your CPU supports instructions that this TensorFlow binary was not compiled to use: SSE4.1 SSE4.2 AVX AVX2 AVX512F FMA
2021-06-30 18:00:59.051015: I tensorflow/core/platform/profile_utils/cpu_utils.cc:94] CPU Frequency: 2100000000 Hz
2021-06-30 18:00:59.055449: I tensorflow/compiler/xla/service/service.cc:168] XLA service 0x55d10a0e4360 executing computations on platform Host. Devices:
2021-06-30 18:00:59.055509: I tensorflow/compiler/xla/service/service.cc:175]   StreamExecutor device (0): <undefined>, <undefined>
2021-06-30 18:00:59.057339: I tensorflow/stream_executor/platform/default/dso_loader.cc:42] Successfully opened dynamic library libcuda.so.1
2021-06-30 18:00:59.742939: I tensorflow/core/common_runtime/gpu/gpu_device.cc:1640] Found device 0 with properties: 
name: Tesla P40 major: 6 minor: 1 memoryClockRate(GHz): 1.531
pciBusID: 0000:37:00.0
2021-06-30 18:00:59.743393: I tensorflow/stream_executor/platform/default/dso_loader.cc:42] Successfully opened dynamic library libcudart.so.10.1
2021-06-30 18:00:59.745932: I tensorflow/stream_executor/platform/default/dso_loader.cc:42] Successfully opened dynamic library libcublas.so.10
2021-06-30 18:00:59.748579: I tensorflow/stream_executor/platform/default/dso_loader.cc:42] Successfully opened dynamic library libcufft.so.10
2021-06-30 18:00:59.748936: I tensorflow/stream_executor/platform/default/dso_loader.cc:42] Successfully opened dynamic library libcurand.so.10
2021-06-30 18:00:59.751732: I tensorflow/stream_executor/platform/default/dso_loader.cc:42] Successfully opened dynamic library libcusolver.so.10
2021-06-30 18:00:59.753090: I tensorflow/stream_executor/platform/default/dso_loader.cc:42] Successfully opened dynamic library libcusparse.so.10
2021-06-30 18:00:59.759065: I tensorflow/stream_executor/platform/default/dso_loader.cc:42] Successfully opened dynamic library libcudnn.so.7
2021-06-30 18:00:59.760742: I tensorflow/core/common_runtime/gpu/gpu_device.cc:1763] Adding visible gpu devices: 0
2021-06-30 18:00:59.760791: I tensorflow/stream_executor/platform/default/dso_loader.cc:42] Successfully opened dynamic library libcudart.so.10.1
2021-06-30 18:00:59.864001: I tensorflow/core/common_runtime/gpu/gpu_device.cc:1181] Device interconnect StreamExecutor with strength 1 edge matrix:
2021-06-30 18:00:59.864058: I tensorflow/core/common_runtime/gpu/gpu_device.cc:1187]      0 
2021-06-30 18:00:59.864075: I tensorflow/core/common_runtime/gpu/gpu_device.cc:1200] 0:   N 
2021-06-30 18:00:59.866717: I tensorflow/core/common_runtime/gpu/gpu_device.cc:1326] Created TensorFlow device (/job:localhost/replica:0/task:0/device:GPU:0 with 11459 MB memory) -> physical GPU (device: 0, name: Tesla P40, pci bus id: 0000:37:00.0, compute capability: 6.1)
2021-06-30 18:00:59.869653: I tensorflow/compiler/xla/service/service.cc:168] XLA service 0x55d10ac18da0 executing computations on platform CUDA. Devices:
2021-06-30 18:00:59.869682: I tensorflow/compiler/xla/service/service.cc:175]   StreamExecutor device (0): Tesla P40, Compute Capability 6.1
['_k', 10, '_noclick_weight', 0.65]
WARNING:tensorflow:From /data2/project/RL/GAN_RL/yjp/code/env.py:106: dense (from tensorflow.python.layers.core) is deprecated and will be removed in a future version.
Instructions for updating:
Use keras.layers.dense instead.
WARNING:tensorflow:Entity <bound method Dense.call of <tensorflow.python.layers.core.Dense object at 0x7f34f2d70710>> could not be transformed and will be executed as-is. Please report this to the AutgoGraph team. When filing the bug, set the verbosity to 10 (on Linux, `export AUTOGRAPH_VERBOSITY=10`) and attach the full output. Cause: converting <bound method Dense.call of <tensorflow.python.layers.core.Dense object at 0x7f34f2d70710>>: AttributeError: module 'gast' has no attribute 'Index'
WARNING:tensorflow:Entity <bound method Dense.call of <tensorflow.python.layers.core.Dense object at 0x7f34f2d70710>> could not be transformed and will be executed as-is. Please report this to the AutgoGraph team. When filing the bug, set the verbosity to 10 (on Linux, `export AUTOGRAPH_VERBOSITY=10`) and attach the full output. Cause: converting <bound method Dense.call of <tensorflow.python.layers.core.Dense object at 0x7f34f2d70710>>: AttributeError: module 'gast' has no attribute 'Index'
WARNING:tensorflow:Entity <bound method Dense.call of <tensorflow.python.layers.core.Dense object at 0x7f3635402b70>> could not be transformed and will be executed as-is. Please report this to the AutgoGraph team. When filing the bug, set the verbosity to 10 (on Linux, `export AUTOGRAPH_VERBOSITY=10`) and attach the full output. Cause: converting <bound method Dense.call of <tensorflow.python.layers.core.Dense object at 0x7f3635402b70>>: AttributeError: module 'gast' has no attribute 'Index'
WARNING:tensorflow:From /data2/project/RL/GAN_RL/yjp/code/env.py:148: div (from tensorflow.python.ops.math_ops) is deprecated and will be removed in a future version.
Instructions for updating:
Deprecated in favor of operator or tf.math.divide.
WARNING:tensorflow:From /data2/project/RL/GAN_RL/yjp/code/env.py:190: The name tf.variables_initializer is deprecated. Please use tf.compat.v1.variables_initializer instead.

WARNING:tensorflow:From /data1/anaconda3/lib/python3.6/site-packages/tensorflow/python/training/saver.py:1276: checkpoint_exists (from tensorflow.python.training.checkpoint_management) is deprecated and will be removed in a future version.
Instructions for updating:
Use standard file APIs to check for files with this prefix.
model:../model/save_dir/PW/best-loss loaded success!!!!
2021-06-30 18:01:20.448181: I tensorflow/core/common_runtime/gpu/gpu_device.cc:1640] Found device 0 with properties: 
name: Tesla P40 major: 6 minor: 1 memoryClockRate(GHz): 1.531
pciBusID: 0000:37:00.0
2021-06-30 18:01:20.448277: I tensorflow/stream_executor/platform/default/dso_loader.cc:42] Successfully opened dynamic library libcudart.so.10.1
2021-06-30 18:01:20.448308: I tensorflow/stream_executor/platform/default/dso_loader.cc:42] Successfully opened dynamic library libcublas.so.10
2021-06-30 18:01:20.448344: I tensorflow/stream_executor/platform/default/dso_loader.cc:42] Successfully opened dynamic library libcufft.so.10
2021-06-30 18:01:20.448370: I tensorflow/stream_executor/platform/default/dso_loader.cc:42] Successfully opened dynamic library libcurand.so.10
2021-06-30 18:01:20.448392: I tensorflow/stream_executor/platform/default/dso_loader.cc:42] Successfully opened dynamic library libcusolver.so.10
2021-06-30 18:01:20.448423: I tensorflow/stream_executor/platform/default/dso_loader.cc:42] Successfully opened dynamic library libcusparse.so.10
2021-06-30 18:01:20.448449: I tensorflow/stream_executor/platform/default/dso_loader.cc:42] Successfully opened dynamic library libcudnn.so.7
2021-06-30 18:01:20.449767: I tensorflow/core/common_runtime/gpu/gpu_device.cc:1763] Adding visible gpu devices: 0
2021-06-30 18:01:20.449806: I tensorflow/core/common_runtime/gpu/gpu_device.cc:1181] Device interconnect StreamExecutor with strength 1 edge matrix:
2021-06-30 18:01:20.449816: I tensorflow/core/common_runtime/gpu/gpu_device.cc:1187]      0 
2021-06-30 18:01:20.449825: I tensorflow/core/common_runtime/gpu/gpu_device.cc:1200] 0:   N 
2021-06-30 18:01:20.451145: I tensorflow/core/common_runtime/gpu/gpu_device.cc:1326] Created TensorFlow device (/job:localhost/replica:0/task:0/device:GPU:0 with 11459 MB memory) -> physical GPU (device: 0, name: Tesla P40, pci bus id: 0000:37:00.0, compute capability: 6.1)
WARNING:tensorflow:From /data2/project/RL/GAN_RL/yjp/code/dqn.py:36: The name tf.train.get_or_create_global_step is deprecated. Please use tf.compat.v1.train.get_or_create_global_step instead.

WARNING:tensorflow:From /data2/project/RL/GAN_RL/yjp/code/dqn.py:132: The name tf.trainable_variables is deprecated. Please use tf.compat.v1.trainable_variables instead.

WARNING:tensorflow:Entity <bound method Dense.call of <tensorflow.python.layers.core.Dense object at 0x7f34f2e62c18>> could not be transformed and will be executed as-is. Please report this to the AutgoGraph team. When filing the bug, set the verbosity to 10 (on Linux, `export AUTOGRAPH_VERBOSITY=10`) and attach the full output. Cause: converting <bound method Dense.call of <tensorflow.python.layers.core.Dense object at 0x7f34f2e62c18>>: AttributeError: module 'gast' has no attribute 'Index'
WARNING:tensorflow:Entity <bound method Dense.call of <tensorflow.python.layers.core.Dense object at 0x7f34f2e62c18>> could not be transformed and will be executed as-is. Please report this to the AutgoGraph team. When filing the bug, set the verbosity to 10 (on Linux, `export AUTOGRAPH_VERBOSITY=10`) and attach the full output. Cause: converting <bound method Dense.call of <tensorflow.python.layers.core.Dense object at 0x7f34f2e62c18>>: AttributeError: module 'gast' has no attribute 'Index'
WARNING:tensorflow:Entity <bound method Dense.call of <tensorflow.python.layers.core.Dense object at 0x7f329b475898>> could not be transformed and will be executed as-is. Please report this to the AutgoGraph team. When filing the bug, set the verbosity to 10 (on Linux, `export AUTOGRAPH_VERBOSITY=10`) and attach the full output. Cause: converting <bound method Dense.call of <tensorflow.python.layers.core.Dense object at 0x7f329b475898>>: AttributeError: module 'gast' has no attribute 'Index'
WARNING:tensorflow:From /data2/project/RL/GAN_RL/yjp/code/dqn.py:143: The name tf.train.AdamOptimizer is deprecated. Please use tf.compat.v1.train.AdamOptimizer instead.

WARNING:tensorflow:Entity <bound method Dense.call of <tensorflow.python.layers.core.Dense object at 0x7f34f0089518>> could not be transformed and will be executed as-is. Please report this to the AutgoGraph team. When filing the bug, set the verbosity to 10 (on Linux, `export AUTOGRAPH_VERBOSITY=10`) and attach the full output. Cause: converting <bound method Dense.call of <tensorflow.python.layers.core.Dense object at 0x7f34f0089518>>: AttributeError: module 'gast' has no attribute 'Index'
WARNING:tensorflow:Entity <bound method Dense.call of <tensorflow.python.layers.core.Dense object at 0x7f34f0089518>> could not be transformed and will be executed as-is. Please report this to the AutgoGraph team. When filing the bug, set the verbosity to 10 (on Linux, `export AUTOGRAPH_VERBOSITY=10`) and attach the full output. Cause: converting <bound method Dense.call of <tensorflow.python.layers.core.Dense object at 0x7f34f0089518>>: AttributeError: module 'gast' has no attribute 'Index'
WARNING:tensorflow:Entity <bound method Dense.call of <tensorflow.python.layers.core.Dense object at 0x7f329b3e40b8>> could not be transformed and will be executed as-is. Please report this to the AutgoGraph team. When filing the bug, set the verbosity to 10 (on Linux, `export AUTOGRAPH_VERBOSITY=10`) and attach the full output. Cause: converting <bound method Dense.call of <tensorflow.python.layers.core.Dense object at 0x7f329b3e40b8>>: AttributeError: module 'gast' has no attribute 'Index'
WARNING:tensorflow:Entity <bound method Dense.call of <tensorflow.python.layers.core.Dense object at 0x7f329b3a05c0>> could not be transformed and will be executed as-is. Please report this to the AutgoGraph team. When filing the bug, set the verbosity to 10 (on Linux, `export AUTOGRAPH_VERBOSITY=10`) and attach the full output. Cause: converting <bound method Dense.call of <tensorflow.python.layers.core.Dense object at 0x7f329b3a05c0>>: AttributeError: module 'gast' has no attribute 'Index'
WARNING:tensorflow:Entity <bound method Dense.call of <tensorflow.python.layers.core.Dense object at 0x7f329badda90>> could not be transformed and will be executed as-is. Please report this to the AutgoGraph team. When filing the bug, set the verbosity to 10 (on Linux, `export AUTOGRAPH_VERBOSITY=10`) and attach the full output. Cause: converting <bound method Dense.call of <tensorflow.python.layers.core.Dense object at 0x7f329badda90>>: AttributeError: module 'gast' has no attribute 'Index'
WARNING:tensorflow:Entity <bound method Dense.call of <tensorflow.python.layers.core.Dense object at 0x7f34d0738fd0>> could not be transformed and will be executed as-is. Please report this to the AutgoGraph team. When filing the bug, set the verbosity to 10 (on Linux, `export AUTOGRAPH_VERBOSITY=10`) and attach the full output. Cause: converting <bound method Dense.call of <tensorflow.python.layers.core.Dense object at 0x7f34d0738fd0>>: AttributeError: module 'gast' has no attribute 'Index'
WARNING:tensorflow:Entity <bound method Dense.call of <tensorflow.python.layers.core.Dense object at 0x7f329badd978>> could not be transformed and will be executed as-is. Please report this to the AutgoGraph team. When filing the bug, set the verbosity to 10 (on Linux, `export AUTOGRAPH_VERBOSITY=10`) and attach the full output. Cause: converting <bound method Dense.call of <tensorflow.python.layers.core.Dense object at 0x7f329badd978>>: AttributeError: module 'gast' has no attribute 'Index'
WARNING:tensorflow:Entity <bound method Dense.call of <tensorflow.python.layers.core.Dense object at 0x7f329badd978>> could not be transformed and will be executed as-is. Please report this to the AutgoGraph team. When filing the bug, set the verbosity to 10 (on Linux, `export AUTOGRAPH_VERBOSITY=10`) and attach the full output. Cause: converting <bound method Dense.call of <tensorflow.python.layers.core.Dense object at 0x7f329badd978>>: AttributeError: module 'gast' has no attribute 'Index'
WARNING:tensorflow:Entity <bound method Dense.call of <tensorflow.python.layers.core.Dense object at 0x7f34f2e73908>> could not be transformed and will be executed as-is. Please report this to the AutgoGraph team. When filing the bug, set the verbosity to 10 (on Linux, `export AUTOGRAPH_VERBOSITY=10`) and attach the full output. Cause: converting <bound method Dense.call of <tensorflow.python.layers.core.Dense object at 0x7f34f2e73908>>: AttributeError: module 'gast' has no attribute 'Index'
WARNING:tensorflow:Entity <bound method Dense.call of <tensorflow.python.layers.core.Dense object at 0x7f34f2e25470>> could not be transformed and will be executed as-is. Please report this to the AutgoGraph team. When filing the bug, set the verbosity to 10 (on Linux, `export AUTOGRAPH_VERBOSITY=10`) and attach the full output. Cause: converting <bound method Dense.call of <tensorflow.python.layers.core.Dense object at 0x7f34f2e25470>>: AttributeError: module 'gast' has no attribute 'Index'
WARNING:tensorflow:Entity <bound method Dense.call of <tensorflow.python.layers.core.Dense object at 0x7f34f2e25470>> could not be transformed and will be executed as-is. Please report this to the AutgoGraph team. When filing the bug, set the verbosity to 10 (on Linux, `export AUTOGRAPH_VERBOSITY=10`) and attach the full output. Cause: converting <bound method Dense.call of <tensorflow.python.layers.core.Dense object at 0x7f34f2e25470>>: AttributeError: module 'gast' has no attribute 'Index'
WARNING:tensorflow:Entity <bound method Dense.call of <tensorflow.python.layers.core.Dense object at 0x7f34d04d9be0>> could not be transformed and will be executed as-is. Please report this to the AutgoGraph team. When filing the bug, set the verbosity to 10 (on Linux, `export AUTOGRAPH_VERBOSITY=10`) and attach the full output. Cause: converting <bound method Dense.call of <tensorflow.python.layers.core.Dense object at 0x7f34d04d9be0>>: AttributeError: module 'gast' has no attribute 'Index'
WARNING:tensorflow:Entity <bound method Dense.call of <tensorflow.python.layers.core.Dense object at 0x7f32a7cbd9b0>> could not be transformed and will be executed as-is. Please report this to the AutgoGraph team. When filing the bug, set the verbosity to 10 (on Linux, `export AUTOGRAPH_VERBOSITY=10`) and attach the full output. Cause: converting <bound method Dense.call of <tensorflow.python.layers.core.Dense object at 0x7f32a7cbd9b0>>: AttributeError: module 'gast' has no attribute 'Index'
WARNING:tensorflow:Entity <bound method Dense.call of <tensorflow.python.layers.core.Dense object at 0x7f32a7cbd9b0>> could not be transformed and will be executed as-is. Please report this to the AutgoGraph team. When filing the bug, set the verbosity to 10 (on Linux, `export AUTOGRAPH_VERBOSITY=10`) and attach the full output. Cause: converting <bound method Dense.call of <tensorflow.python.layers.core.Dense object at 0x7f32a7cbd9b0>>: AttributeError: module 'gast' has no attribute 'Index'
WARNING:tensorflow:Entity <bound method Dense.call of <tensorflow.python.layers.core.Dense object at 0x7f32a7c82e48>> could not be transformed and will be executed as-is. Please report this to the AutgoGraph team. When filing the bug, set the verbosity to 10 (on Linux, `export AUTOGRAPH_VERBOSITY=10`) and attach the full output. Cause: converting <bound method Dense.call of <tensorflow.python.layers.core.Dense object at 0x7f32a7c82e48>>: AttributeError: module 'gast' has no attribute 'Index'
WARNING:tensorflow:Entity <bound method Dense.call of <tensorflow.python.layers.core.Dense object at 0x7f32a2e518d0>> could not be transformed and will be executed as-is. Please report this to the AutgoGraph team. When filing the bug, set the verbosity to 10 (on Linux, `export AUTOGRAPH_VERBOSITY=10`) and attach the full output. Cause: converting <bound method Dense.call of <tensorflow.python.layers.core.Dense object at 0x7f32a2e518d0>>: AttributeError: module 'gast' has no attribute 'Index'
WARNING:tensorflow:Entity <bound method Dense.call of <tensorflow.python.layers.core.Dense object at 0x7f32a2e518d0>> could not be transformed and will be executed as-is. Please report this to the AutgoGraph team. When filing the bug, set the verbosity to 10 (on Linux, `export AUTOGRAPH_VERBOSITY=10`) and attach the full output. Cause: converting <bound method Dense.call of <tensorflow.python.layers.core.Dense object at 0x7f32a2e518d0>>: AttributeError: module 'gast' has no attribute 'Index'
WARNING:tensorflow:Entity <bound method Dense.call of <tensorflow.python.layers.core.Dense object at 0x7f34f2e73a90>> could not be transformed and will be executed as-is. Please report this to the AutgoGraph team. When filing the bug, set the verbosity to 10 (on Linux, `export AUTOGRAPH_VERBOSITY=10`) and attach the full output. Cause: converting <bound method Dense.call of <tensorflow.python.layers.core.Dense object at 0x7f34f2e73a90>>: AttributeError: module 'gast' has no attribute 'Index'
WARNING:tensorflow:Entity <bound method Dense.call of <tensorflow.python.layers.core.Dense object at 0x7f32a1696630>> could not be transformed and will be executed as-is. Please report this to the AutgoGraph team. When filing the bug, set the verbosity to 10 (on Linux, `export AUTOGRAPH_VERBOSITY=10`) and attach the full output. Cause: converting <bound method Dense.call of <tensorflow.python.layers.core.Dense object at 0x7f32a1696630>>: AttributeError: module 'gast' has no attribute 'Index'
WARNING:tensorflow:Entity <bound method Dense.call of <tensorflow.python.layers.core.Dense object at 0x7f32a1696630>> could not be transformed and will be executed as-is. Please report this to the AutgoGraph team. When filing the bug, set the verbosity to 10 (on Linux, `export AUTOGRAPH_VERBOSITY=10`) and attach the full output. Cause: converting <bound method Dense.call of <tensorflow.python.layers.core.Dense object at 0x7f32a1696630>>: AttributeError: module 'gast' has no attribute 'Index'
WARNING:tensorflow:Entity <bound method Dense.call of <tensorflow.python.layers.core.Dense object at 0x7f32a183ff98>> could not be transformed and will be executed as-is. Please report this to the AutgoGraph team. When filing the bug, set the verbosity to 10 (on Linux, `export AUTOGRAPH_VERBOSITY=10`) and attach the full output. Cause: converting <bound method Dense.call of <tensorflow.python.layers.core.Dense object at 0x7f32a183ff98>>: AttributeError: module 'gast' has no attribute 'Index'
WARNING:tensorflow:Entity <bound method Dense.call of <tensorflow.python.layers.core.Dense object at 0x7f32a2e518d0>> could not be transformed and will be executed as-is. Please report this to the AutgoGraph team. When filing the bug, set the verbosity to 10 (on Linux, `export AUTOGRAPH_VERBOSITY=10`) and attach the full output. Cause: converting <bound method Dense.call of <tensorflow.python.layers.core.Dense object at 0x7f32a2e518d0>>: AttributeError: module 'gast' has no attribute 'Index'
WARNING:tensorflow:Entity <bound method Dense.call of <tensorflow.python.layers.core.Dense object at 0x7f32a16964a8>> could not be transformed and will be executed as-is. Please report this to the AutgoGraph team. When filing the bug, set the verbosity to 10 (on Linux, `export AUTOGRAPH_VERBOSITY=10`) and attach the full output. Cause: converting <bound method Dense.call of <tensorflow.python.layers.core.Dense object at 0x7f32a16964a8>>: AttributeError: module 'gast' has no attribute 'Index'
WARNING:tensorflow:Entity <bound method Dense.call of <tensorflow.python.layers.core.Dense object at 0x7f32a0337f60>> could not be transformed and will be executed as-is. Please report this to the AutgoGraph team. When filing the bug, set the verbosity to 10 (on Linux, `export AUTOGRAPH_VERBOSITY=10`) and attach the full output. Cause: converting <bound method Dense.call of <tensorflow.python.layers.core.Dense object at 0x7f32a0337f60>>: AttributeError: module 'gast' has no attribute 'Index'
WARNING:tensorflow:Entity <bound method Dense.call of <tensorflow.python.layers.core.Dense object at 0x7f32a2e51438>> could not be transformed and will be executed as-is. Please report this to the AutgoGraph team. When filing the bug, set the verbosity to 10 (on Linux, `export AUTOGRAPH_VERBOSITY=10`) and attach the full output. Cause: converting <bound method Dense.call of <tensorflow.python.layers.core.Dense object at 0x7f32a2e51438>>: AttributeError: module 'gast' has no attribute 'Index'
WARNING:tensorflow:Entity <bound method Dense.call of <tensorflow.python.layers.core.Dense object at 0x7f32a2e51438>> could not be transformed and will be executed as-is. Please report this to the AutgoGraph team. When filing the bug, set the verbosity to 10 (on Linux, `export AUTOGRAPH_VERBOSITY=10`) and attach the full output. Cause: converting <bound method Dense.call of <tensorflow.python.layers.core.Dense object at 0x7f32a2e51438>>: AttributeError: module 'gast' has no attribute 'Index'
WARNING:tensorflow:Entity <bound method Dense.call of <tensorflow.python.layers.core.Dense object at 0x7f329ee69a90>> could not be transformed and will be executed as-is. Please report this to the AutgoGraph team. When filing the bug, set the verbosity to 10 (on Linux, `export AUTOGRAPH_VERBOSITY=10`) and attach the full output. Cause: converting <bound method Dense.call of <tensorflow.python.layers.core.Dense object at 0x7f329ee69a90>>: AttributeError: module 'gast' has no attribute 'Index'
WARNING:tensorflow:Entity <bound method Dense.call of <tensorflow.python.layers.core.Dense object at 0x7f329e9f2cc0>> could not be transformed and will be executed as-is. Please report this to the AutgoGraph team. When filing the bug, set the verbosity to 10 (on Linux, `export AUTOGRAPH_VERBOSITY=10`) and attach the full output. Cause: converting <bound method Dense.call of <tensorflow.python.layers.core.Dense object at 0x7f329e9f2cc0>>: AttributeError: module 'gast' has no attribute 'Index'
WARNING:tensorflow:Entity <bound method Dense.call of <tensorflow.python.layers.core.Dense object at 0x7f329e9f2cc0>> could not be transformed and will be executed as-is. Please report this to the AutgoGraph team. When filing the bug, set the verbosity to 10 (on Linux, `export AUTOGRAPH_VERBOSITY=10`) and attach the full output. Cause: converting <bound method Dense.call of <tensorflow.python.layers.core.Dense object at 0x7f329e9f2cc0>>: AttributeError: module 'gast' has no attribute 'Index'
WARNING:tensorflow:Entity <bound method Dense.call of <tensorflow.python.layers.core.Dense object at 0x7f329e9cd550>> could not be transformed and will be executed as-is. Please report this to the AutgoGraph team. When filing the bug, set the verbosity to 10 (on Linux, `export AUTOGRAPH_VERBOSITY=10`) and attach the full output. Cause: converting <bound method Dense.call of <tensorflow.python.layers.core.Dense object at 0x7f329e9cd550>>: AttributeError: module 'gast' has no attribute 'Index'
WARNING:tensorflow:From /data2/project/RL/GAN_RL/yjp/code/dqn.py:240: sparse_to_dense (from tensorflow.python.ops.sparse_ops) is deprecated and will be removed in a future version.
Instructions for updating:
Create a `tf.sparse.SparseTensor` and use `tf.sparse.to_dense` instead.
WARNING:tensorflow:Entity <bound method Dense.call of <tensorflow.python.layers.core.Dense object at 0x7f329e967dd8>> could not be transformed and will be executed as-is. Please report this to the AutgoGraph team. When filing the bug, set the verbosity to 10 (on Linux, `export AUTOGRAPH_VERBOSITY=10`) and attach the full output. Cause: converting <bound method Dense.call of <tensorflow.python.layers.core.Dense object at 0x7f329e967dd8>>: AttributeError: module 'gast' has no attribute 'Index'
WARNING:tensorflow:Entity <bound method Dense.call of <tensorflow.python.layers.core.Dense object at 0x7f329e967dd8>> could not be transformed and will be executed as-is. Please report this to the AutgoGraph team. When filing the bug, set the verbosity to 10 (on Linux, `export AUTOGRAPH_VERBOSITY=10`) and attach the full output. Cause: converting <bound method Dense.call of <tensorflow.python.layers.core.Dense object at 0x7f329e967dd8>>: AttributeError: module 'gast' has no attribute 'Index'
WARNING:tensorflow:Entity <bound method Dense.call of <tensorflow.python.layers.core.Dense object at 0x7f329e9dfd68>> could not be transformed and will be executed as-is. Please report this to the AutgoGraph team. When filing the bug, set the verbosity to 10 (on Linux, `export AUTOGRAPH_VERBOSITY=10`) and attach the full output. Cause: converting <bound method Dense.call of <tensorflow.python.layers.core.Dense object at 0x7f329e9dfd68>>: AttributeError: module 'gast' has no attribute 'Index'
WARNING:tensorflow:Entity <bound method Dense.call of <tensorflow.python.layers.core.Dense object at 0x7f329e960c18>> could not be transformed and will be executed as-is. Please report this to the AutgoGraph team. When filing the bug, set the verbosity to 10 (on Linux, `export AUTOGRAPH_VERBOSITY=10`) and attach the full output. Cause: converting <bound method Dense.call of <tensorflow.python.layers.core.Dense object at 0x7f329e960c18>>: AttributeError: module 'gast' has no attribute 'Index'
WARNING:tensorflow:Entity <bound method Dense.call of <tensorflow.python.layers.core.Dense object at 0x7f329e960c18>> could not be transformed and will be executed as-is. Please report this to the AutgoGraph team. When filing the bug, set the verbosity to 10 (on Linux, `export AUTOGRAPH_VERBOSITY=10`) and attach the full output. Cause: converting <bound method Dense.call of <tensorflow.python.layers.core.Dense object at 0x7f329e960c18>>: AttributeError: module 'gast' has no attribute 'Index'
WARNING:tensorflow:Entity <bound method Dense.call of <tensorflow.python.layers.core.Dense object at 0x7f329e9452e8>> could not be transformed and will be executed as-is. Please report this to the AutgoGraph team. When filing the bug, set the verbosity to 10 (on Linux, `export AUTOGRAPH_VERBOSITY=10`) and attach the full output. Cause: converting <bound method Dense.call of <tensorflow.python.layers.core.Dense object at 0x7f329e9452e8>>: AttributeError: module 'gast' has no attribute 'Index'
WARNING:tensorflow:Entity <bound method Dense.call of <tensorflow.python.layers.core.Dense object at 0x7f329ec17dd8>> could not be transformed and will be executed as-is. Please report this to the AutgoGraph team. When filing the bug, set the verbosity to 10 (on Linux, `export AUTOGRAPH_VERBOSITY=10`) and attach the full output. Cause: converting <bound method Dense.call of <tensorflow.python.layers.core.Dense object at 0x7f329ec17dd8>>: AttributeError: module 'gast' has no attribute 'Index'
WARNING:tensorflow:Entity <bound method Dense.call of <tensorflow.python.layers.core.Dense object at 0x7f329ec17dd8>> could not be transformed and will be executed as-is. Please report this to the AutgoGraph team. When filing the bug, set the verbosity to 10 (on Linux, `export AUTOGRAPH_VERBOSITY=10`) and attach the full output. Cause: converting <bound method Dense.call of <tensorflow.python.layers.core.Dense object at 0x7f329ec17dd8>>: AttributeError: module 'gast' has no attribute 'Index'
WARNING:tensorflow:Entity <bound method Dense.call of <tensorflow.python.layers.core.Dense object at 0x7f329e807240>> could not be transformed and will be executed as-is. Please report this to the AutgoGraph team. When filing the bug, set the verbosity to 10 (on Linux, `export AUTOGRAPH_VERBOSITY=10`) and attach the full output. Cause: converting <bound method Dense.call of <tensorflow.python.layers.core.Dense object at 0x7f329e807240>>: AttributeError: module 'gast' has no attribute 'Index'
WARNING:tensorflow:Entity <bound method Dense.call of <tensorflow.python.layers.core.Dense object at 0x7f329e83dc50>> could not be transformed and will be executed as-is. Please report this to the AutgoGraph team. When filing the bug, set the verbosity to 10 (on Linux, `export AUTOGRAPH_VERBOSITY=10`) and attach the full output. Cause: converting <bound method Dense.call of <tensorflow.python.layers.core.Dense object at 0x7f329e83dc50>>: AttributeError: module 'gast' has no attribute 'Index'
WARNING:tensorflow:Entity <bound method Dense.call of <tensorflow.python.layers.core.Dense object at 0x7f329e83dc50>> could not be transformed and will be executed as-is. Please report this to the AutgoGraph team. When filing the bug, set the verbosity to 10 (on Linux, `export AUTOGRAPH_VERBOSITY=10`) and attach the full output. Cause: converting <bound method Dense.call of <tensorflow.python.layers.core.Dense object at 0x7f329e83dc50>>: AttributeError: module 'gast' has no attribute 'Index'
WARNING:tensorflow:Entity <bound method Dense.call of <tensorflow.python.layers.core.Dense object at 0x7f329e83dc50>> could not be transformed and will be executed as-is. Please report this to the AutgoGraph team. When filing the bug, set the verbosity to 10 (on Linux, `export AUTOGRAPH_VERBOSITY=10`) and attach the full output. Cause: converting <bound method Dense.call of <tensorflow.python.layers.core.Dense object at 0x7f329e83dc50>>: AttributeError: module 'gast' has no attribute 'Index'
WARNING:tensorflow:Entity <bound method Dense.call of <tensorflow.python.layers.core.Dense object at 0x7f329e831e48>> could not be transformed and will be executed as-is. Please report this to the AutgoGraph team. When filing the bug, set the verbosity to 10 (on Linux, `export AUTOGRAPH_VERBOSITY=10`) and attach the full output. Cause: converting <bound method Dense.call of <tensorflow.python.layers.core.Dense object at 0x7f329e831e48>>: AttributeError: module 'gast' has no attribute 'Index'
WARNING:tensorflow:Entity <bound method Dense.call of <tensorflow.python.layers.core.Dense object at 0x7f329e83e7f0>> could not be transformed and will be executed as-is. Please report this to the AutgoGraph team. When filing the bug, set the verbosity to 10 (on Linux, `export AUTOGRAPH_VERBOSITY=10`) and attach the full output. Cause: converting <bound method Dense.call of <tensorflow.python.layers.core.Dense object at 0x7f329e83e7f0>>: AttributeError: module 'gast' has no attribute 'Index'
WARNING:tensorflow:Entity <bound method Dense.call of <tensorflow.python.layers.core.Dense object at 0x7f329e783400>> could not be transformed and will be executed as-is. Please report this to the AutgoGraph team. When filing the bug, set the verbosity to 10 (on Linux, `export AUTOGRAPH_VERBOSITY=10`) and attach the full output. Cause: converting <bound method Dense.call of <tensorflow.python.layers.core.Dense object at 0x7f329e783400>>: AttributeError: module 'gast' has no attribute 'Index'
WARNING:tensorflow:Entity <bound method Dense.call of <tensorflow.python.layers.core.Dense object at 0x7f329e6d6278>> could not be transformed and will be executed as-is. Please report this to the AutgoGraph team. When filing the bug, set the verbosity to 10 (on Linux, `export AUTOGRAPH_VERBOSITY=10`) and attach the full output. Cause: converting <bound method Dense.call of <tensorflow.python.layers.core.Dense object at 0x7f329e6d6278>>: AttributeError: module 'gast' has no attribute 'Index'
WARNING:tensorflow:Entity <bound method Dense.call of <tensorflow.python.layers.core.Dense object at 0x7f329e6d6278>> could not be transformed and will be executed as-is. Please report this to the AutgoGraph team. When filing the bug, set the verbosity to 10 (on Linux, `export AUTOGRAPH_VERBOSITY=10`) and attach the full output. Cause: converting <bound method Dense.call of <tensorflow.python.layers.core.Dense object at 0x7f329e6d6278>>: AttributeError: module 'gast' has no attribute 'Index'
WARNING:tensorflow:Entity <bound method Dense.call of <tensorflow.python.layers.core.Dense object at 0x7f329e953438>> could not be transformed and will be executed as-is. Please report this to the AutgoGraph team. When filing the bug, set the verbosity to 10 (on Linux, `export AUTOGRAPH_VERBOSITY=10`) and attach the full output. Cause: converting <bound method Dense.call of <tensorflow.python.layers.core.Dense object at 0x7f329e953438>>: AttributeError: module 'gast' has no attribute 'Index'
WARNING:tensorflow:Entity <bound method Dense.call of <tensorflow.python.layers.core.Dense object at 0x7f329e8075c0>> could not be transformed and will be executed as-is. Please report this to the AutgoGraph team. When filing the bug, set the verbosity to 10 (on Linux, `export AUTOGRAPH_VERBOSITY=10`) and attach the full output. Cause: converting <bound method Dense.call of <tensorflow.python.layers.core.Dense object at 0x7f329e8075c0>>: AttributeError: module 'gast' has no attribute 'Index'
WARNING:tensorflow:Entity <bound method Dense.call of <tensorflow.python.layers.core.Dense object at 0x7f329e8075c0>> could not be transformed and will be executed as-is. Please report this to the AutgoGraph team. When filing the bug, set the verbosity to 10 (on Linux, `export AUTOGRAPH_VERBOSITY=10`) and attach the full output. Cause: converting <bound method Dense.call of <tensorflow.python.layers.core.Dense object at 0x7f329e8075c0>>: AttributeError: module 'gast' has no attribute 'Index'
WARNING:tensorflow:Entity <bound method Dense.call of <tensorflow.python.layers.core.Dense object at 0x7f329e6e16a0>> could not be transformed and will be executed as-is. Please report this to the AutgoGraph team. When filing the bug, set the verbosity to 10 (on Linux, `export AUTOGRAPH_VERBOSITY=10`) and attach the full output. Cause: converting <bound method Dense.call of <tensorflow.python.layers.core.Dense object at 0x7f329e6e16a0>>: AttributeError: module 'gast' has no attribute 'Index'
WARNING:tensorflow:Entity <bound method Dense.call of <tensorflow.python.layers.core.Dense object at 0x7f329e3ce748>> could not be transformed and will be executed as-is. Please report this to the AutgoGraph team. When filing the bug, set the verbosity to 10 (on Linux, `export AUTOGRAPH_VERBOSITY=10`) and attach the full output. Cause: converting <bound method Dense.call of <tensorflow.python.layers.core.Dense object at 0x7f329e3ce748>>: AttributeError: module 'gast' has no attribute 'Index'
WARNING:tensorflow:Entity <bound method Dense.call of <tensorflow.python.layers.core.Dense object at 0x7f329e3ce748>> could not be transformed and will be executed as-is. Please report this to the AutgoGraph team. When filing the bug, set the verbosity to 10 (on Linux, `export AUTOGRAPH_VERBOSITY=10`) and attach the full output. Cause: converting <bound method Dense.call of <tensorflow.python.layers.core.Dense object at 0x7f329e3ce748>>: AttributeError: module 'gast' has no attribute 'Index'
WARNING:tensorflow:Entity <bound method Dense.call of <tensorflow.python.layers.core.Dense object at 0x7f329e8075c0>> could not be transformed and will be executed as-is. Please report this to the AutgoGraph team. When filing the bug, set the verbosity to 10 (on Linux, `export AUTOGRAPH_VERBOSITY=10`) and attach the full output. Cause: converting <bound method Dense.call of <tensorflow.python.layers.core.Dense object at 0x7f329e8075c0>>: AttributeError: module 'gast' has no attribute 'Index'
WARNING:tensorflow:Entity <bound method Dense.call of <tensorflow.python.layers.core.Dense object at 0x7f329e3045f8>> could not be transformed and will be executed as-is. Please report this to the AutgoGraph team. When filing the bug, set the verbosity to 10 (on Linux, `export AUTOGRAPH_VERBOSITY=10`) and attach the full output. Cause: converting <bound method Dense.call of <tensorflow.python.layers.core.Dense object at 0x7f329e3045f8>>: AttributeError: module 'gast' has no attribute 'Index'
WARNING:tensorflow:Entity <bound method Dense.call of <tensorflow.python.layers.core.Dense object at 0x7f329e3045f8>> could not be transformed and will be executed as-is. Please report this to the AutgoGraph team. When filing the bug, set the verbosity to 10 (on Linux, `export AUTOGRAPH_VERBOSITY=10`) and attach the full output. Cause: converting <bound method Dense.call of <tensorflow.python.layers.core.Dense object at 0x7f329e3045f8>>: AttributeError: module 'gast' has no attribute 'Index'
WARNING:tensorflow:Entity <bound method Dense.call of <tensorflow.python.layers.core.Dense object at 0x7f329e3d24e0>> could not be transformed and will be executed as-is. Please report this to the AutgoGraph team. When filing the bug, set the verbosity to 10 (on Linux, `export AUTOGRAPH_VERBOSITY=10`) and attach the full output. Cause: converting <bound method Dense.call of <tensorflow.python.layers.core.Dense object at 0x7f329e3d24e0>>: AttributeError: module 'gast' has no attribute 'Index'
  0%|          | 0/15 [00:00<?, ?it/s]2021-06-30 18:01:23.529133: I tensorflow/stream_executor/platform/default/dso_loader.cc:42] Successfully opened dynamic library libcublas.so.10
2021-06-30 18:01:28,113 - /data2/project/RL/utils/yjp_decorator.py[line:53] - INFO: [0.0802086393 m] data_collection 
  7%|▋         | 1/15 [00:04<01:07,  4.81s/it]2021-06-30 18:01:32,780 - /data2/project/RL/utils/yjp_decorator.py[line:53] - INFO: [0.0777549585 m] data_collection 
 13%|█▎        | 2/15 [00:09<01:02,  4.77s/it]2021-06-30 18:01:37,429 - /data2/project/RL/utils/yjp_decorator.py[line:53] - INFO: [0.0774542570 m] data_collection 
 20%|██        | 3/15 [00:14<00:56,  4.73s/it]2021-06-30 18:01:42,183 - /data2/project/RL/utils/yjp_decorator.py[line:53] - INFO: [0.0792077820 m] data_collection 
 27%|██▋       | 4/15 [00:18<00:52,  4.74s/it]2021-06-30 18:01:46,925 - /data2/project/RL/utils/yjp_decorator.py[line:53] - INFO: [0.0790196260 m] data_collection 
 33%|███▎      | 5/15 [00:23<00:47,  4.74s/it]2021-06-30 18:01:54,037 - /data2/project/RL/utils/yjp_decorator.py[line:53] - INFO: [0.1185086330 m] data_collection 
 40%|████      | 6/15 [00:30<00:49,  5.45s/it]2021-06-30 18:01:58,862 - /data2/project/RL/utils/yjp_decorator.py[line:53] - INFO: [0.0803900679 m] data_collection 
 47%|████▋     | 7/15 [00:35<00:42,  5.26s/it]2021-06-30 18:02:03,712 - /data2/project/RL/utils/yjp_decorator.py[line:53] - INFO: [0.0807921926 m] data_collection 
 53%|█████▎    | 8/15 [00:40<00:35,  5.14s/it]2021-06-30 18:02:08,559 - /data2/project/RL/utils/yjp_decorator.py[line:53] - INFO: [0.0807648500 m] data_collection 
 60%|██████    | 9/15 [00:45<00:30,  5.05s/it]2021-06-30 18:02:13,557 - /data2/project/RL/utils/yjp_decorator.py[line:53] - INFO: [0.0832629085 m] data_collection 
 67%|██████▋   | 10/15 [00:50<00:25,  5.04s/it]2021-06-30 18:02:18,742 - /data2/project/RL/utils/yjp_decorator.py[line:53] - INFO: [0.0863935153 m] data_collection 
 73%|███████▎  | 11/15 [00:55<00:20,  5.08s/it]2021-06-30 18:02:23,812 - /data2/project/RL/utils/yjp_decorator.py[line:53] - INFO: [0.0844692389 m] data_collection 
 80%|████████  | 12/15 [01:00<00:15,  5.08s/it]2021-06-30 18:02:29,100 - /data2/project/RL/utils/yjp_decorator.py[line:53] - INFO: [0.0881118894 m] data_collection 
 87%|████████▋ | 13/15 [01:05<00:10,  5.14s/it]2021-06-30 18:02:34,409 - /data2/project/RL/utils/yjp_decorator.py[line:53] - INFO: [0.0884344578 m] data_collection 
 93%|█████████▎| 14/15 [01:11<00:05,  5.19s/it]2021-06-30 18:02:38,864 - /data2/project/RL/utils/yjp_decorator.py[line:53] - INFO: [0.0742059072 m] data_collection 
100%|██████████| 15/15 [01:15<00:00,  4.97s/it]100%|██████████| 15/15 [01:15<00:00,  5.04s/it]
filter num :77670
2021-06-30 18:02:39,589 - /data2/project/RL/utils/yjp_decorator.py[line:53] - INFO: [1.2715205510 m] data_collection_with_batch 
  0%|          | 0/15 [00:00<?, ?it/s]2021-06-30 18:03:58,903 - /data2/project/RL/utils/yjp_decorator.py[line:53] - INFO: [1.3218822440 m] data_collection 
  7%|▋         | 1/15 [01:19<18:30, 79.32s/it]2021-06-30 18:05:13,283 - /data2/project/RL/utils/yjp_decorator.py[line:53] - INFO: [1.2396248658 m] data_collection 
 13%|█▎        | 2/15 [02:33<16:51, 77.84s/it]2021-06-30 18:06:23,287 - /data2/project/RL/utils/yjp_decorator.py[line:53] - INFO: [1.1666714390 m] data_collection 
 20%|██        | 3/15 [03:43<15:05, 75.49s/it]2021-06-30 18:07:32,055 - /data2/project/RL/utils/yjp_decorator.py[line:53] - INFO: [1.1460821549 m] data_collection 
 27%|██▋       | 4/15 [04:52<13:28, 73.47s/it]2021-06-30 18:08:44,159 - /data2/project/RL/utils/yjp_decorator.py[line:53] - INFO: [1.2016669432 m] data_collection 
 33%|███▎      | 5/15 [06:04<12:10, 73.06s/it]2021-06-30 18:09:52,618 - /data2/project/RL/utils/yjp_decorator.py[line:53] - INFO: [1.1409271200 m] data_collection 
 40%|████      | 6/15 [07:13<10:45, 71.68s/it]2021-06-30 18:11:03,058 - /data2/project/RL/utils/yjp_decorator.py[line:53] - INFO: [1.1739513318 m] data_collection 
 47%|████▋     | 7/15 [08:23<09:30, 71.31s/it]2021-06-30 18:12:24,199 - /data2/project/RL/utils/yjp_decorator.py[line:53] - INFO: [1.3522940159 m] data_collection 
 53%|█████▎    | 8/15 [09:44<08:39, 74.26s/it]2021-06-30 18:13:39,398 - /data2/project/RL/utils/yjp_decorator.py[line:53] - INFO: [1.2532472293 m] data_collection 
 60%|██████    | 9/15 [10:59<07:27, 74.54s/it]2021-06-30 18:14:56,541 - /data2/project/RL/utils/yjp_decorator.py[line:53] - INFO: [1.2856453101 m] data_collection 
 67%|██████▋   | 10/15 [12:16<06:16, 75.32s/it]2021-06-30 18:16:10,688 - /data2/project/RL/utils/yjp_decorator.py[line:53] - INFO: [1.2357250492 m] data_collection 
 73%|███████▎  | 11/15 [13:31<04:59, 74.97s/it]2021-06-30 18:17:32,750 - /data2/project/RL/utils/yjp_decorator.py[line:53] - INFO: [1.3676280936 m] data_collection 
 80%|████████  | 12/15 [14:53<03:51, 77.10s/it]2021-06-30 18:18:47,839 - /data2/project/RL/utils/yjp_decorator.py[line:53] - INFO: [1.2514138579 m] data_collection 
 87%|████████▋ | 13/15 [16:08<02:32, 76.49s/it]2021-06-30 18:20:04,071 - /data2/project/RL/utils/yjp_decorator.py[line:53] - INFO: [1.2704722802 m] data_collection 
 93%|█████████▎| 14/15 [17:24<01:16, 76.42s/it]2021-06-30 18:20:58,190 - /data2/project/RL/utils/yjp_decorator.py[line:53] - INFO: [0.9018887599 m] data_collection 
100%|██████████| 15/15 [18:18<00:00, 69.73s/it]100%|██████████| 15/15 [18:18<00:00, 73.24s/it]
filter num :71009
2021-06-30 18:20:59,053 - /data2/project/RL/utils/yjp_decorator.py[line:53] - INFO: [18.3243948102 m] data_collection_with_batch 
filter num :0
train data length:295509
  0%|          | 0/10 [00:00<?, ?it/s]2021-06-30 18:21:02: itr(0), training loss:  6.2631, 6.2647, 6.2636, 6.2641, 6.2651, 6.2649, 6.2628, 6.2641, 6.264, 6.2639,
2021-06-30 18:21:19: itr(10), training loss:  5.8214, 5.9081, 5.6306, 5.5049, 5.5845, 5.3829, 5.1711, 5.0008, 5.1442, 4.8732,
2021-06-30 18:21:36: itr(20), training loss:  3.5631, 3.6122, 2.8873, 2.9296, 3.2767, 3.012, 2.7813, 2.8302, 2.8459, 2.9451,
2021-06-30 18:21:53: itr(30), training loss:  2.8568, 2.8702, 2.4451, 2.2903, 2.3351, 2.0727, 2.1138, 2.1435, 2.0937, 2.1042,
2021-06-30 18:22:10: itr(40), training loss:  2.2456, 2.1071, 2.1165, 1.9154, 1.8495, 1.7264, 1.6126, 1.4265, 1.352, 1.2948,
2021-06-30 18:22:27: itr(50), training loss:  2.6737, 2.4807, 2.3642, 2.1545, 2.0702, 2.0985, 1.9451, 1.6858, 1.5217, 1.2885,
2021-06-30 18:22:46: itr(60), training loss:  2.3937, 2.2361, 2.1477, 2.0336, 1.7518, 1.6471, 1.52, 1.228, 1.0364, 0.77086,
2021-06-30 18:23:03: itr(70), training loss:  2.0028, 1.9091, 1.8021, 1.7143, 1.5229, 1.3828, 1.1421, 0.93061, 0.78161, 0.55114,
2021-06-30 18:23:20: itr(80), training loss:  1.9534, 1.8217, 1.7388, 1.6501, 1.4227, 1.3306, 1.0298, 0.94757, 0.64246, 0.48241,
2021-06-30 18:23:37: itr(90), training loss:  2.2896, 2.0966, 1.973, 1.7369, 1.5906, 1.4003, 1.1841, 1.0617, 0.76924, 0.54348,
2021-06-30 18:23:54: itr(100), training loss:  2.5418, 2.3897, 2.2435, 2.0249, 1.7023, 1.4705, 1.1893, 0.9435, 0.70399, 0.5364,
2021-06-30 18:24:11: itr(110), training loss:  2.4921, 2.2346, 2.125, 1.9204, 1.82, 1.477, 1.2778, 1.1445, 0.7458, 0.52725,
2021-06-30 18:24:30: itr(120), training loss:  2.2348, 2.0215, 1.8791, 1.7412, 1.5331, 1.3246, 1.0244, 0.8751, 0.64086, 0.49308,
2021-06-30 18:24:49: itr(130), training loss:  2.2567, 1.9665, 1.6964, 1.567, 1.4026, 1.235, 1.0758, 0.86177, 0.63506, 0.43501,
2021-06-30 18:25:06: itr(140), training loss:  2.3674, 2.1376, 1.9104, 1.5531, 1.342, 1.1783, 0.87542, 0.6712, 0.54468, 0.4286,
2021-06-30 18:25:24: itr(150), training loss:  2.2979, 2.0292, 1.8561, 1.6798, 1.5851, 1.3695, 1.0262, 0.78885, 0.54652, 0.38409,
2021-06-30 18:25:41: itr(160), training loss:  2.2637, 2.0128, 1.8282, 1.6659, 1.4834, 1.0923, 0.88769, 0.67052, 0.49307, 0.41301,
2021-06-30 18:25:59: itr(170), training loss:  2.1907, 1.9162, 1.7665, 1.5624, 1.3751, 1.2368, 0.97731, 0.68778, 0.54941, 0.39256,
2021-06-30 18:26:16: itr(180), training loss:  2.2633, 2.0554, 1.9499, 1.7738, 1.4624, 1.2699, 1.039, 0.73582, 0.56421, 0.40744,
2021-06-30 18:26:34: itr(190), training loss:  2.377, 2.2118, 2.0403, 1.7928, 1.7015, 1.6228, 1.2514, 0.92693, 0.70482, 0.42897,
2021-06-30 18:26:51: itr(200), training loss:  2.2675, 2.1273, 1.8881, 1.76, 1.5871, 1.4421, 1.0572, 0.81543, 0.62514, 0.39744,
2021-06-30 18:27:08: itr(210), training loss:  1.9308, 1.7957, 1.5942, 1.3159, 1.1968, 1.0549, 0.9072, 0.70122, 0.56619, 0.36661,
2021-06-30 18:27:26: itr(220), training loss:  2.0947, 1.9748, 1.823, 1.5947, 1.3732, 1.1144, 0.91971, 0.80137, 0.62901, 0.37844,
2021-06-30 18:27:43: itr(230), training loss:  2.1156, 1.8194, 1.567, 1.2966, 1.188, 0.97657, 0.82578, 0.66931, 0.50535, 0.39838,
2021-06-30 18:28:01: itr(240), training loss:  2.0802, 1.9017, 1.8173, 1.6829, 1.5255, 1.3341, 0.96488, 0.71917, 0.561, 0.38929,
2021-06-30 18:28:18: itr(250), training loss:  2.3987, 2.1315, 1.9735, 1.83, 1.5459, 1.2303, 1.0849, 0.98518, 0.61176, 0.37061,
2021-06-30 18:28:37: itr(260), training loss:  2.5597, 2.3356, 1.9312, 1.7792, 1.5549, 1.3538, 1.0959, 0.75171, 0.52667, 0.42078,
2021-06-30 18:28:58: itr(270), training loss:  2.2103, 2.105, 1.9707, 1.7375, 1.5332, 1.2208, 1.1187, 0.85991, 0.63986, 0.33442,
2021-06-30 18:29:18: itr(280), training loss:  2.1433, 1.8835, 1.6826, 1.5658, 1.4116, 1.1882, 0.89712, 0.66483, 0.40702, 0.35203,
 10%|█         | 1/10 [08:32<1:16:52, 512.55s/it]2021-06-30 18:29:36: itr(290), training loss:  2.1742, 2.0089, 1.9101, 1.7892, 1.6268, 1.4032, 1.2255, 1.0446, 0.6731, 0.40314,
2021-06-30 18:29:54: itr(300), training loss:  2.2526, 2.1211, 1.842, 1.6253, 1.5141, 1.2307, 1.1101, 0.79309, 0.56902, 0.33373,
2021-06-30 18:30:12: itr(310), training loss:  2.7061, 2.4224, 2.224, 1.9166, 1.6371, 1.2947, 1.0858, 0.96546, 0.67264, 0.41629,
2021-06-30 18:30:29: itr(320), training loss:  2.4825, 2.2909, 1.9627, 1.8087, 1.5627, 1.317, 1.1422, 1.0421, 0.86499, 0.46857,
2021-06-30 18:30:45: itr(330), training loss:  2.471, 2.1868, 2.0066, 1.7927, 1.5706, 1.2249, 1.0484, 0.8718, 0.69711, 0.39243,
2021-06-30 18:31:02: itr(340), training loss:  2.5682, 2.4052, 2.2667, 1.9749, 1.7557, 1.5803, 1.4393, 1.087, 0.70687, 0.42594,
2021-06-30 18:31:19: itr(350), training loss:  2.3707, 2.1806, 1.9419, 1.8212, 1.5751, 1.4893, 1.3036, 1.0865, 0.88042, 0.36871,
2021-06-30 18:31:38: itr(360), training loss:  2.4612, 2.155, 1.9065, 1.5879, 1.222, 1.0795, 0.86065, 0.66347, 0.53739, 0.34432,
2021-06-30 18:31:56: itr(370), training loss:  2.2214, 2.0669, 1.8791, 1.6722, 1.4474, 1.2433, 1.0106, 0.70217, 0.57539, 0.35343,
2021-06-30 18:32:13: itr(380), training loss:  2.0315, 1.8626, 1.7331, 1.615, 1.2732, 1.0712, 0.89209, 0.75849, 0.53821, 0.3263,
2021-06-30 18:32:30: itr(390), training loss:  2.1404, 1.8984, 1.811, 1.5969, 1.4838, 1.3096, 1.139, 0.85631, 0.70548, 0.45433,
2021-06-30 18:32:46: itr(400), training loss:  2.7244, 2.4744, 2.1166, 1.902, 1.7061, 1.3142, 1.0317, 0.73628, 0.50203, 0.41876,
2021-06-30 18:33:04: itr(410), training loss:  2.3161, 2.0931, 1.7019, 1.5281, 1.2659, 1.0676, 0.90463, 0.82591, 0.56888, 0.38651,
2021-06-30 18:33:21: itr(420), training loss:  1.9374, 1.7982, 1.5921, 1.4025, 1.2029, 1.0063, 0.78981, 0.6886, 0.52997, 0.3413,
2021-06-30 18:33:38: itr(430), training loss:  2.1797, 1.9219, 1.7524, 1.5084, 1.2436, 1.1237, 0.86876, 0.59266, 0.39094, 0.30647,
2021-06-30 18:33:55: itr(440), training loss:  2.0483, 1.7897, 1.6029, 1.4681, 1.3052, 1.1685, 0.89122, 0.78632, 0.65077, 0.41652,
2021-06-30 18:34:12: itr(450), training loss:  2.414, 2.1344, 1.7172, 1.649, 1.4783, 1.1804, 1.0124, 0.83101, 0.51334, 0.33966,
2021-06-30 18:34:30: itr(460), training loss:  2.1481, 1.7655, 1.5047, 1.3369, 1.2512, 1.0124, 0.85173, 0.76483, 0.54451, 0.35742,
2021-06-30 18:34:47: itr(470), training loss:  1.9932, 1.8284, 1.6092, 1.3258, 1.2252, 1.1359, 0.89739, 0.69674, 0.50655, 0.32027,
2021-06-30 18:35:06: itr(480), training loss:  2.363, 2.0233, 1.8461, 1.6437, 1.3015, 1.0207, 0.7973, 0.66562, 0.59095, 0.35611,
2021-06-30 18:35:25: itr(490), training loss:  2.1434, 1.9754, 1.8969, 1.7117, 1.4501, 1.3693, 1.0936, 0.69948, 0.56401, 0.32994,
2021-06-30 18:35:44: itr(500), training loss:  2.2726, 2.0916, 1.7894, 1.5038, 1.4237, 1.2385, 0.97103, 0.73533, 0.59964, 0.36175,
2021-06-30 18:36:01: itr(510), training loss:  2.297, 2.0727, 1.8254, 1.7101, 1.5297, 1.4089, 1.1976, 1.0384, 0.80832, 0.42656,
2021-06-30 18:36:18: itr(520), training loss:  2.0716, 1.9041, 1.7285, 1.5044, 1.3312, 1.21, 1.0363, 0.817, 0.6564, 0.34852,
2021-06-30 18:36:35: itr(530), training loss:  2.0279, 1.9907, 1.7378, 1.4931, 1.4085, 1.2674, 1.0382, 0.73384, 0.45893, 0.32985,
2021-06-30 18:36:52: itr(540), training loss:  2.3473, 2.1633, 1.9262, 1.6055, 1.3248, 1.0837, 0.91635, 0.64452, 0.43797, 0.37424,
2021-06-30 18:37:09: itr(550), training loss:  2.1915, 2.0216, 1.8714, 1.58, 1.4073, 1.1662, 0.93659, 0.81817, 0.56258, 0.37397,
2021-06-30 18:37:25: itr(560), training loss:  2.376, 2.133, 2.0082, 1.8868, 1.715, 1.3633, 1.1655, 1.0551, 0.82537, 0.42166,
2021-06-30 18:37:43: itr(570), training loss:  2.2946, 2.1982, 1.9294, 1.6526, 1.4034, 1.1745, 1.017, 0.75973, 0.62278, 0.31719,
 20%|██        | 2/10 [16:54<1:07:55, 509.47s/it]2021-06-30 18:38:00: itr(580), training loss:  2.435, 2.1775, 2.0175, 1.8188, 1.7652, 1.5867, 1.3346, 0.97602, 0.7049, 0.40778,
2021-06-30 18:38:18: itr(590), training loss:  2.2285, 2.0453, 1.7927, 1.6044, 1.4392, 1.3115, 1.112, 0.90655, 0.69555, 0.42613,
2021-06-30 18:38:36: itr(600), training loss:  2.5659, 2.2917, 1.9742, 1.9097, 1.611, 1.3647, 1.2131, 0.8707, 0.65401, 0.39778,
2021-06-30 18:38:54: itr(610), training loss:  1.977, 1.8026, 1.6374, 1.4619, 1.3184, 1.0561, 0.85976, 0.62572, 0.48021, 0.32644,
2021-06-30 18:39:10: itr(620), training loss:  2.4642, 2.2686, 2.0476, 1.7671, 1.5235, 1.2849, 0.96324, 0.73495, 0.56412, 0.34038,
2021-06-30 18:39:28: itr(630), training loss:  2.2808, 2.0979, 1.812, 1.4688, 1.3813, 1.2898, 0.98588, 0.69549, 0.42402, 0.34414,
2021-06-30 18:39:45: itr(640), training loss:  2.189, 2.0659, 1.9253, 1.5151, 1.4575, 1.1865, 1.0069, 0.74327, 0.53148, 0.39662,
2021-06-30 18:40:04: itr(650), training loss:  2.3124, 2.1231, 1.9195, 1.7473, 1.4458, 1.3573, 1.0767, 0.84617, 0.57259, 0.36156,
2021-06-30 18:40:22: itr(660), training loss:  2.3938, 2.0907, 1.8911, 1.6705, 1.4612, 1.2185, 0.99109, 0.77625, 0.5255, 0.37459,
2021-06-30 18:40:39: itr(670), training loss:  2.2792, 2.0168, 1.859, 1.6335, 1.4366, 1.2062, 0.86538, 0.78072, 0.67183, 0.37995,
2021-06-30 18:40:57: itr(680), training loss:  1.9647, 1.8264, 1.6559, 1.5528, 1.3767, 1.2743, 1.0155, 0.84569, 0.73391, 0.30981,
2021-06-30 18:41:16: itr(690), training loss:  2.4134, 2.1863, 1.99, 1.7839, 1.5921, 1.4663, 1.2238, 0.90994, 0.62687, 0.34199,
2021-06-30 18:41:34: itr(700), training loss:  2.1758, 2.045, 1.6693, 1.5645, 1.3612, 1.2357, 1.0329, 0.78292, 0.51525, 0.3423,
2021-06-30 18:41:51: itr(710), training loss:  2.2492, 2.0794, 1.9051, 1.7127, 1.3956, 1.1559, 1.0771, 0.75395, 0.64413, 0.44186,
2021-06-30 18:42:08: itr(720), training loss:  2.0319, 1.7908, 1.5577, 1.3629, 1.1338, 0.93486, 0.75942, 0.64533, 0.55649, 0.35958,
2021-06-30 18:42:26: itr(730), training loss:  2.1329, 1.8837, 1.6564, 1.4375, 1.2709, 1.0283, 0.83175, 0.60184, 0.56254, 0.35309,
2021-06-30 18:42:44: itr(740), training loss:  2.4032, 2.2753, 1.9182, 1.662, 1.4747, 1.2888, 1.1139, 0.80876, 0.58547, 0.34663,
2021-06-30 18:43:02: itr(750), training loss:  2.4233, 2.1766, 2.088, 1.7842, 1.5472, 1.3228, 1.1398, 0.97525, 0.6154, 0.42557,
2021-06-30 18:43:19: itr(760), training loss:  2.5756, 2.3841, 2.134, 1.9632, 1.5261, 1.3588, 1.2331, 0.90256, 0.5987, 0.37901,
2021-06-30 18:43:36: itr(770), training loss:  2.2546, 1.9774, 1.8072, 1.5645, 1.277, 1.0924, 0.85873, 0.66748, 0.55589, 0.36302,
2021-06-30 18:43:54: itr(780), training loss:  2.3025, 2.0359, 1.8239, 1.5457, 1.4004, 1.1875, 0.94745, 0.7053, 0.57095, 0.36931,
2021-06-30 18:44:12: itr(790), training loss:  2.3139, 2.1401, 1.9685, 1.7848, 1.5522, 1.3385, 1.1485, 0.851, 0.54699, 0.36823,
2021-06-30 18:44:31: itr(800), training loss:  2.1879, 1.9874, 1.7565, 1.5659, 1.2452, 1.1485, 0.99088, 0.80326, 0.55121, 0.33432,
2021-06-30 18:44:48: itr(810), training loss:  2.2206, 2.0164, 1.882, 1.6617, 1.3184, 1.0196, 0.85373, 0.64321, 0.49322, 0.34871,
2021-06-30 18:45:06: itr(820), training loss:  2.6401, 2.2747, 2.0952, 1.7242, 1.4868, 1.2238, 1.0031, 0.8506, 0.63982, 0.39342,
2021-06-30 18:45:22: itr(830), training loss:  2.2309, 2.0591, 1.8669, 1.6298, 1.288, 1.1599, 1.0512, 0.85485, 0.60388, 0.41074,
2021-06-30 18:45:39: itr(840), training loss:  2.5614, 2.3206, 2.1498, 2.0936, 1.8638, 1.732, 1.2408, 0.94789, 0.64758, 0.48437,
2021-06-30 18:45:57: itr(850), training loss:  2.1585, 1.9761, 1.7927, 1.5587, 1.3565, 1.0346, 0.78961, 0.72681, 0.50461, 0.35706,
2021-06-30 18:46:15: itr(860), training loss:  2.1785, 1.9154, 1.7714, 1.6502, 1.4484, 1.2201, 1.0398, 0.85159, 0.49482, 0.37031,
 30%|███       | 3/10 [25:25<59:28, 509.74s/it]  2021-06-30 18:46:32: itr(870), training loss:  2.3327, 2.1627, 1.9766, 1.7442, 1.5513, 1.4059, 1.2143, 0.92675, 0.666, 0.37015,
2021-06-30 18:46:49: itr(880), training loss:  2.2792, 2.0289, 1.8408, 1.7316, 1.5058, 1.3558, 1.147, 0.9538, 0.70459, 0.39412,
2021-06-30 18:47:07: itr(890), training loss:  2.2043, 1.9503, 1.7189, 1.3823, 1.2013, 1.0546, 0.8752, 0.72566, 0.65314, 0.37775,
2021-06-30 18:47:27: itr(900), training loss:  2.2537, 2.0188, 1.92, 1.7323, 1.5175, 1.3212, 1.0635, 0.77943, 0.49919, 0.36304,
2021-06-30 18:47:44: itr(910), training loss:  2.3459, 1.9949, 1.7398, 1.4769, 1.2785, 1.1651, 0.9792, 0.63351, 0.46842, 0.31278,
2021-06-30 18:48:01: itr(920), training loss:  2.635, 2.3598, 2.1214, 1.8947, 1.6926, 1.3402, 1.0195, 0.80951, 0.48152, 0.35738,
2021-06-30 18:48:19: itr(930), training loss:  2.115, 1.8599, 1.6559, 1.4189, 1.3219, 1.151, 1.0714, 0.80142, 0.48652, 0.34458,
2021-06-30 18:48:38: itr(940), training loss:  2.2069, 1.9171, 1.668, 1.5342, 1.4233, 1.2773, 0.95527, 0.71397, 0.47197, 0.31192,
2021-06-30 18:48:57: itr(950), training loss:  1.7672, 1.5856, 1.3475, 1.175, 1.0174, 0.86998, 0.72641, 0.59028, 0.50495, 0.32932,
2021-06-30 18:49:14: itr(960), training loss:  2.1836, 2.0517, 1.7619, 1.5069, 1.3818, 1.1471, 1.0212, 0.78781, 0.5545, 0.3227,
2021-06-30 18:49:33: itr(970), training loss:  2.4665, 2.1215, 1.9496, 1.738, 1.6044, 1.3639, 1.0317, 0.80714, 0.64916, 0.36936,
2021-06-30 18:49:51: itr(980), training loss:  2.2569, 2.0917, 1.8311, 1.6187, 1.3636, 1.1297, 0.93789, 0.71386, 0.4371, 0.34021,
2021-06-30 18:50:09: itr(990), training loss:  2.206, 1.887, 1.697, 1.5506, 1.3705, 1.1726, 0.87883, 0.71056, 0.51369, 0.35028,
2021-06-30 18:50:27: itr(1000), training loss:  2.1483, 1.9445, 1.8374, 1.3602, 1.1626, 1.0156, 0.80046, 0.67273, 0.58692, 0.2898,
2021-06-30 18:50:45: itr(1010), training loss:  2.2287, 1.9335, 1.7756, 1.597, 1.5049, 1.4077, 1.0989, 0.92522, 0.74827, 0.36422,
2021-06-30 18:51:03: itr(1020), training loss:  1.831, 1.5741, 1.4392, 1.1935, 1.0336, 0.86516, 0.72316, 0.57367, 0.47288, 0.34032,
2021-06-30 18:51:22: itr(1030), training loss:  2.3948, 2.1787, 2.0029, 1.9161, 1.7833, 1.5845, 1.311, 0.93397, 0.68041, 0.37984,
2021-06-30 18:51:40: itr(1040), training loss:  2.0791, 1.9689, 1.7787, 1.6006, 1.4369, 1.307, 1.0786, 0.84939, 0.66439, 0.41064,
2021-06-30 18:51:58: itr(1050), training loss:  2.2286, 2.0326, 1.8176, 1.6674, 1.438, 1.2693, 1.1109, 0.92687, 0.63917, 0.35359,
2021-06-30 18:52:17: itr(1060), training loss:  1.8424, 1.5923, 1.4949, 1.3393, 1.1451, 1.0302, 0.83792, 0.6521, 0.40536, 0.33206,
2021-06-30 18:52:35: itr(1070), training loss:  2.5424, 2.3588, 2.1098, 1.7613, 1.5025, 1.2654, 1.1446, 0.89015, 0.74871, 0.39832,
2021-06-30 18:52:54: itr(1080), training loss:  2.5278, 2.3187, 2.0811, 2.0186, 1.8692, 1.6316, 1.3932, 1.1087, 0.63803, 0.43505,
2021-06-30 18:53:12: itr(1090), training loss:  2.4193, 2.2346, 1.9663, 1.6331, 1.4524, 1.2631, 1.0064, 0.81887, 0.51793, 0.38272,
2021-06-30 18:53:30: itr(1100), training loss:  2.2997, 2.0341, 1.871, 1.5811, 1.4199, 1.2968, 1.083, 0.78528, 0.50572, 0.3529,
2021-06-30 18:53:49: itr(1110), training loss:  2.4058, 2.205, 2.0555, 1.6386, 1.5296, 1.1427, 0.97047, 0.69556, 0.41547, 0.35025,
2021-06-30 18:54:07: itr(1120), training loss:  2.2046, 1.9678, 1.7904, 1.6046, 1.4624, 1.2539, 1.0755, 0.81534, 0.64075, 0.36655,
2021-06-30 18:54:24: itr(1130), training loss:  2.2185, 2.0301, 1.853, 1.686, 1.5633, 1.3675, 1.1709, 0.97092, 0.56432, 0.31587,
2021-06-30 18:54:41: itr(1140), training loss:  1.8574, 1.6977, 1.5342, 1.2348, 1.1357, 1.0001, 0.87346, 0.76949, 0.44027, 0.27773,
2021-06-30 18:54:58: itr(1150), training loss:  2.2365, 2.0126, 1.6859, 1.5817, 1.4551, 1.2491, 1.0076, 0.77373, 0.6284, 0.33359,
 40%|████      | 4/10 [34:05<51:18, 513.05s/it]2021-06-30 18:55:15: itr(1160), training loss:  1.9192, 1.6922, 1.5598, 1.4672, 1.2071, 0.96713, 0.71673, 0.58355, 0.42606, 0.32112,
2021-06-30 18:55:32: itr(1170), training loss:  2.1398, 1.9768, 1.8023, 1.6062, 1.4078, 1.219, 0.89969, 0.59106, 0.4458, 0.3469,
2021-06-30 18:55:50: itr(1180), training loss:  2.1631, 1.962, 1.7699, 1.5685, 1.3721, 1.2001, 0.94039, 0.69877, 0.58265, 0.35682,
2021-06-30 18:56:09: itr(1190), training loss:  2.4618, 2.2314, 2.0216, 1.8245, 1.7122, 1.5651, 1.3406, 1.0753, 0.77366, 0.33956,
2021-06-30 18:56:27: itr(1200), training loss:  2.4396, 2.1137, 1.9585, 1.7202, 1.4883, 1.1773, 1.0565, 0.89713, 0.60605, 0.34003,
2021-06-30 18:56:45: itr(1210), training loss:  2.3009, 1.9961, 1.824, 1.5789, 1.3971, 1.3158, 1.1432, 0.96949, 0.6507, 0.37234,
2021-06-30 18:57:02: itr(1220), training loss:  1.6948, 1.4754, 1.341, 1.1443, 1.023, 0.94281, 0.78024, 0.641, 0.51891, 0.32978,
2021-06-30 18:57:21: itr(1230), training loss:  2.2658, 2.0098, 1.7353, 1.386, 1.2822, 0.92503, 0.81072, 0.55336, 0.36039, 0.30565,
2021-06-30 18:57:38: itr(1240), training loss:  2.5455, 2.3119, 1.9568, 1.826, 1.4587, 1.2492, 1.0512, 0.7496, 0.62211, 0.3388,
2021-06-30 18:57:57: itr(1250), training loss:  2.34, 2.0661, 1.8265, 1.714, 1.4453, 1.2508, 0.94538, 0.65626, 0.45491, 0.3372,
2021-06-30 18:58:14: itr(1260), training loss:  2.3672, 2.2179, 1.9783, 1.5309, 1.3363, 1.2175, 1.0737, 0.92187, 0.63336, 0.3167,
2021-06-30 18:58:32: itr(1270), training loss:  2.3933, 2.2211, 1.9822, 1.7915, 1.6419, 1.3169, 1.1253, 0.84533, 0.762, 0.46793,
2021-06-30 18:58:50: itr(1280), training loss:  2.241, 2.0169, 1.7779, 1.6213, 1.4247, 1.2482, 1.0708, 0.72266, 0.50596, 0.34364,
2021-06-30 18:59:09: itr(1290), training loss:  2.148, 1.9285, 1.7968, 1.6823, 1.5037, 1.2317, 1.0194, 0.7851, 0.49916, 0.28688,
2021-06-30 18:59:29: itr(1300), training loss:  2.3756, 2.1187, 1.9819, 1.7024, 1.4965, 1.151, 0.97984, 0.76328, 0.57559, 0.30363,
2021-06-30 18:59:47: itr(1310), training loss:  2.0766, 1.8232, 1.602, 1.5383, 1.3085, 1.1735, 0.92129, 0.71707, 0.49489, 0.28287,
2021-06-30 19:00:08: itr(1320), training loss:  1.9441, 1.7318, 1.6751, 1.4326, 1.2973, 0.98837, 0.80223, 0.61103, 0.47957, 0.3132,
2021-06-30 19:00:25: itr(1330), training loss:  2.1948, 1.9941, 1.8067, 1.5704, 1.4217, 1.1899, 0.99474, 0.73434, 0.51782, 0.35002,
2021-06-30 19:00:42: itr(1340), training loss:  2.196, 1.9073, 1.7974, 1.5336, 1.3262, 1.1691, 0.99347, 0.75966, 0.53513, 0.35961,
2021-06-30 19:01:00: itr(1350), training loss:  1.9068, 1.7307, 1.529, 1.4195, 1.1996, 0.98591, 0.94217, 0.70485, 0.57566, 0.31049,
2021-06-30 19:01:18: itr(1360), training loss:  2.3259, 2.1855, 2.0302, 1.8582, 1.4868, 1.1551, 1.0186, 0.80075, 0.54086, 0.26354,
2021-06-30 19:01:35: itr(1370), training loss:  2.3634, 2.0789, 1.9021, 1.6571, 1.4623, 1.2517, 1.015, 0.83044, 0.45213, 0.3567,
2021-06-30 19:01:52: itr(1380), training loss:  2.8387, 2.5545, 2.2727, 2.105, 1.8027, 1.5883, 1.2853, 0.83885, 0.64062, 0.30869,
2021-06-30 19:02:10: itr(1390), training loss:  2.1206, 1.8781, 1.6322, 1.3795, 1.116, 0.99151, 0.83657, 0.64969, 0.52718, 0.26527,
2021-06-30 19:02:27: itr(1400), training loss:  2.834, 2.6574, 2.359, 2.204, 1.984, 1.794, 1.4918, 1.0327, 0.78784, 0.32391,
2021-06-30 19:02:45: itr(1410), training loss:  2.0165, 1.7529, 1.6531, 1.4625, 1.2176, 1.0673, 0.74618, 0.55122, 0.475, 0.25081,
2021-06-30 19:03:03: itr(1420), training loss:  2.5299, 2.2979, 2.0514, 1.7279, 1.4802, 1.1695, 0.7865, 0.48963, 0.39009, 0.27626,
2021-06-30 19:03:20: itr(1430), training loss:  2.5786, 2.2089, 2.0307, 1.7561, 1.3279, 1.2687, 1.0848, 0.73163, 0.46946, 0.33745,
2021-06-30 19:03:38: itr(1440), training loss:  2.4317, 2.273, 2.0104, 1.8571, 1.4891, 1.1492, 0.98367, 0.77174, 0.61888, 0.29953,
 50%|█████     | 5/10 [42:44<42:53, 514.62s/it]2021-06-30 19:03:54: itr(1450), training loss:  2.0365, 1.7448, 1.6826, 1.4508, 1.2201, 1.0145, 0.92985, 0.7867, 0.50715, 0.31634,
2021-06-30 19:04:11: itr(1460), training loss:  2.1748, 1.9191, 1.8679, 1.5944, 1.4479, 1.1203, 0.89022, 0.70495, 0.48999, 0.30422,
2021-06-30 19:04:29: itr(1470), training loss:  2.2079, 1.9105, 1.7356, 1.4572, 1.2839, 1.1465, 0.91048, 0.71528, 0.50031, 0.27152,
2021-06-30 19:04:46: itr(1480), training loss:  2.2906, 2.1415, 1.8206, 1.6163, 1.4425, 1.3239, 1.0561, 0.86529, 0.63177, 0.29031,
2021-06-30 19:05:03: itr(1490), training loss:  2.0568, 1.8421, 1.6879, 1.4896, 1.2728, 1.0889, 0.90622, 0.83206, 0.5589, 0.26601,
2021-06-30 19:05:21: itr(1500), training loss:  2.269, 2.0788, 1.8834, 1.704, 1.5438, 1.3055, 1.1148, 0.87346, 0.59977, 0.27582,
2021-06-30 19:05:39: itr(1510), training loss:  2.2632, 1.9397, 1.7729, 1.643, 1.3287, 1.16, 0.83401, 0.67646, 0.54563, 0.26044,
2021-06-30 19:05:56: itr(1520), training loss:  2.0699, 1.876, 1.7191, 1.64, 1.4603, 1.2948, 0.93849, 0.76098, 0.53547, 0.26458,
2021-06-30 19:06:18: itr(1530), training loss:  2.0621, 1.8448, 1.6164, 1.4064, 1.2704, 1.1088, 0.8756, 0.74939, 0.58779, 0.26619,
2021-06-30 19:06:36: itr(1540), training loss:  2.0967, 1.849, 1.7568, 1.5936, 1.3199, 1.0466, 0.90945, 0.75733, 0.3662, 0.27996,
2021-06-30 19:06:54: itr(1550), training loss:  2.1131, 1.9744, 1.7668, 1.5895, 1.2897, 1.1165, 0.93646, 0.64256, 0.43945, 0.24302,
2021-06-30 19:07:12: itr(1560), training loss:  1.9587, 1.7388, 1.6184, 1.3987, 1.1451, 1.0147, 0.7795, 0.57259, 0.3178, 0.21565,
2021-06-30 19:07:30: itr(1570), training loss:  2.5191, 2.1795, 1.9193, 1.6539, 1.5096, 1.2956, 0.82811, 0.5794, 0.36474, 0.21854,
2021-06-30 19:07:48: itr(1580), training loss:  2.3371, 1.9614, 1.7802, 1.5359, 1.3535, 1.2374, 0.92884, 0.70494, 0.46897, 0.21382,
2021-06-30 19:08:07: itr(1590), training loss:  2.5057, 2.1919, 1.9828, 1.9129, 1.6677, 1.3259, 1.0746, 0.73661, 0.44945, 0.27102,
2021-06-30 19:08:24: itr(1600), training loss:  2.1505, 1.9966, 1.9455, 1.7947, 1.4595, 1.3201, 1.1448, 0.76779, 0.39245, 0.25085,
2021-06-30 19:08:42: itr(1610), training loss:  2.1989, 1.9947, 1.7776, 1.5393, 1.3503, 1.044, 0.93233, 0.78325, 0.57214, 0.2566,
2021-06-30 19:09:00: itr(1620), training loss:  2.3431, 2.1244, 1.8568, 1.6984, 1.5319, 1.3268, 1.0842, 0.87221, 0.57649, 0.32169,
2021-06-30 19:09:18: itr(1630), training loss:  2.244, 2.0504, 1.787, 1.4971, 1.2289, 1.1047, 0.93829, 0.61358, 0.40845, 0.24009,
2021-06-30 19:09:36: itr(1640), training loss:  1.7994, 1.6462, 1.3945, 1.2126, 0.91353, 0.83921, 0.72716, 0.58544, 0.4001, 0.19906,
2021-06-30 19:09:53: itr(1650), training loss:  2.3754, 2.1698, 1.8526, 1.5033, 1.3205, 1.2118, 1.0023, 0.7657, 0.63034, 0.2393,
2021-06-30 19:10:11: itr(1660), training loss:  2.484, 2.1428, 1.8467, 1.6766, 1.5479, 1.2124, 1.1394, 0.90268, 0.54675, 0.25298,
2021-06-30 19:10:29: itr(1670), training loss:  2.8017, 2.6413, 2.5846, 2.3749, 2.2009, 1.9171, 1.4835, 1.0861, 0.71411, 0.26536,
2021-06-30 19:10:46: itr(1680), training loss:  2.1717, 2.0177, 1.7711, 1.5136, 1.3631, 1.058, 0.65021, 0.52871, 0.3814, 0.2186,
2021-06-30 19:11:04: itr(1690), training loss:  2.0172, 1.917, 1.6366, 1.3707, 1.1532, 0.99394, 0.74422, 0.55976, 0.38584, 0.27172,
2021-06-30 19:11:22: itr(1700), training loss:  2.0873, 1.9902, 1.9223, 1.7465, 1.6249, 1.415, 1.0692, 0.73198, 0.44293, 0.27278,
2021-06-30 19:11:39: itr(1710), training loss:  2.1901, 1.9251, 1.736, 1.6118, 1.4432, 1.143, 0.97089, 0.84195, 0.5026, 0.28428,
2021-06-30 19:11:57: itr(1720), training loss:  1.9252, 1.7631, 1.6901, 1.5421, 1.2063, 1.0632, 0.89758, 0.64024, 0.43934, 0.25208,
2021-06-30 19:12:14: itr(1730), training loss:  1.9953, 1.8895, 1.6637, 1.2533, 1.1448, 0.98757, 0.70681, 0.61344, 0.42912, 0.26554,
 60%|██████    | 6/10 [51:19<34:18, 514.69s/it]2021-06-30 19:12:31: itr(1740), training loss:  1.9956, 1.8174, 1.6549, 1.5571, 1.3473, 1.1476, 0.80419, 0.54241, 0.35196, 0.20828,
2021-06-30 19:12:51: itr(1750), training loss:  1.9613, 1.897, 1.5973, 1.479, 1.2251, 0.90979, 0.69801, 0.52618, 0.40015, 0.25804,
2021-06-30 19:13:08: itr(1760), training loss:  1.9708, 1.8301, 1.7744, 1.7171, 1.5703, 1.4067, 1.1862, 1.0038, 0.57567, 0.21469,
2021-06-30 19:13:25: itr(1770), training loss:  2.186, 2.033, 1.7549, 1.5115, 1.3356, 1.2112, 0.84412, 0.60432, 0.40402, 0.23383,
2021-06-30 19:13:42: itr(1780), training loss:  2.0765, 1.9286, 1.8645, 1.7193, 1.4174, 1.2524, 1.1728, 1.0608, 0.65477, 0.2733,
2021-06-30 19:13:59: itr(1790), training loss:  2.0807, 1.9246, 1.6839, 1.4857, 1.3582, 1.1897, 0.98456, 0.64959, 0.36225, 0.22246,
2021-06-30 19:14:17: itr(1800), training loss:  2.4964, 2.3022, 2.0503, 1.7406, 1.5397, 1.2842, 0.9919, 0.79489, 0.55881, 0.26455,
2021-06-30 19:14:34: itr(1810), training loss:  2.3846, 2.2054, 1.9443, 1.7645, 1.3891, 1.1474, 1.0395, 0.55526, 0.34978, 0.21223,
2021-06-30 19:14:52: itr(1820), training loss:  2.2323, 2.0118, 1.8184, 1.6278, 1.3285, 1.0942, 0.7986, 0.56042, 0.458, 0.2141,
2021-06-30 19:15:10: itr(1830), training loss:  2.3682, 2.0474, 1.723, 1.4926, 1.3621, 1.0814, 0.94068, 0.64469, 0.52598, 0.28405,
2021-06-30 19:15:28: itr(1840), training loss:  2.1063, 1.9847, 1.728, 1.5865, 1.3494, 1.0823, 0.94715, 0.71424, 0.42416, 0.23573,
2021-06-30 19:15:45: itr(1850), training loss:  2.3059, 2.227, 1.9916, 1.6543, 1.5143, 1.263, 0.93575, 0.68555, 0.43836, 0.24392,
2021-06-30 19:16:04: itr(1860), training loss:  2.422, 2.2381, 2.0158, 1.781, 1.5263, 1.3113, 1.129, 0.76862, 0.47053, 0.24068,
2021-06-30 19:16:22: itr(1870), training loss:  1.7166, 1.5936, 1.5345, 1.4369, 1.2128, 1.0202, 0.8269, 0.69116, 0.46638, 0.21855,
2021-06-30 19:16:40: itr(1880), training loss:  2.0503, 1.9736, 1.8249, 1.5557, 1.4314, 1.1994, 0.96052, 0.75902, 0.62256, 0.3691,
2021-06-30 19:16:57: itr(1890), training loss:  2.0727, 1.9997, 1.8512, 1.5714, 1.3896, 1.1789, 1.0449, 0.91079, 0.55319, 0.28532,
2021-06-30 19:17:15: itr(1900), training loss:  2.0023, 1.8406, 1.6674, 1.5331, 1.3062, 1.063, 0.91985, 0.66549, 0.52239, 0.20446,
2021-06-30 19:17:32: itr(1910), training loss:  2.1857, 1.9849, 1.6441, 1.512, 1.3686, 1.0981, 0.70262, 0.58307, 0.44097, 0.30407,
2021-06-30 19:17:49: itr(1920), training loss:  1.9696, 1.767, 1.5968, 1.3991, 1.2587, 0.94937, 0.82379, 0.60837, 0.38147, 0.28624,
2021-06-30 19:18:07: itr(1930), training loss:  2.4507, 2.2217, 2.0524, 1.7325, 1.4627, 1.309, 1.0269, 0.74125, 0.54192, 0.21511,
2021-06-30 19:18:24: itr(1940), training loss:  1.8445, 1.6629, 1.5813, 1.4191, 1.2877, 1.1849, 0.77503, 0.56787, 0.42532, 0.23523,
2021-06-30 19:18:41: itr(1950), training loss:  2.6353, 2.432, 2.1325, 1.6896, 1.5068, 1.254, 0.82386, 0.75137, 0.49798, 0.28993,
2021-06-30 19:19:00: itr(1960), training loss:  2.578, 2.2508, 1.9119, 1.6246, 1.2517, 0.98742, 0.75653, 0.66046, 0.51495, 0.28042,
2021-06-30 19:19:18: itr(1970), training loss:  1.9876, 1.8926, 1.6176, 1.4694, 1.2957, 1.056, 0.83996, 0.57637, 0.33225, 0.23119,
2021-06-30 19:19:35: itr(1980), training loss:  2.1239, 1.8491, 1.6561, 1.4015, 1.2022, 1.0358, 0.69336, 0.50997, 0.40148, 0.3202,
2021-06-30 19:19:53: itr(1990), training loss:  1.9756, 1.786, 1.6604, 1.4771, 1.311, 1.2394, 0.92645, 0.71894, 0.50645, 0.2618,
2021-06-30 19:20:09: itr(2000), training loss:  2.1049, 1.9497, 1.7363, 1.4773, 1.2509, 1.0936, 0.87808, 0.62379, 0.38879, 0.20615,
2021-06-30 19:20:26: itr(2010), training loss:  2.5128, 2.2319, 1.887, 1.5827, 1.3743, 1.1694, 0.97626, 0.79397, 0.57015, 0.26367,
2021-06-30 19:20:43: itr(2020), training loss:  2.3648, 2.0478, 1.7906, 1.632, 1.4422, 1.2943, 0.89514, 0.74084, 0.53457, 0.25785,
 70%|███████   | 7/10 [59:46<25:37, 512.38s/it]2021-06-30 19:21:00: itr(2030), training loss:  2.5536, 2.3133, 1.9214, 1.6366, 1.3876, 1.1007, 0.94354, 0.66033, 0.46174, 0.23043,
2021-06-30 19:21:16: itr(2040), training loss:  2.4203, 2.2814, 1.9348, 1.7607, 1.5104, 1.2536, 0.82456, 0.64751, 0.44223, 0.27881,
2021-06-30 19:21:34: itr(2050), training loss:  2.0268, 1.9369, 1.6624, 1.5289, 1.3715, 1.1365, 0.93055, 0.7148, 0.48103, 0.23714,
2021-06-30 19:21:51: itr(2060), training loss:  2.3383, 2.1974, 1.9233, 1.5423, 1.3141, 1.1789, 0.82853, 0.64676, 0.5552, 0.24965,
2021-06-30 19:22:08: itr(2070), training loss:  2.1742, 1.9728, 1.9101, 1.6775, 1.3725, 1.1793, 0.92961, 0.83139, 0.45218, 0.25711,
2021-06-30 19:22:25: itr(2080), training loss:  2.6084, 2.3918, 2.1731, 1.8512, 1.6478, 1.3835, 1.2149, 0.96783, 0.64945, 0.33994,
2021-06-30 19:22:43: itr(2090), training loss:  2.1289, 1.9309, 1.7494, 1.6105, 1.3533, 1.1997, 0.96673, 0.77655, 0.57882, 0.26306,
2021-06-30 19:23:00: itr(2100), training loss:  2.2742, 2.0027, 1.8868, 1.8043, 1.5779, 1.312, 1.117, 0.87739, 0.61538, 0.26125,
2021-06-30 19:23:18: itr(2110), training loss:  2.2438, 1.9544, 1.6523, 1.5629, 1.4686, 1.2578, 1.1039, 0.69605, 0.4773, 0.23154,
2021-06-30 19:23:35: itr(2120), training loss:  2.4902, 2.1771, 2.0425, 1.7623, 1.5159, 1.2168, 0.98955, 0.68999, 0.54232, 0.29057,
2021-06-30 19:23:52: itr(2130), training loss:  2.1436, 2.0109, 1.8594, 1.6245, 1.4107, 1.3063, 1.0183, 0.82796, 0.62579, 0.19586,
2021-06-30 19:24:10: itr(2140), training loss:  1.8033, 1.4451, 1.3699, 1.2571, 1.0215, 0.76015, 0.67558, 0.57895, 0.35463, 0.24888,
2021-06-30 19:24:28: itr(2150), training loss:  2.3366, 2.0742, 1.83, 1.7495, 1.437, 1.2191, 1.0107, 0.64915, 0.42827, 0.25305,
2021-06-30 19:24:45: itr(2160), training loss:  1.9495, 1.7987, 1.7467, 1.4291, 1.1693, 1.0394, 0.87094, 0.82009, 0.40107, 0.23009,
2021-06-30 19:25:04: itr(2170), training loss:  1.8803, 1.7189, 1.5738, 1.4334, 1.2275, 1.074, 0.78234, 0.67521, 0.44719, 0.20015,
2021-06-30 19:25:22: itr(2180), training loss:  2.3982, 2.136, 1.946, 1.7316, 1.5396, 1.2898, 0.88182, 0.63489, 0.42031, 0.2459,
2021-06-30 19:25:39: itr(2190), training loss:  2.6687, 2.5073, 2.3933, 2.0266, 1.7387, 1.405, 1.1087, 0.79971, 0.48783, 0.24581,
2021-06-30 19:25:56: itr(2200), training loss:  2.3048, 2.1094, 1.8414, 1.5401, 1.3049, 1.0493, 0.80848, 0.68883, 0.46027, 0.22939,
2021-06-30 19:26:14: itr(2210), training loss:  2.03, 1.8824, 1.5839, 1.2605, 1.0253, 0.78372, 0.63137, 0.4764, 0.34442, 0.22277,
2021-06-30 19:26:31: itr(2220), training loss:  2.5536, 2.2332, 2.1033, 1.7512, 1.6591, 1.4098, 1.0747, 0.79343, 0.55685, 0.22441,
2021-06-30 19:26:48: itr(2230), training loss:  2.3167, 2.2151, 1.8561, 1.6479, 1.3244, 1.0355, 0.79378, 0.49568, 0.40372, 0.21649,
2021-06-30 19:27:04: itr(2240), training loss:  2.1082, 1.9655, 1.7371, 1.6494, 1.4758, 1.1348, 0.90371, 0.65152, 0.44966, 0.21209,
2021-06-30 19:27:21: itr(2250), training loss:  2.2862, 2.0597, 1.7046, 1.4962, 1.3004, 1.0072, 0.83105, 0.69966, 0.49472, 0.25651,
2021-06-30 19:27:38: itr(2260), training loss:  2.1095, 1.9759, 1.6345, 1.3069, 1.1397, 0.84223, 0.5672, 0.49683, 0.41352, 0.23519,
2021-06-30 19:27:54: itr(2270), training loss:  2.0679, 1.7979, 1.5387, 1.3001, 1.2707, 0.98173, 0.83639, 0.58717, 0.3696, 0.24696,
2021-06-30 19:28:11: itr(2280), training loss:  2.158, 1.9954, 1.8881, 1.7551, 1.4865, 1.2357, 1.0096, 0.69078, 0.55742, 0.2552,
2021-06-30 19:28:28: itr(2290), training loss:  2.0313, 1.8345, 1.6087, 1.3627, 1.1405, 0.89747, 0.66846, 0.46235, 0.28148, 0.20682,
2021-06-30 19:28:44: itr(2300), training loss:  2.3604, 2.0449, 1.7038, 1.5494, 1.4024, 1.3111, 1.0776, 0.77855, 0.52682, 0.2544,
2021-06-30 19:29:01: itr(2310), training loss:  1.9799, 1.824, 1.5912, 1.4766, 1.1446, 0.94801, 0.74108, 0.5268, 0.42595, 0.21002,
 80%|████████  | 8/10 [1:08:01<16:54, 507.37s/it]2021-06-30 19:29:17: itr(2320), training loss:  2.3814, 2.3, 1.93, 1.7304, 1.5527, 1.2165, 0.94181, 0.75139, 0.49766, 0.22472,
2021-06-30 19:29:33: itr(2330), training loss:  1.7981, 1.6832, 1.529, 1.4024, 1.3031, 1.1921, 0.95096, 0.81251, 0.41984, 0.23113,
2021-06-30 19:29:51: itr(2340), training loss:  2.311, 2.0501, 1.8444, 1.7084, 1.3249, 1.058, 0.90927, 0.68393, 0.47251, 0.2315,
2021-06-30 19:30:07: itr(2350), training loss:  2.2261, 2.0537, 1.8165, 1.6246, 1.4839, 1.1477, 0.96877, 0.6731, 0.3378, 0.21774,
2021-06-30 19:30:24: itr(2360), training loss:  2.1157, 1.8093, 1.5461, 1.3687, 1.2325, 1.04, 0.91817, 0.78232, 0.55307, 0.30702,
2021-06-30 19:30:41: itr(2370), training loss:  2.142, 1.9054, 1.665, 1.4912, 1.2807, 1.1442, 0.88766, 0.70678, 0.46516, 0.22416,
2021-06-30 19:31:00: itr(2380), training loss:  2.0805, 1.8911, 1.6669, 1.3909, 1.2238, 1.0898, 0.95468, 0.67956, 0.38683, 0.26905,
2021-06-30 19:31:17: itr(2390), training loss:  2.0539, 1.9083, 1.6073, 1.4643, 1.1738, 0.98869, 0.87227, 0.64892, 0.43272, 0.24164,
2021-06-30 19:31:34: itr(2400), training loss:  2.4045, 2.0717, 1.842, 1.6296, 1.4334, 1.2187, 0.91419, 0.7249, 0.45347, 0.26493,
2021-06-30 19:31:51: itr(2410), training loss:  1.9843, 1.7315, 1.4836, 1.279, 1.1628, 1.0015, 0.81955, 0.50712, 0.38603, 0.19541,
2021-06-30 19:32:08: itr(2420), training loss:  2.0843, 1.8886, 1.6044, 1.4333, 1.2237, 1.0034, 0.8036, 0.68572, 0.42213, 0.21968,
2021-06-30 19:32:25: itr(2430), training loss:  2.1781, 2.0248, 1.5944, 1.336, 1.2967, 1.1071, 0.84886, 0.60512, 0.4826, 0.24284,
2021-06-30 19:32:42: itr(2440), training loss:  2.0102, 1.8801, 1.6577, 1.4569, 1.2524, 1.014, 0.86754, 0.61193, 0.47139, 0.22994,
2021-06-30 19:32:59: itr(2450), training loss:  2.1123, 1.8922, 1.7815, 1.5214, 1.3554, 1.0995, 0.96844, 0.69128, 0.47904, 0.30954,
2021-06-30 19:33:16: itr(2460), training loss:  1.9325, 1.7346, 1.5303, 1.3584, 1.2279, 1.088, 0.92448, 0.7928, 0.44518, 0.20145,
2021-06-30 19:33:32: itr(2470), training loss:  2.3377, 2.1433, 1.9295, 1.7126, 1.2918, 1.0173, 0.84109, 0.67353, 0.45654, 0.23216,
2021-06-30 19:33:49: itr(2480), training loss:  1.8365, 1.6083, 1.4025, 1.2425, 1.1272, 0.96949, 0.82195, 0.71236, 0.42479, 0.20232,
2021-06-30 19:34:06: itr(2490), training loss:  1.8266, 1.7292, 1.5692, 1.4088, 1.2061, 1.1095, 0.96054, 0.80449, 0.59063, 0.25918,
2021-06-30 19:34:23: itr(2500), training loss:  2.3068, 2.1003, 1.764, 1.5101, 1.3277, 1.1892, 0.88786, 0.6464, 0.50489, 0.30224,
2021-06-30 19:34:40: itr(2510), training loss:  2.2936, 2.0122, 1.8401, 1.7112, 1.4805, 1.4112, 1.2069, 0.92419, 0.53044, 0.25212,
2021-06-30 19:34:57: itr(2520), training loss:  2.537, 2.2956, 1.9457, 1.7597, 1.43, 1.2097, 1.049, 0.69704, 0.60605, 0.22134,
2021-06-30 19:35:14: itr(2530), training loss:  2.4202, 2.0177, 1.9083, 1.7385, 1.5084, 1.3062, 1.0428, 0.82139, 0.54731, 0.25657,
2021-06-30 19:35:31: itr(2540), training loss:  1.8751, 1.6329, 1.463, 1.2361, 1.051, 0.86024, 0.76984, 0.65217, 0.43927, 0.18764,
2021-06-30 19:35:48: itr(2550), training loss:  2.1194, 2.0118, 1.997, 1.8016, 1.6022, 1.4348, 1.0872, 0.78048, 0.46972, 0.25044,
2021-06-30 19:36:04: itr(2560), training loss:  2.5956, 2.2863, 1.9626, 1.6726, 1.5403, 1.3534, 1.1723, 1.0641, 0.63725, 0.30948,
2021-06-30 19:36:21: itr(2570), training loss:  2.0745, 1.8336, 1.7116, 1.5612, 1.3529, 1.1573, 1.0994, 0.69369, 0.42181, 0.22432,
2021-06-30 19:36:38: itr(2580), training loss:  2.3775, 2.0523, 1.8874, 1.6801, 1.3694, 1.1597, 0.98605, 0.75988, 0.4894, 0.23959,
2021-06-30 19:36:56: itr(2590), training loss:  2.0503, 1.7937, 1.6856, 1.4645, 1.246, 0.97444, 0.74251, 0.55366, 0.27189, 0.17935,
2021-06-30 19:37:11: itr(2600), training loss:  2.0297, 1.8135, 1.6244, 1.3461, 1.1307, 0.87569, 0.56363, 0.43486, 0.3589, 0.25192,
 90%|█████████ | 9/10 [1:16:11<08:22, 502.09s/it]2021-06-30 19:37:28: itr(2610), training loss:  2.2099, 1.9442, 1.7982, 1.6197, 1.4483, 1.3385, 0.95981, 0.71445, 0.43856, 0.22102,
2021-06-30 19:37:46: itr(2620), training loss:  2.0237, 1.8203, 1.6753, 1.4836, 1.2308, 0.95258, 0.7754, 0.65886, 0.41089, 0.20469,
2021-06-30 19:38:02: itr(2630), training loss:  1.9271, 1.7094, 1.4571, 1.2106, 1.1654, 0.99907, 0.77228, 0.64027, 0.48493, 0.25019,
2021-06-30 19:38:19: itr(2640), training loss:  2.3187, 2.1942, 2.0139, 1.7498, 1.5056, 1.2567, 0.96164, 0.71993, 0.50884, 0.21402,
2021-06-30 19:38:35: itr(2650), training loss:  2.0934, 1.7991, 1.6461, 1.3894, 1.2855, 1.1906, 0.96881, 0.70379, 0.39715, 0.21009,
2021-06-30 19:38:52: itr(2660), training loss:  2.1707, 1.9369, 1.7712, 1.5585, 1.2465, 0.93428, 0.79391, 0.67553, 0.50823, 0.25307,
2021-06-30 19:39:09: itr(2670), training loss:  2.0928, 1.8365, 1.7369, 1.5602, 1.346, 1.031, 0.8261, 0.64362, 0.43533, 0.22829,
2021-06-30 19:39:26: itr(2680), training loss:  2.1159, 1.8249, 1.6329, 1.4673, 1.257, 0.97807, 0.90055, 0.70942, 0.49712, 0.20842,
2021-06-30 19:39:44: itr(2690), training loss:  2.4021, 2.0901, 1.9413, 1.7102, 1.6694, 1.2721, 1.0638, 0.80424, 0.64063, 0.27399,
2021-06-30 19:40:01: itr(2700), training loss:  2.2393, 2.0277, 1.757, 1.599, 1.2269, 0.96048, 0.74541, 0.54831, 0.43432, 0.251,
2021-06-30 19:40:18: itr(2710), training loss:  2.3017, 2.0703, 1.8243, 1.7542, 1.4851, 1.1607, 1.0524, 0.9222, 0.64494, 0.23479,
2021-06-30 19:40:34: itr(2720), training loss:  1.9361, 1.8065, 1.5651, 1.4881, 1.3629, 1.0388, 0.86393, 0.68232, 0.46534, 0.23483,
2021-06-30 19:40:52: itr(2730), training loss:  2.544, 2.2016, 1.9516, 1.5904, 1.4262, 1.2264, 1.0221, 0.77097, 0.48828, 0.26886,
2021-06-30 19:41:09: itr(2740), training loss:  2.1389, 1.8155, 1.5967, 1.4161, 1.3162, 1.1101, 0.85256, 0.69448, 0.48521, 0.22642,
2021-06-30 19:41:27: itr(2750), training loss:  2.1415, 2.0123, 1.6838, 1.588, 1.2913, 1.0998, 0.80313, 0.6812, 0.55736, 0.28315,
2021-06-30 19:41:44: itr(2760), training loss:  2.3057, 1.9931, 1.7014, 1.4275, 1.314, 1.1344, 1.0238, 0.82245, 0.34361, 0.19082,
2021-06-30 19:42:01: itr(2770), training loss:  2.0277, 1.9243, 1.7313, 1.7052, 1.5595, 1.3688, 1.0428, 0.85747, 0.53649, 0.23345,
2021-06-30 19:42:18: itr(2780), training loss:  2.2505, 2.0038, 1.8603, 1.5126, 1.2091, 1.0233, 0.73868, 0.6317, 0.28868, 0.24007,
2021-06-30 19:42:35: itr(2790), training loss:  2.3147, 2.0602, 1.7494, 1.6009, 1.4016, 1.2003, 0.85959, 0.72939, 0.40835, 0.25535,
2021-06-30 19:42:54: itr(2800), training loss:  2.5328, 2.2134, 2.0614, 1.7237, 1.5032, 1.0817, 0.87431, 0.68256, 0.44436, 0.32416,
2021-06-30 19:43:12: itr(2810), training loss:  2.0072, 1.7995, 1.7282, 1.4755, 1.2782, 1.0536, 0.88574, 0.61325, 0.407, 0.19133,
2021-06-30 19:43:29: itr(2820), training loss:  2.0442, 1.7878, 1.6812, 1.4867, 1.2561, 0.99004, 0.75012, 0.55279, 0.48345, 0.22593,
2021-06-30 19:43:46: itr(2830), training loss:  2.1739, 1.8414, 1.5117, 1.2676, 1.2084, 0.97026, 0.78965, 0.71279, 0.46955, 0.20665,
2021-06-30 19:44:03: itr(2840), training loss:  1.8479, 1.5758, 1.4245, 1.2954, 1.1718, 0.97353, 0.78848, 0.62065, 0.44254, 0.22721,
2021-06-30 19:44:19: itr(2850), training loss:  2.2493, 2.0287, 1.8398, 1.705, 1.5316, 1.3254, 1.0777, 0.81869, 0.39078, 0.26625,
2021-06-30 19:44:36: itr(2860), training loss:  2.5467, 2.1748, 1.938, 1.6682, 1.3959, 0.95448, 0.70007, 0.55592, 0.46542, 0.23035,
2021-06-30 19:44:53: itr(2870), training loss:  1.9371, 1.7518, 1.4985, 1.2931, 1.0349, 0.9151, 0.7133, 0.63416, 0.44736, 0.26518,
2021-06-30 19:45:09: itr(2880), training loss:  1.9023, 1.619, 1.4503, 1.3426, 1.1884, 0.96983, 0.71416, 0.61955, 0.33101, 0.23835,
100%|██████████| 10/10 [1:24:23<00:00, 499.12s/it]100%|██████████| 10/10 [1:24:23<00:00, 506.37s/it]
model:../model/dqn/best-reward-comb-10 saved success!!!!
2021-06-30 19:45:24,682 - /data2/project/RL/utils/yjp_decorator.py[line:53] - INFO: [104.0230504711 m] train 
2021-06-30 19:49:26,861 - /data2/project/RL/utils/yjp_decorator.py[line:53] - INFO: [4.0360913912 m] validation 
(2.083930368736877, 0.2214969617014472, 2.083930368736877)
2021-06-30 19:53:53,449 - /data2/project/RL/utils/yjp_decorator.py[line:53] - INFO: [4.4430505792 m] validation_train 
(1.0426238612336562, 0.2211601885476293, 1.0426238612336562)
2021-06-30 19:53:56,041 - /data2/project/RL/utils/yjp_decorator.py[line:53] - INFO: [112.9502356927 m] main 
finished!!!!!!,time cost:112.95025406281154 m
